<?xml version="1.0" encoding="UTF-8"?>
<!-- Generated by org.testng.reporters.JUnitReportReporter -->
<testsuite hostname="DESKTOP-5PGD9M5" failures="0" tests="55" name="BAE_ROAD_TESTCASES.AccountsPage_BaeRoad" time="313.425" errors="1" timestamp="2020-08-05T16:46:20 IST" skipped="48">
  <testcase classname="BAE_ROAD_TESTCASES.AccountsPage_BaeRoad" name="SuccefulLogin" time="30.462"/>
  <system-out/>
  <testcase classname="BAE_ROAD_TESTCASES.AccountsPage_BaeRoad" name="AccountsPagepaymentOptionAddValidCardTest" time="57.226"/>
  <system-out/>
  <testcase classname="BAE_ROAD_TESTCASES.AccountsPage_BaeRoad" name="AccountsPagepaymentOptionAddInvalidCardTest" time="28.330">
    <error message="no such frame
  (Session info: chrome=84.0.4147.105)
Build info: version: &#039;3.141.59&#039;, revision: &#039;e82be7d358&#039;, time: &#039;2018-11-14T08:25:48&#039;
System info: host: &#039;DESKTOP-5PGD9M5&#039;, ip: &#039;192.168.43.181&#039;, os.name: &#039;Windows 10&#039;, os.arch: &#039;amd64&#039;, os.version: &#039;10.0&#039;, java.version: &#039;11.0.2&#039;
Driver info: org.openqa.selenium.chrome.ChromeDriver
Capabilities {acceptInsecureCerts: false, browserName: chrome, browserVersion: 84.0.4147.105, chrome: {chromedriverVersion: 83.0.4103.14 (be04594a2b841..., userDataDir: C:\Users\MENINB~1\AppData\L...}, goog:chromeOptions: {debuggerAddress: localhost:49233}, javascriptEnabled: true, networkConnectionEnabled: false, pageLoadStrategy: normal, platform: WINDOWS, platformName: WINDOWS, proxy: Proxy(), setWindowRect: true, strictFileInteractability: false, timeouts: {implicit: 0, pageLoad: 300000, script: 30000}, unhandledPromptBehavior: dismiss and notify, webauthn:virtualAuthenticators: true}
Session ID: 449921f5063d9ba824ed1ed06f795312" type="org.openqa.selenium.NoSuchFrameException">
      <![CDATA[org.openqa.selenium.NoSuchFrameException: no such frame
  (Session info: chrome=84.0.4147.105)
Build info: version: '3.141.59', revision: 'e82be7d358', time: '2018-11-14T08:25:48'
System info: host: 'DESKTOP-5PGD9M5', ip: '192.168.43.181', os.name: 'Windows 10', os.arch: 'amd64', os.version: '10.0', java.version: '11.0.2'
Driver info: org.openqa.selenium.chrome.ChromeDriver
Capabilities {acceptInsecureCerts: false, browserName: chrome, browserVersion: 84.0.4147.105, chrome: {chromedriverVersion: 83.0.4103.14 (be04594a2b841..., userDataDir: C:\Users\MENINB~1\AppData\L...}, goog:chromeOptions: {debuggerAddress: localhost:49233}, javascriptEnabled: true, networkConnectionEnabled: false, pageLoadStrategy: normal, platform: WINDOWS, platformName: WINDOWS, proxy: Proxy(), setWindowRect: true, strictFileInteractability: false, timeouts: {implicit: 0, pageLoad: 300000, script: 30000}, unhandledPromptBehavior: dismiss and notify, webauthn:virtualAuthenticators: true}
Session ID: 449921f5063d9ba824ed1ed06f795312
at java.base/jdk.internal.reflect.NativeConstructorAccessorImpl.newInstance0(Native Method)
at java.base/jdk.internal.reflect.NativeConstructorAccessorImpl.newInstance(NativeConstructorAccessorImpl.java:62)
at java.base/jdk.internal.reflect.DelegatingConstructorAccessorImpl.newInstance(DelegatingConstructorAccessorImpl.java:45)
at java.base/java.lang.reflect.Constructor.newInstance(Constructor.java:490)
at org.openqa.selenium.remote.http.W3CHttpResponseCodec.createException(W3CHttpResponseCodec.java:187)
at org.openqa.selenium.remote.http.W3CHttpResponseCodec.decode(W3CHttpResponseCodec.java:122)
at org.openqa.selenium.remote.http.W3CHttpResponseCodec.decode(W3CHttpResponseCodec.java:49)
at org.openqa.selenium.remote.HttpCommandExecutor.execute(HttpCommandExecutor.java:158)
at org.openqa.selenium.remote.service.DriverCommandExecutor.execute(DriverCommandExecutor.java:83)
at org.openqa.selenium.remote.RemoteWebDriver.execute(RemoteWebDriver.java:552)
at org.openqa.selenium.remote.RemoteWebDriver$RemoteTargetLocator.frame(RemoteWebDriver.java:872)
at BAE_ROAD_TESTCASES.AccountsPage_BaeRoad.AccountsPagepaymentOptionAddInvalidCardTest(AccountsPage_BaeRoad.java:1083)
at java.base/jdk.internal.reflect.NativeMethodAccessorImpl.invoke0(Native Method)
at java.base/jdk.internal.reflect.NativeMethodAccessorImpl.invoke(NativeMethodAccessorImpl.java:62)
at java.base/jdk.internal.reflect.DelegatingMethodAccessorImpl.invoke(DelegatingMethodAccessorImpl.java:43)
at java.base/java.lang.reflect.Method.invoke(Method.java:566)
at org.testng.internal.MethodInvocationHelper.invokeMethod(MethodInvocationHelper.java:134)
at org.testng.internal.TestInvoker.invokeMethod(TestInvoker.java:597)
at org.testng.internal.TestInvoker.invokeTestMethod(TestInvoker.java:173)
at org.testng.internal.MethodRunner.runInSequence(MethodRunner.java:46)
at org.testng.internal.TestInvoker$MethodInvocationAgent.invoke(TestInvoker.java:816)
at org.testng.internal.TestInvoker.invokeTestMethods(TestInvoker.java:146)
at org.testng.internal.TestMethodWorker.invokeTestMethods(TestMethodWorker.java:146)
at org.testng.internal.TestMethodWorker.run(TestMethodWorker.java:128)
at java.base/java.util.ArrayList.forEach(ArrayList.java:1540)
at org.testng.TestRunner.privateRun(TestRunner.java:766)
at org.testng.TestRunner.run(TestRunner.java:587)
at org.testng.SuiteRunner.runTest(SuiteRunner.java:384)
at org.testng.SuiteRunner.runSequentially(SuiteRunner.java:378)
at org.testng.SuiteRunner.privateRun(SuiteRunner.java:337)
at org.testng.SuiteRunner.run(SuiteRunner.java:286)
at org.testng.SuiteRunnerWorker.runSuite(SuiteRunnerWorker.java:53)
at org.testng.SuiteRunnerWorker.run(SuiteRunnerWorker.java:96)
at org.testng.TestNG.runSuitesSequentially(TestNG.java:1187)
at org.testng.TestNG.runSuitesLocally(TestNG.java:1109)
at org.testng.TestNG.runSuites(TestNG.java:1039)
at org.testng.TestNG.run(TestNG.java:1007)
at org.testng.remote.AbstractRemoteTestNG.run(AbstractRemoteTestNG.java:115)
at org.testng.remote.RemoteTestNG.initAndRun(RemoteTestNG.java:251)
at org.testng.remote.RemoteTestNG.main(RemoteTestNG.java:77)
]]>
    </error>
  </testcase> <!-- AccountsPagepaymentOptionAddInvalidCardTest -->
  <system-out/>
  <testcase classname="BAE_ROAD_TESTCASES.AccountsPage_BaeRoad" name="AccountsPagepaymentOptionAddInvalidCardValidCvvExpDateZipTest" time="59.554"/>
  <system-out/>
  <testcase classname="BAE_ROAD_TESTCASES.AccountsPage_BaeRoad" name="AccountsPagepaymentOptionAddValidCardinValidCvvValidExpDateTest" time="51.906"/>
  <system-out/>
  <testcase classname="BAE_ROAD_TESTCASES.AccountsPage_BaeRoad" name="AccountsPagepaymentOptionAddValidCardInvaliExpValidCvvZipTest" time="56.393"/>
  <system-out/>
  <testcase classname="BAE_ROAD_TESTCASES.AccountsPage_BaeRoad" name="AccountsPagepaymentOptionAddedCardDeletionTest" time="29.554"/>
  <system-out/>
  <testcase classname="BAE_ROAD_TESTCASES.AccountsPage_BaeRoad" name="AccountsPageProfileOptionPrivacyPrivateOptionTest">
    <skipped/>
  </testcase> <!-- AccountsPageProfileOptionPrivacyPrivateOptionTest -->
  <system-out/>
  <testcase classname="BAE_ROAD_TESTCASES.AccountsPage_BaeRoad" name="AccountsPageChangePasswordOptionValidTest">
    <skipped/>
  </testcase> <!-- AccountsPageChangePasswordOptionValidTest -->
  <system-out/>
  <testcase classname="BAE_ROAD_TESTCASES.AccountsPage_BaeRoad" name="AccountsPageChangePasswordOptionValidOldBlankNewValidConfirmPssTest">
    <skipped/>
  </testcase> <!-- AccountsPageChangePasswordOptionValidOldBlankNewValidConfirmPssTest -->
  <system-out/>
  <testcase classname="BAE_ROAD_TESTCASES.AccountsPage_BaeRoad" name="AccountsPageMessgeOptionpaidUploadPost">
    <skipped/>
  </testcase> <!-- AccountsPageMessgeOptionpaidUploadPost -->
  <system-out/>
  <testcase classname="BAE_ROAD_TESTCASES.AccountsPage_BaeRoad" name="AccountsPageProfileOptionSaveButtonTest">
    <skipped/>
  </testcase> <!-- AccountsPageProfileOptionSaveButtonTest -->
  <system-out/>
  <testcase classname="BAE_ROAD_TESTCASES.AccountsPage_BaeRoad" name="AccountsPageLogOutOptionTest">
    <skipped/>
  </testcase> <!-- AccountsPageLogOutOptionTest -->
  <system-out/>
  <testcase classname="BAE_ROAD_TESTCASES.AccountsPage_BaeRoad" name="AccountsPageProfileOptionValidProfileTest">
    <skipped/>
  </testcase> <!-- AccountsPageProfileOptionValidProfileTest -->
  <system-out/>
  <testcase classname="BAE_ROAD_TESTCASES.AccountsPage_BaeRoad" name="AccountsPageChangePasswordOptionValidOldValidNewBlankConfirmPssTest">
    <skipped/>
  </testcase> <!-- AccountsPageChangePasswordOptionValidOldValidNewBlankConfirmPssTest -->
  <system-out/>
  <testcase classname="BAE_ROAD_TESTCASES.AccountsPage_BaeRoad" name="AccountsPageChangePasswordOptionInvalidOldValidNewConfirmPssTest">
    <skipped/>
  </testcase> <!-- AccountsPageChangePasswordOptionInvalidOldValidNewConfirmPssTest -->
  <system-out/>
  <testcase classname="BAE_ROAD_TESTCASES.AccountsPage_BaeRoad" name="AccountsPageChangePasswordOptionChangePasswordButtonTest">
    <skipped/>
  </testcase> <!-- AccountsPageChangePasswordOptionChangePasswordButtonTest -->
  <system-out/>
  <testcase classname="BAE_ROAD_TESTCASES.AccountsPage_BaeRoad" name="AccountsPageMessgeOptionSetMessageRemoveFlow">
    <skipped/>
  </testcase> <!-- AccountsPageMessgeOptionSetMessageRemoveFlow -->
  <system-out/>
  <testcase classname="BAE_ROAD_TESTCASES.AccountsPage_BaeRoad" name="AccountsPageChangePasswordOptionInvalidChangepssTest">
    <skipped/>
  </testcase> <!-- AccountsPageChangePasswordOptionInvalidChangepssTest -->
  <system-out/>
  <testcase classname="BAE_ROAD_TESTCASES.AccountsPage_BaeRoad" name="AccountsPageSupportOptionInvalidBlankSupportTest">
    <skipped/>
  </testcase> <!-- AccountsPageSupportOptionInvalidBlankSupportTest -->
  <system-out/>
  <testcase classname="BAE_ROAD_TESTCASES.AccountsPage_BaeRoad" name="AccountsPageSupportOptionSendButtonTest">
    <skipped/>
  </testcase> <!-- AccountsPageSupportOptionSendButtonTest -->
  <system-out/>
  <testcase classname="BAE_ROAD_TESTCASES.AccountsPage_BaeRoad" name="AccountsPageEarningPageChangeSubscriptionFreeOptionClick">
    <skipped/>
  </testcase> <!-- AccountsPageEarningPageChangeSubscriptionFreeOptionClick -->
  <system-out/>
  <testcase classname="BAE_ROAD_TESTCASES.AccountsPage_BaeRoad" name="AccountsPageEarningPageSubscriptionPlanEditCancelTest">
    <skipped/>
  </testcase> <!-- AccountsPageEarningPageSubscriptionPlanEditCancelTest -->
  <system-out/>
  <testcase classname="BAE_ROAD_TESTCASES.AccountsPage_BaeRoad" name="AccountsPageMessgeOptionpaidWritePost">
    <skipped/>
  </testcase> <!-- AccountsPageMessgeOptionpaidWritePost -->
  <system-out/>
  <testcase classname="BAE_ROAD_TESTCASES.AccountsPage_BaeRoad" name="AccountsPageSettingsOptionTest">
    <skipped/>
  </testcase> <!-- AccountsPageSettingsOptionTest -->
  <system-out/>
  <testcase classname="BAE_ROAD_TESTCASES.AccountsPage_BaeRoad" name="AccountsPageSupportOptionInvalidBlankSubjectBoxSupportTest">
    <skipped/>
  </testcase> <!-- AccountsPageSupportOptionInvalidBlankSubjectBoxSupportTest -->
  <system-out/>
  <testcase classname="BAE_ROAD_TESTCASES.AccountsPage_BaeRoad" name="AccountsPageEarningPageSubscriptionPlanChangeDiscountTest">
    <skipped/>
  </testcase> <!-- AccountsPageEarningPageSubscriptionPlanChangeDiscountTest -->
  <system-out/>
  <testcase classname="BAE_ROAD_TESTCASES.AccountsPage_BaeRoad" name="AccountsPageProfileOptionPrivacyPublicOptionTest">
    <skipped/>
  </testcase> <!-- AccountsPageProfileOptionPrivacyPublicOptionTest -->
  <system-out/>
  <testcase classname="BAE_ROAD_TESTCASES.AccountsPage_BaeRoad" name="AccountsPageProfileOptionTest">
    <skipped/>
  </testcase> <!-- AccountsPageProfileOptionTest -->
  <system-out/>
  <testcase classname="BAE_ROAD_TESTCASES.AccountsPage_BaeRoad" name="AccountsPageMessgeOptionFreeWritePost">
    <skipped/>
  </testcase> <!-- AccountsPageMessgeOptionFreeWritePost -->
  <system-out/>
  <testcase classname="BAE_ROAD_TESTCASES.AccountsPage_BaeRoad" name="AccountsPageChangePasswordOptionInvalidOldBlankNewBlankConfirmPssTest">
    <skipped/>
  </testcase> <!-- AccountsPageChangePasswordOptionInvalidOldBlankNewBlankConfirmPssTest -->
  <system-out/>
  <testcase classname="BAE_ROAD_TESTCASES.AccountsPage_BaeRoad" name="AccountsPageProfileOptionBlankFieldsProfileTest">
    <skipped/>
  </testcase> <!-- AccountsPageProfileOptionBlankFieldsProfileTest -->
  <system-out/>
  <testcase classname="BAE_ROAD_TESTCASES.AccountsPage_BaeRoad" name="AccountsPageChangePasswordOptionValidOldInvalidNewValidConfirmPssTest">
    <skipped/>
  </testcase> <!-- AccountsPageChangePasswordOptionValidOldInvalidNewValidConfirmPssTest -->
  <system-out/>
  <testcase classname="BAE_ROAD_TESTCASES.AccountsPage_BaeRoad" name="AccountsPageEarningPageChangeSubscriptionPaidOptionClick">
    <skipped/>
  </testcase> <!-- AccountsPageEarningPageChangeSubscriptionPaidOptionClick -->
  <system-out/>
  <testcase classname="BAE_ROAD_TESTCASES.AccountsPage_BaeRoad" name="AccountsPageSupportOptionValidSupportTest">
    <skipped/>
  </testcase> <!-- AccountsPageSupportOptionValidSupportTest -->
  <system-out/>
  <testcase classname="BAE_ROAD_TESTCASES.AccountsPage_BaeRoad" name="AccountsPageChangePasswordOptionValidOldBlankNewBlankConfirmPssTest">
    <skipped/>
  </testcase> <!-- AccountsPageChangePasswordOptionValidOldBlankNewBlankConfirmPssTest -->
  <system-out/>
  <testcase classname="BAE_ROAD_TESTCASES.AccountsPage_BaeRoad" name="AccountsPageEarningPageChangeSubscriptionAddNewSubscription">
    <skipped/>
  </testcase> <!-- AccountsPageEarningPageChangeSubscriptionAddNewSubscription -->
  <system-out/>
  <testcase classname="BAE_ROAD_TESTCASES.AccountsPage_BaeRoad" name="AccountsPageChangePasswordOptionValidOldAndNewInvalidConfirmPssTest">
    <skipped/>
  </testcase> <!-- AccountsPageChangePasswordOptionValidOldAndNewInvalidConfirmPssTest -->
  <system-out/>
  <testcase classname="BAE_ROAD_TESTCASES.AccountsPage_BaeRoad" name="AccountsPageMessgeOptionPostDeletionCancel">
    <skipped/>
  </testcase> <!-- AccountsPageMessgeOptionPostDeletionCancel -->
  <system-out/>
  <testcase classname="BAE_ROAD_TESTCASES.AccountsPage_BaeRoad" name="AccountsPageEarningPageSubscriptionPlanEditOptionTest">
    <skipped/>
  </testcase> <!-- AccountsPageEarningPageSubscriptionPlanEditOptionTest -->
  <system-out/>
  <testcase classname="BAE_ROAD_TESTCASES.AccountsPage_BaeRoad" name="AccountsPageMessgeOptionFreeUploadPost">
    <skipped/>
  </testcase> <!-- AccountsPageMessgeOptionFreeUploadPost -->
  <system-out/>
  <testcase classname="BAE_ROAD_TESTCASES.AccountsPage_BaeRoad" name="AccountsPageEarningPageearnSummaryCommssionOptionTest">
    <skipped/>
  </testcase> <!-- AccountsPageEarningPageearnSummaryCommssionOptionTest -->
  <system-out/>
  <testcase classname="BAE_ROAD_TESTCASES.AccountsPage_BaeRoad" name="AccountsPageEarningPageChangeSubscriptionOptionClick">
    <skipped/>
  </testcase> <!-- AccountsPageEarningPageChangeSubscriptionOptionClick -->
  <system-out/>
  <testcase classname="BAE_ROAD_TESTCASES.AccountsPage_BaeRoad" name="AccountsPageEarningPageearnSummaryWithdrawnOptionTest">
    <skipped/>
  </testcase> <!-- AccountsPageEarningPageearnSummaryWithdrawnOptionTest -->
  <system-out/>
  <testcase classname="BAE_ROAD_TESTCASES.AccountsPage_BaeRoad" name="AccountsPageEarningPageSubscriptionPlanMonthValidationTest">
    <skipped/>
  </testcase> <!-- AccountsPageEarningPageSubscriptionPlanMonthValidationTest -->
  <system-out/>
  <testcase classname="BAE_ROAD_TESTCASES.AccountsPage_BaeRoad" name="AccountsPageEarningPageAddSubscriptionButtonTest">
    <skipped/>
  </testcase> <!-- AccountsPageEarningPageAddSubscriptionButtonTest -->
  <system-out/>
  <testcase classname="BAE_ROAD_TESTCASES.AccountsPage_BaeRoad" name="AccountsPageEarningPageSubscriptionPlanEditoptionUpdateButtonTest">
    <skipped/>
  </testcase> <!-- AccountsPageEarningPageSubscriptionPlanEditoptionUpdateButtonTest -->
  <system-out/>
  <testcase classname="BAE_ROAD_TESTCASES.AccountsPage_BaeRoad" name="AccountsPageSupportOptionInvalidBlankMessageBoxSupportTest">
    <skipped/>
  </testcase> <!-- AccountsPageSupportOptionInvalidBlankMessageBoxSupportTest -->
  <system-out/>
  <testcase classname="BAE_ROAD_TESTCASES.AccountsPage_BaeRoad" name="AccountsPageMessgeOptionSetMessage">
    <skipped/>
  </testcase> <!-- AccountsPageMessgeOptionSetMessage -->
  <system-out/>
  <testcase classname="BAE_ROAD_TESTCASES.AccountsPage_BaeRoad" name="AccountsPageEarningPageSubscriptionPlanAmountTest">
    <skipped/>
  </testcase> <!-- AccountsPageEarningPageSubscriptionPlanAmountTest -->
  <system-out/>
  <testcase classname="BAE_ROAD_TESTCASES.AccountsPage_BaeRoad" name="AccountsPageMessgeOptionPostDeletion">
    <skipped/>
  </testcase> <!-- AccountsPageMessgeOptionPostDeletion -->
  <system-out/>
  <testcase classname="BAE_ROAD_TESTCASES.AccountsPage_BaeRoad" name="AccountsPageEarningPageAddSubscriptionAddButtonTest">
    <skipped/>
  </testcase> <!-- AccountsPageEarningPageAddSubscriptionAddButtonTest -->
  <system-out/>
  <testcase classname="BAE_ROAD_TESTCASES.AccountsPage_BaeRoad" name="AccountsPageMessgeOptionPostEdit">
    <skipped/>
  </testcase> <!-- AccountsPageMessgeOptionPostEdit -->
  <system-out/>
  <testcase classname="BAE_ROAD_TESTCASES.AccountsPage_BaeRoad" name="AccountsPageChangePasswordOptionBlankOldValidNewValidConfirmPssTest">
    <skipped/>
  </testcase> <!-- AccountsPageChangePasswordOptionBlankOldValidNewValidConfirmPssTest -->
  <system-out/>
  <testcase classname="BAE_ROAD_TESTCASES.AccountsPage_BaeRoad" name="AccountsPageMessgeOptionTipmandatoryCheckBoxTest">
    <skipped/>
  </testcase> <!-- AccountsPageMessgeOptionTipmandatoryCheckBoxTest -->
  <system-out/>
</testsuite> <!-- BAE_ROAD_TESTCASES.AccountsPage_BaeRoad -->
