<?xml version="1.0" encoding="UTF-8"?>
<!-- Generated by org.testng.reporters.JUnitXMLReporter -->
<testsuite ignored="3" hostname="DESKTOP-5PGD9M5" failures="7" tests="53" name="AccountsPageTest BaeRoad" time="1505.116" errors="0" timestamp="2020-08-05T12:05:21 IST">
  <testcase classname="BAE_ROAD_TESTCASES.AccountsPage_BaeRoad" name="SuccefulLogin" time="0.476"/>
  <testcase classname="BAE_ROAD_TESTCASES.AccountsPage_BaeRoad" name="AccountsPageSettingsOptionTest" time="4.178"/>
  <testcase classname="BAE_ROAD_TESTCASES.AccountsPage_BaeRoad" name="AccountsPageLogOutOptionTest" time="6.223"/>
  <testcase classname="BAE_ROAD_TESTCASES.AccountsPage_BaeRoad" name="AccountsPageMessgeOptionTipmandatoryCheckBoxTest" time="6.213"/>
  <testcase classname="BAE_ROAD_TESTCASES.AccountsPage_BaeRoad" name="AccountsPageMessgeOptionFreeWritePost" time="7.366"/>
  <testcase classname="BAE_ROAD_TESTCASES.AccountsPage_BaeRoad" name="AccountsPageMessgeOptionpaidWritePost" time="14.954"/>
  <testcase classname="BAE_ROAD_TESTCASES.AccountsPage_BaeRoad" name="AccountsPageMessgeOptionFreeUploadPost" time="50.714">
    <failure type="java.lang.AssertionError" message="expected [Post Cannot be Empty] but found [Post Created]">
      <![CDATA[java.lang.AssertionError: expected [Post Cannot be Empty] but found [Post Created]
at BAE_ROAD_TESTCASES.AccountsPage_BaeRoad.AccountsPageMessgeOptionFreeUploadPost(AccountsPage_BaeRoad.java:165)
at java.base/java.util.ArrayList.forEach(ArrayList.java:1540)
... Removed 32 stack frames]]>
    </failure>
  </testcase> <!-- AccountsPageMessgeOptionFreeUploadPost -->
  <testcase classname="BAE_ROAD_TESTCASES.AccountsPage_BaeRoad" name="AccountsPageMessgeOptionpaidUploadPost" time="52.715"/>
  <testcase classname="BAE_ROAD_TESTCASES.AccountsPage_BaeRoad" name="AccountsPageMessgeOptionPostEdit" time="19.473">
    <failure type="org.openqa.selenium.NoSuchElementException" message="no such element: Unable to locate element: {&amp;quot;method&amp;quot;:&amp;quot;xpath&amp;quot;,&amp;quot;selector&amp;quot;:&amp;quot;//div[contains(@class,&amp;apos;modal_input&amp;apos;)]/child::textarea&amp;quot;}
  (Session info: chrome=84.0.4147.105)
For documentation on this error, please visit: https://www.seleniumhq.org/exceptions/no_such_element.html
Build info: version: &amp;apos;3.141.59&amp;apos;, revision: &amp;apos;e82be7d358&amp;apos;, time: &amp;apos;2018-11-14T08:25:48&amp;apos;
System info: host: &amp;apos;DESKTOP-5PGD9M5&amp;apos;, ip: &amp;apos;192.168.43.181&amp;apos;, os.name: &amp;apos;Windows 10&amp;apos;, os.arch: &amp;apos;amd64&amp;apos;, os.version: &amp;apos;10.0&amp;apos;, java.version: &amp;apos;11.0.2&amp;apos;
Driver info: org.openqa.selenium.chrome.ChromeDriver
Capabilities {acceptInsecureCerts: false, browserName: chrome, browserVersion: 84.0.4147.105, chrome: {chromedriverVersion: 83.0.4103.14 (be04594a2b841..., userDataDir: C:\Users\MENINB~1\AppData\L...}, goog:chromeOptions: {debuggerAddress: localhost:61806}, javascriptEnabled: true, networkConnectionEnabled: false, pageLoadStrategy: normal, platform: WINDOWS, platformName: WINDOWS, proxy: Proxy(), setWindowRect: true, strictFileInteractability: false, timeouts: {implicit: 0, pageLoad: 300000, script: 30000}, unhandledPromptBehavior: dismiss and notify, webauthn:virtualAuthenticators: true}
Session ID: 83d816a027057fa005e42d5d0304d2c1
*** Element info: {Using=xpath, value=//div[contains(@class,&amp;apos;modal_input&amp;apos;)]/child::textarea}">
      <![CDATA[org.openqa.selenium.NoSuchElementException: no such element: Unable to locate element: {"method":"xpath","selector":"//div[contains(@class,'modal_input')]/child::textarea"}
  (Session info: chrome=84.0.4147.105)
For documentation on this error, please visit: https://www.seleniumhq.org/exceptions/no_such_element.html
Build info: version: '3.141.59', revision: 'e82be7d358', time: '2018-11-14T08:25:48'
System info: host: 'DESKTOP-5PGD9M5', ip: '192.168.43.181', os.name: 'Windows 10', os.arch: 'amd64', os.version: '10.0', java.version: '11.0.2'
Driver info: org.openqa.selenium.chrome.ChromeDriver
Capabilities {acceptInsecureCerts: false, browserName: chrome, browserVersion: 84.0.4147.105, chrome: {chromedriverVersion: 83.0.4103.14 (be04594a2b841..., userDataDir: C:\Users\MENINB~1\AppData\L...}, goog:chromeOptions: {debuggerAddress: localhost:61806}, javascriptEnabled: true, networkConnectionEnabled: false, pageLoadStrategy: normal, platform: WINDOWS, platformName: WINDOWS, proxy: Proxy(), setWindowRect: true, strictFileInteractability: false, timeouts: {implicit: 0, pageLoad: 300000, script: 30000}, unhandledPromptBehavior: dismiss and notify, webauthn:virtualAuthenticators: true}
Session ID: 83d816a027057fa005e42d5d0304d2c1
*** Element info: {Using=xpath, value=//div[contains(@class,'modal_input')]/child::textarea}
at org.openqa.selenium.remote.http.W3CHttpResponseCodec.createException(W3CHttpResponseCodec.java:187)
at org.openqa.selenium.remote.http.W3CHttpResponseCodec.decode(W3CHttpResponseCodec.java:122)
at org.openqa.selenium.remote.http.W3CHttpResponseCodec.decode(W3CHttpResponseCodec.java:49)
at org.openqa.selenium.remote.HttpCommandExecutor.execute(HttpCommandExecutor.java:158)
at org.openqa.selenium.remote.service.DriverCommandExecutor.execute(DriverCommandExecutor.java:83)
at org.openqa.selenium.remote.RemoteWebDriver.execute(RemoteWebDriver.java:552)
at org.openqa.selenium.remote.RemoteWebDriver.findElement(RemoteWebDriver.java:323)
at org.openqa.selenium.remote.RemoteWebDriver.findElementByXPath(RemoteWebDriver.java:428)
at org.openqa.selenium.By$ByXPath.findElement(By.java:353)
at org.openqa.selenium.remote.RemoteWebDriver.findElement(RemoteWebDriver.java:315)
at org.openqa.selenium.support.pagefactory.DefaultElementLocator.findElement(DefaultElementLocator.java:69)
at org.openqa.selenium.support.pagefactory.internal.LocatingElementHandler.invoke(LocatingElementHandler.java:38)
at com.sun.proxy.$Proxy12.sendKeys(Unknown Source)
at BAE_ROAD_TESTCASES.AccountsPage_BaeRoad.AccountsPageMessgeOptionPostEdit(AccountsPage_BaeRoad.java:238)
at java.base/java.util.ArrayList.forEach(ArrayList.java:1540)
... Removed 31 stack frames]]>
    </failure>
  </testcase> <!-- AccountsPageMessgeOptionPostEdit -->
  <testcase classname="BAE_ROAD_TESTCASES.AccountsPage_BaeRoad" name="AccountsPageMessgeOptionPostDeletionCancel" time="12.049"/>
  <testcase classname="BAE_ROAD_TESTCASES.AccountsPage_BaeRoad" name="AccountsPageMessgeOptionPostDeletion" time="12.352"/>
  <testcase classname="BAE_ROAD_TESTCASES.AccountsPage_BaeRoad" name="AccountsPageMessgeOptionSetMessage" time="13.524"/>
  <testcase classname="BAE_ROAD_TESTCASES.AccountsPage_BaeRoad" name="AccountsPageSupportOptionValidSupportTest" time="8.579"/>
  <testcase classname="BAE_ROAD_TESTCASES.AccountsPage_BaeRoad" name="AccountsPageSupportOptionInvalidBlankMessageBoxSupportTest" time="5.971"/>
  <testcase classname="BAE_ROAD_TESTCASES.AccountsPage_BaeRoad" name="AccountsPageSupportOptionInvalidBlankSubjectBoxSupportTest" time="5.622"/>
  <testcase classname="BAE_ROAD_TESTCASES.AccountsPage_BaeRoad" name="AccountsPageSupportOptionInvalidBlankSupportTest" time="5.471"/>
  <testcase classname="BAE_ROAD_TESTCASES.AccountsPage_BaeRoad" name="AccountsPageSupportOptionSendButtonTest" time="4.911"/>
  <testcase classname="BAE_ROAD_TESTCASES.AccountsPage_BaeRoad" name="AccountsPageEarningPageChangeSubscriptionOptionClick" time="4.413"/>
  <testcase classname="BAE_ROAD_TESTCASES.AccountsPage_BaeRoad" name="AccountsPageEarningPageChangeSubscriptionFreeOptionClick" time="9.338"/>
  <testcase classname="BAE_ROAD_TESTCASES.AccountsPage_BaeRoad" name="AccountsPageEarningPageChangeSubscriptionPaidOptionClick" time="8.563"/>
  <testcase classname="BAE_ROAD_TESTCASES.AccountsPage_BaeRoad" name="AccountsPageEarningPageSubscriptionPlanEditOptionTest" time="10.314"/>
  <testcase classname="BAE_ROAD_TESTCASES.AccountsPage_BaeRoad" name="AccountsPageEarningPageSubscriptionPlanMonthValidationTest" time="4.848"/>
  <testcase classname="BAE_ROAD_TESTCASES.AccountsPage_BaeRoad" name="AccountsPageEarningPageSubscriptionPlanAmountTest" time="5.585"/>
  <testcase classname="BAE_ROAD_TESTCASES.AccountsPage_BaeRoad" name="AccountsPageEarningPageSubscriptionPlanEditCancelTest" time="5.203"/>
  <testcase classname="BAE_ROAD_TESTCASES.AccountsPage_BaeRoad" name="AccountsPageEarningPageSubscriptionPlanEditoptionUpdateButtonTest" time="7.118"/>
  <testcase classname="BAE_ROAD_TESTCASES.AccountsPage_BaeRoad" name="AccountsPageEarningPageearnSummaryCommssionOptionTest" time="4.096"/>
  <testcase classname="BAE_ROAD_TESTCASES.AccountsPage_BaeRoad" name="AccountsPageEarningPageearnSummaryWithdrawnOptionTest" time="4.528"/>
  <testcase classname="BAE_ROAD_TESTCASES.AccountsPage_BaeRoad" name="AccountsPageChangePasswordOptionValidTest" time="11.809"/>
  <testcase classname="BAE_ROAD_TESTCASES.AccountsPage_BaeRoad" name="AccountsPageChangePasswordOptionValidOldAndNewInvalidConfirmPssTest" time="8.699"/>
  <testcase classname="BAE_ROAD_TESTCASES.AccountsPage_BaeRoad" name="AccountsPageChangePasswordOptionInvalidOldValidNewConfirmPssTest" time="11.762"/>
  <testcase classname="BAE_ROAD_TESTCASES.AccountsPage_BaeRoad" name="AccountsPageChangePasswordOptionValidOldInvalidNewValidConfirmPssTest" time="9.951"/>
  <testcase classname="BAE_ROAD_TESTCASES.AccountsPage_BaeRoad" name="AccountsPageChangePasswordOptionBlankOldValidNewValidConfirmPssTest" time="8.748"/>
  <testcase classname="BAE_ROAD_TESTCASES.AccountsPage_BaeRoad" name="AccountsPageChangePasswordOptionValidOldBlankNewValidConfirmPssTest" time="8.439"/>
  <testcase classname="BAE_ROAD_TESTCASES.AccountsPage_BaeRoad" name="AccountsPageChangePasswordOptionValidOldValidNewBlankConfirmPssTest" time="8.706"/>
  <testcase classname="BAE_ROAD_TESTCASES.AccountsPage_BaeRoad" name="AccountsPageChangePasswordOptionValidOldBlankNewBlankConfirmPssTest" time="6.829"/>
  <testcase classname="BAE_ROAD_TESTCASES.AccountsPage_BaeRoad" name="AccountsPageChangePasswordOptionInvalidOldBlankNewBlankConfirmPssTest" time="8.294"/>
  <testcase classname="BAE_ROAD_TESTCASES.AccountsPage_BaeRoad" name="AccountsPageChangePasswordOptionInvalidChangepssTest" time="7.644"/>
  <testcase classname="BAE_ROAD_TESTCASES.AccountsPage_BaeRoad" name="AccountsPageChangePasswordOptionChangePasswordButtonTest" time="5.536"/>
  <testcase classname="BAE_ROAD_TESTCASES.AccountsPage_BaeRoad" name="AccountsPageProfileOptionTest" time="5.65"/>
  <testcase classname="BAE_ROAD_TESTCASES.AccountsPage_BaeRoad" name="AccountsPageProfileOptionPrivacyPublicOptionTest" time="16.785"/>
  <testcase classname="BAE_ROAD_TESTCASES.AccountsPage_BaeRoad" name="AccountsPageProfileOptionPrivacyPrivateOptionTest" time="10.422"/>
  <testcase classname="BAE_ROAD_TESTCASES.AccountsPage_BaeRoad" name="AccountsPageProfileOptionBlankFieldsProfileTest" time="8.649"/>
  <testcase classname="BAE_ROAD_TESTCASES.AccountsPage_BaeRoad" name="AccountsPageProfileOptionValidProfileTest" time="8.594"/>
  <testcase classname="BAE_ROAD_TESTCASES.AccountsPage_BaeRoad" name="AccountsPageProfileOptionSaveButtonTest" time="8.099"/>
  <testcase classname="BAE_ROAD_TESTCASES.AccountsPage_BaeRoad" name="AccountsPagepaymentOptionAddValidCardTest" time="28.234">
    <failure type="org.openqa.selenium.NoSuchElementException" message="no such element: Unable to locate element: {&amp;quot;method&amp;quot;:&amp;quot;xpath&amp;quot;,&amp;quot;selector&amp;quot;:&amp;quot;//div[@class=&amp;apos;CardField CardField--ltr&amp;apos;]/child::div[2]/span/span/div/div[2]/span/input&amp;quot;}
  (Session info: chrome=84.0.4147.105)
For documentation on this error, please visit: https://www.seleniumhq.org/exceptions/no_such_element.html
Build info: version: &amp;apos;3.141.59&amp;apos;, revision: &amp;apos;e82be7d358&amp;apos;, time: &amp;apos;2018-11-14T08:25:48&amp;apos;
System info: host: &amp;apos;DESKTOP-5PGD9M5&amp;apos;, ip: &amp;apos;192.168.43.181&amp;apos;, os.name: &amp;apos;Windows 10&amp;apos;, os.arch: &amp;apos;amd64&amp;apos;, os.version: &amp;apos;10.0&amp;apos;, java.version: &amp;apos;11.0.2&amp;apos;
Driver info: org.openqa.selenium.chrome.ChromeDriver
Capabilities {acceptInsecureCerts: false, browserName: chrome, browserVersion: 84.0.4147.105, chrome: {chromedriverVersion: 83.0.4103.14 (be04594a2b841..., userDataDir: C:\Users\MENINB~1\AppData\L...}, goog:chromeOptions: {debuggerAddress: localhost:49170}, javascriptEnabled: true, networkConnectionEnabled: false, pageLoadStrategy: normal, platform: WINDOWS, platformName: WINDOWS, proxy: Proxy(), setWindowRect: true, strictFileInteractability: false, timeouts: {implicit: 0, pageLoad: 300000, script: 30000}, unhandledPromptBehavior: dismiss and notify, webauthn:virtualAuthenticators: true}
Session ID: c780154842a61fd48769843a3e775633
*** Element info: {Using=xpath, value=//div[@class=&amp;apos;CardField CardField--ltr&amp;apos;]/child::div[2]/span/span/div/div[2]/span/input}">
      <![CDATA[org.openqa.selenium.NoSuchElementException: no such element: Unable to locate element: {"method":"xpath","selector":"//div[@class='CardField CardField--ltr']/child::div[2]/span/span/div/div[2]/span/input"}
  (Session info: chrome=84.0.4147.105)
For documentation on this error, please visit: https://www.seleniumhq.org/exceptions/no_such_element.html
Build info: version: '3.141.59', revision: 'e82be7d358', time: '2018-11-14T08:25:48'
System info: host: 'DESKTOP-5PGD9M5', ip: '192.168.43.181', os.name: 'Windows 10', os.arch: 'amd64', os.version: '10.0', java.version: '11.0.2'
Driver info: org.openqa.selenium.chrome.ChromeDriver
Capabilities {acceptInsecureCerts: false, browserName: chrome, browserVersion: 84.0.4147.105, chrome: {chromedriverVersion: 83.0.4103.14 (be04594a2b841..., userDataDir: C:\Users\MENINB~1\AppData\L...}, goog:chromeOptions: {debuggerAddress: localhost:49170}, javascriptEnabled: true, networkConnectionEnabled: false, pageLoadStrategy: normal, platform: WINDOWS, platformName: WINDOWS, proxy: Proxy(), setWindowRect: true, strictFileInteractability: false, timeouts: {implicit: 0, pageLoad: 300000, script: 30000}, unhandledPromptBehavior: dismiss and notify, webauthn:virtualAuthenticators: true}
Session ID: c780154842a61fd48769843a3e775633
*** Element info: {Using=xpath, value=//div[@class='CardField CardField--ltr']/child::div[2]/span/span/div/div[2]/span/input}
at org.openqa.selenium.remote.http.W3CHttpResponseCodec.createException(W3CHttpResponseCodec.java:187)
at org.openqa.selenium.remote.http.W3CHttpResponseCodec.decode(W3CHttpResponseCodec.java:122)
at org.openqa.selenium.remote.http.W3CHttpResponseCodec.decode(W3CHttpResponseCodec.java:49)
at org.openqa.selenium.remote.HttpCommandExecutor.execute(HttpCommandExecutor.java:158)
at org.openqa.selenium.remote.service.DriverCommandExecutor.execute(DriverCommandExecutor.java:83)
at org.openqa.selenium.remote.RemoteWebDriver.execute(RemoteWebDriver.java:552)
at org.openqa.selenium.remote.RemoteWebDriver.findElement(RemoteWebDriver.java:323)
at org.openqa.selenium.remote.RemoteWebDriver.findElementByXPath(RemoteWebDriver.java:428)
at org.openqa.selenium.By$ByXPath.findElement(By.java:353)
at org.openqa.selenium.remote.RemoteWebDriver.findElement(RemoteWebDriver.java:315)
at org.openqa.selenium.support.pagefactory.DefaultElementLocator.findElement(DefaultElementLocator.java:69)
at org.openqa.selenium.support.pagefactory.internal.LocatingElementHandler.invoke(LocatingElementHandler.java:38)
at com.sun.proxy.$Proxy12.sendKeys(Unknown Source)
at BAE_ROAD_TESTCASES.AccountsPage_BaeRoad.AccountsPagepaymentOptionAddValidCardTest(AccountsPage_BaeRoad.java:1004)
at java.base/java.util.ArrayList.forEach(ArrayList.java:1540)
... Removed 31 stack frames]]>
    </failure>
  </testcase> <!-- AccountsPagepaymentOptionAddValidCardTest -->
  <testcase classname="BAE_ROAD_TESTCASES.AccountsPage_BaeRoad" name="AccountsPagepaymentOptionAddInvalidCardTest" time="28.75"/>
  <testcase classname="BAE_ROAD_TESTCASES.AccountsPage_BaeRoad" name="AccountsPagepaymentOptionAddInvalidCardValidCvvExpDateZipTest" time="21.909">
    <failure type="org.openqa.selenium.NoSuchElementException" message="no such element: Unable to locate element: {&amp;quot;method&amp;quot;:&amp;quot;xpath&amp;quot;,&amp;quot;selector&amp;quot;:&amp;quot;//div[@class=&amp;apos;CardField CardField--ltr&amp;apos;]/child::div[2]/span/span/div/div[2]/span/input&amp;quot;}
  (Session info: chrome=84.0.4147.105)
For documentation on this error, please visit: https://www.seleniumhq.org/exceptions/no_such_element.html
Build info: version: &amp;apos;3.141.59&amp;apos;, revision: &amp;apos;e82be7d358&amp;apos;, time: &amp;apos;2018-11-14T08:25:48&amp;apos;
System info: host: &amp;apos;DESKTOP-5PGD9M5&amp;apos;, ip: &amp;apos;192.168.43.181&amp;apos;, os.name: &amp;apos;Windows 10&amp;apos;, os.arch: &amp;apos;amd64&amp;apos;, os.version: &amp;apos;10.0&amp;apos;, java.version: &amp;apos;11.0.2&amp;apos;
Driver info: org.openqa.selenium.chrome.ChromeDriver
Capabilities {acceptInsecureCerts: false, browserName: chrome, browserVersion: 84.0.4147.105, chrome: {chromedriverVersion: 83.0.4103.14 (be04594a2b841..., userDataDir: C:\Users\MENINB~1\AppData\L...}, goog:chromeOptions: {debuggerAddress: localhost:49552}, javascriptEnabled: true, networkConnectionEnabled: false, pageLoadStrategy: normal, platform: WINDOWS, platformName: WINDOWS, proxy: Proxy(), setWindowRect: true, strictFileInteractability: false, timeouts: {implicit: 0, pageLoad: 300000, script: 30000}, unhandledPromptBehavior: dismiss and notify, webauthn:virtualAuthenticators: true}
Session ID: 7e5678f606c77a56e45b8c17d7a25ab7
*** Element info: {Using=xpath, value=//div[@class=&amp;apos;CardField CardField--ltr&amp;apos;]/child::div[2]/span/span/div/div[2]/span/input}">
      <![CDATA[org.openqa.selenium.NoSuchElementException: no such element: Unable to locate element: {"method":"xpath","selector":"//div[@class='CardField CardField--ltr']/child::div[2]/span/span/div/div[2]/span/input"}
  (Session info: chrome=84.0.4147.105)
For documentation on this error, please visit: https://www.seleniumhq.org/exceptions/no_such_element.html
Build info: version: '3.141.59', revision: 'e82be7d358', time: '2018-11-14T08:25:48'
System info: host: 'DESKTOP-5PGD9M5', ip: '192.168.43.181', os.name: 'Windows 10', os.arch: 'amd64', os.version: '10.0', java.version: '11.0.2'
Driver info: org.openqa.selenium.chrome.ChromeDriver
Capabilities {acceptInsecureCerts: false, browserName: chrome, browserVersion: 84.0.4147.105, chrome: {chromedriverVersion: 83.0.4103.14 (be04594a2b841..., userDataDir: C:\Users\MENINB~1\AppData\L...}, goog:chromeOptions: {debuggerAddress: localhost:49552}, javascriptEnabled: true, networkConnectionEnabled: false, pageLoadStrategy: normal, platform: WINDOWS, platformName: WINDOWS, proxy: Proxy(), setWindowRect: true, strictFileInteractability: false, timeouts: {implicit: 0, pageLoad: 300000, script: 30000}, unhandledPromptBehavior: dismiss and notify, webauthn:virtualAuthenticators: true}
Session ID: 7e5678f606c77a56e45b8c17d7a25ab7
*** Element info: {Using=xpath, value=//div[@class='CardField CardField--ltr']/child::div[2]/span/span/div/div[2]/span/input}
at org.openqa.selenium.remote.http.W3CHttpResponseCodec.createException(W3CHttpResponseCodec.java:187)
at org.openqa.selenium.remote.http.W3CHttpResponseCodec.decode(W3CHttpResponseCodec.java:122)
at org.openqa.selenium.remote.http.W3CHttpResponseCodec.decode(W3CHttpResponseCodec.java:49)
at org.openqa.selenium.remote.HttpCommandExecutor.execute(HttpCommandExecutor.java:158)
at org.openqa.selenium.remote.service.DriverCommandExecutor.execute(DriverCommandExecutor.java:83)
at org.openqa.selenium.remote.RemoteWebDriver.execute(RemoteWebDriver.java:552)
at org.openqa.selenium.remote.RemoteWebDriver.findElement(RemoteWebDriver.java:323)
at org.openqa.selenium.remote.RemoteWebDriver.findElementByXPath(RemoteWebDriver.java:428)
at org.openqa.selenium.By$ByXPath.findElement(By.java:353)
at org.openqa.selenium.remote.RemoteWebDriver.findElement(RemoteWebDriver.java:315)
at org.openqa.selenium.support.pagefactory.DefaultElementLocator.findElement(DefaultElementLocator.java:69)
at org.openqa.selenium.support.pagefactory.internal.LocatingElementHandler.invoke(LocatingElementHandler.java:38)
at com.sun.proxy.$Proxy12.sendKeys(Unknown Source)
at BAE_ROAD_TESTCASES.AccountsPage_BaeRoad.AccountsPagepaymentOptionAddInvalidCardValidCvvExpDateZipTest(AccountsPage_BaeRoad.java:1071)
at java.base/java.util.ArrayList.forEach(ArrayList.java:1540)
... Removed 31 stack frames]]>
    </failure>
  </testcase> <!-- AccountsPagepaymentOptionAddInvalidCardValidCvvExpDateZipTest -->
  <testcase classname="BAE_ROAD_TESTCASES.AccountsPage_BaeRoad" name="AccountsPagepaymentOptionAddValidCardinValidCvvValidExpDateTest" time="20.024">
    <failure type="org.openqa.selenium.NoSuchElementException" message="no such element: Unable to locate element: {&amp;quot;method&amp;quot;:&amp;quot;xpath&amp;quot;,&amp;quot;selector&amp;quot;:&amp;quot;//div[@class=&amp;apos;CardField CardField--ltr&amp;apos;]/child::div[2]/span/span/div/div[2]/span/input&amp;quot;}
  (Session info: chrome=84.0.4147.105)
For documentation on this error, please visit: https://www.seleniumhq.org/exceptions/no_such_element.html
Build info: version: &amp;apos;3.141.59&amp;apos;, revision: &amp;apos;e82be7d358&amp;apos;, time: &amp;apos;2018-11-14T08:25:48&amp;apos;
System info: host: &amp;apos;DESKTOP-5PGD9M5&amp;apos;, ip: &amp;apos;192.168.43.181&amp;apos;, os.name: &amp;apos;Windows 10&amp;apos;, os.arch: &amp;apos;amd64&amp;apos;, os.version: &amp;apos;10.0&amp;apos;, java.version: &amp;apos;11.0.2&amp;apos;
Driver info: org.openqa.selenium.chrome.ChromeDriver
Capabilities {acceptInsecureCerts: false, browserName: chrome, browserVersion: 84.0.4147.105, chrome: {chromedriverVersion: 83.0.4103.14 (be04594a2b841..., userDataDir: C:\Users\MENINB~1\AppData\L...}, goog:chromeOptions: {debuggerAddress: localhost:49700}, javascriptEnabled: true, networkConnectionEnabled: false, pageLoadStrategy: normal, platform: WINDOWS, platformName: WINDOWS, proxy: Proxy(), setWindowRect: true, strictFileInteractability: false, timeouts: {implicit: 0, pageLoad: 300000, script: 30000}, unhandledPromptBehavior: dismiss and notify, webauthn:virtualAuthenticators: true}
Session ID: 79c81654deadee240365d33ed9d43a59
*** Element info: {Using=xpath, value=//div[@class=&amp;apos;CardField CardField--ltr&amp;apos;]/child::div[2]/span/span/div/div[2]/span/input}">
      <![CDATA[org.openqa.selenium.NoSuchElementException: no such element: Unable to locate element: {"method":"xpath","selector":"//div[@class='CardField CardField--ltr']/child::div[2]/span/span/div/div[2]/span/input"}
  (Session info: chrome=84.0.4147.105)
For documentation on this error, please visit: https://www.seleniumhq.org/exceptions/no_such_element.html
Build info: version: '3.141.59', revision: 'e82be7d358', time: '2018-11-14T08:25:48'
System info: host: 'DESKTOP-5PGD9M5', ip: '192.168.43.181', os.name: 'Windows 10', os.arch: 'amd64', os.version: '10.0', java.version: '11.0.2'
Driver info: org.openqa.selenium.chrome.ChromeDriver
Capabilities {acceptInsecureCerts: false, browserName: chrome, browserVersion: 84.0.4147.105, chrome: {chromedriverVersion: 83.0.4103.14 (be04594a2b841..., userDataDir: C:\Users\MENINB~1\AppData\L...}, goog:chromeOptions: {debuggerAddress: localhost:49700}, javascriptEnabled: true, networkConnectionEnabled: false, pageLoadStrategy: normal, platform: WINDOWS, platformName: WINDOWS, proxy: Proxy(), setWindowRect: true, strictFileInteractability: false, timeouts: {implicit: 0, pageLoad: 300000, script: 30000}, unhandledPromptBehavior: dismiss and notify, webauthn:virtualAuthenticators: true}
Session ID: 79c81654deadee240365d33ed9d43a59
*** Element info: {Using=xpath, value=//div[@class='CardField CardField--ltr']/child::div[2]/span/span/div/div[2]/span/input}
at org.openqa.selenium.remote.http.W3CHttpResponseCodec.createException(W3CHttpResponseCodec.java:187)
at org.openqa.selenium.remote.http.W3CHttpResponseCodec.decode(W3CHttpResponseCodec.java:122)
at org.openqa.selenium.remote.http.W3CHttpResponseCodec.decode(W3CHttpResponseCodec.java:49)
at org.openqa.selenium.remote.HttpCommandExecutor.execute(HttpCommandExecutor.java:158)
at org.openqa.selenium.remote.service.DriverCommandExecutor.execute(DriverCommandExecutor.java:83)
at org.openqa.selenium.remote.RemoteWebDriver.execute(RemoteWebDriver.java:552)
at org.openqa.selenium.remote.RemoteWebDriver.findElement(RemoteWebDriver.java:323)
at org.openqa.selenium.remote.RemoteWebDriver.findElementByXPath(RemoteWebDriver.java:428)
at org.openqa.selenium.By$ByXPath.findElement(By.java:353)
at org.openqa.selenium.remote.RemoteWebDriver.findElement(RemoteWebDriver.java:315)
at org.openqa.selenium.support.pagefactory.DefaultElementLocator.findElement(DefaultElementLocator.java:69)
at org.openqa.selenium.support.pagefactory.internal.LocatingElementHandler.invoke(LocatingElementHandler.java:38)
at com.sun.proxy.$Proxy12.sendKeys(Unknown Source)
at BAE_ROAD_TESTCASES.AccountsPage_BaeRoad.AccountsPagepaymentOptionAddValidCardinValidCvvValidExpDateTest(AccountsPage_BaeRoad.java:1102)
at java.base/java.util.ArrayList.forEach(ArrayList.java:1540)
... Removed 31 stack frames]]>
    </failure>
  </testcase> <!-- AccountsPagepaymentOptionAddValidCardinValidCvvValidExpDateTest -->
  <testcase classname="BAE_ROAD_TESTCASES.AccountsPage_BaeRoad" name="AccountsPagepaymentOptionAddValidCardInvaliExpValidCvvZipTest" time="20.208">
    <failure type="org.openqa.selenium.NoSuchElementException" message="no such element: Unable to locate element: {&amp;quot;method&amp;quot;:&amp;quot;xpath&amp;quot;,&amp;quot;selector&amp;quot;:&amp;quot;//div[@class=&amp;apos;CardField CardField--ltr&amp;apos;]/child::div[2]/span/span/div/div[2]/span/input&amp;quot;}
  (Session info: chrome=84.0.4147.105)
For documentation on this error, please visit: https://www.seleniumhq.org/exceptions/no_such_element.html
Build info: version: &amp;apos;3.141.59&amp;apos;, revision: &amp;apos;e82be7d358&amp;apos;, time: &amp;apos;2018-11-14T08:25:48&amp;apos;
System info: host: &amp;apos;DESKTOP-5PGD9M5&amp;apos;, ip: &amp;apos;192.168.43.181&amp;apos;, os.name: &amp;apos;Windows 10&amp;apos;, os.arch: &amp;apos;amd64&amp;apos;, os.version: &amp;apos;10.0&amp;apos;, java.version: &amp;apos;11.0.2&amp;apos;
Driver info: org.openqa.selenium.chrome.ChromeDriver
Capabilities {acceptInsecureCerts: false, browserName: chrome, browserVersion: 84.0.4147.105, chrome: {chromedriverVersion: 83.0.4103.14 (be04594a2b841..., userDataDir: C:\Users\MENINB~1\AppData\L...}, goog:chromeOptions: {debuggerAddress: localhost:49833}, javascriptEnabled: true, networkConnectionEnabled: false, pageLoadStrategy: normal, platform: WINDOWS, platformName: WINDOWS, proxy: Proxy(), setWindowRect: true, strictFileInteractability: false, timeouts: {implicit: 0, pageLoad: 300000, script: 30000}, unhandledPromptBehavior: dismiss and notify, webauthn:virtualAuthenticators: true}
Session ID: c596f138407e5780b4c75ae4b94c225d
*** Element info: {Using=xpath, value=//div[@class=&amp;apos;CardField CardField--ltr&amp;apos;]/child::div[2]/span/span/div/div[2]/span/input}">
      <![CDATA[org.openqa.selenium.NoSuchElementException: no such element: Unable to locate element: {"method":"xpath","selector":"//div[@class='CardField CardField--ltr']/child::div[2]/span/span/div/div[2]/span/input"}
  (Session info: chrome=84.0.4147.105)
For documentation on this error, please visit: https://www.seleniumhq.org/exceptions/no_such_element.html
Build info: version: '3.141.59', revision: 'e82be7d358', time: '2018-11-14T08:25:48'
System info: host: 'DESKTOP-5PGD9M5', ip: '192.168.43.181', os.name: 'Windows 10', os.arch: 'amd64', os.version: '10.0', java.version: '11.0.2'
Driver info: org.openqa.selenium.chrome.ChromeDriver
Capabilities {acceptInsecureCerts: false, browserName: chrome, browserVersion: 84.0.4147.105, chrome: {chromedriverVersion: 83.0.4103.14 (be04594a2b841..., userDataDir: C:\Users\MENINB~1\AppData\L...}, goog:chromeOptions: {debuggerAddress: localhost:49833}, javascriptEnabled: true, networkConnectionEnabled: false, pageLoadStrategy: normal, platform: WINDOWS, platformName: WINDOWS, proxy: Proxy(), setWindowRect: true, strictFileInteractability: false, timeouts: {implicit: 0, pageLoad: 300000, script: 30000}, unhandledPromptBehavior: dismiss and notify, webauthn:virtualAuthenticators: true}
Session ID: c596f138407e5780b4c75ae4b94c225d
*** Element info: {Using=xpath, value=//div[@class='CardField CardField--ltr']/child::div[2]/span/span/div/div[2]/span/input}
at org.openqa.selenium.remote.http.W3CHttpResponseCodec.createException(W3CHttpResponseCodec.java:187)
at org.openqa.selenium.remote.http.W3CHttpResponseCodec.decode(W3CHttpResponseCodec.java:122)
at org.openqa.selenium.remote.http.W3CHttpResponseCodec.decode(W3CHttpResponseCodec.java:49)
at org.openqa.selenium.remote.HttpCommandExecutor.execute(HttpCommandExecutor.java:158)
at org.openqa.selenium.remote.service.DriverCommandExecutor.execute(DriverCommandExecutor.java:83)
at org.openqa.selenium.remote.RemoteWebDriver.execute(RemoteWebDriver.java:552)
at org.openqa.selenium.remote.RemoteWebDriver.findElement(RemoteWebDriver.java:323)
at org.openqa.selenium.remote.RemoteWebDriver.findElementByXPath(RemoteWebDriver.java:428)
at org.openqa.selenium.By$ByXPath.findElement(By.java:353)
at org.openqa.selenium.remote.RemoteWebDriver.findElement(RemoteWebDriver.java:315)
at org.openqa.selenium.support.pagefactory.DefaultElementLocator.findElement(DefaultElementLocator.java:69)
at org.openqa.selenium.support.pagefactory.internal.LocatingElementHandler.invoke(LocatingElementHandler.java:38)
at com.sun.proxy.$Proxy12.sendKeys(Unknown Source)
at BAE_ROAD_TESTCASES.AccountsPage_BaeRoad.AccountsPagepaymentOptionAddValidCardInvaliExpValidCvvZipTest(AccountsPage_BaeRoad.java:1134)
at java.base/java.util.ArrayList.forEach(ArrayList.java:1540)
... Removed 31 stack frames]]>
    </failure>
  </testcase> <!-- AccountsPagepaymentOptionAddValidCardInvaliExpValidCvvZipTest -->
  <testcase classname="BAE_ROAD_TESTCASES.AccountsPage_BaeRoad" name="AccountsPagepaymentOptionAddedCardDeletionTest" time="9.113"/>
  <testcase classname="BAE_ROAD_TESTCASES.AccountsPage_BaeRoad" name="AccountsPagepaymentOptionAddMulticardTestTest" time="23.96">
    <failure type="org.openqa.selenium.NoSuchElementException" message="no such element: Unable to locate element: {&amp;quot;method&amp;quot;:&amp;quot;xpath&amp;quot;,&amp;quot;selector&amp;quot;:&amp;quot;//div[@class=&amp;apos;CardField CardField--ltr&amp;apos;]/child::div[2]/span/span/div/div[2]/span/input&amp;quot;}
  (Session info: chrome=84.0.4147.105)
For documentation on this error, please visit: https://www.seleniumhq.org/exceptions/no_such_element.html
Build info: version: &amp;apos;3.141.59&amp;apos;, revision: &amp;apos;e82be7d358&amp;apos;, time: &amp;apos;2018-11-14T08:25:48&amp;apos;
System info: host: &amp;apos;DESKTOP-5PGD9M5&amp;apos;, ip: &amp;apos;192.168.43.181&amp;apos;, os.name: &amp;apos;Windows 10&amp;apos;, os.arch: &amp;apos;amd64&amp;apos;, os.version: &amp;apos;10.0&amp;apos;, java.version: &amp;apos;11.0.2&amp;apos;
Driver info: org.openqa.selenium.chrome.ChromeDriver
Capabilities {acceptInsecureCerts: false, browserName: chrome, browserVersion: 84.0.4147.105, chrome: {chromedriverVersion: 83.0.4103.14 (be04594a2b841..., userDataDir: C:\Users\MENINB~1\AppData\L...}, goog:chromeOptions: {debuggerAddress: localhost:50102}, javascriptEnabled: true, networkConnectionEnabled: false, pageLoadStrategy: normal, platform: WINDOWS, platformName: WINDOWS, proxy: Proxy(), setWindowRect: true, strictFileInteractability: false, timeouts: {implicit: 0, pageLoad: 300000, script: 30000}, unhandledPromptBehavior: dismiss and notify, webauthn:virtualAuthenticators: true}
Session ID: 211daf892cd11264b4acda0eae0d3555
*** Element info: {Using=xpath, value=//div[@class=&amp;apos;CardField CardField--ltr&amp;apos;]/child::div[2]/span/span/div/div[2]/span/input}">
      <![CDATA[org.openqa.selenium.NoSuchElementException: no such element: Unable to locate element: {"method":"xpath","selector":"//div[@class='CardField CardField--ltr']/child::div[2]/span/span/div/div[2]/span/input"}
  (Session info: chrome=84.0.4147.105)
For documentation on this error, please visit: https://www.seleniumhq.org/exceptions/no_such_element.html
Build info: version: '3.141.59', revision: 'e82be7d358', time: '2018-11-14T08:25:48'
System info: host: 'DESKTOP-5PGD9M5', ip: '192.168.43.181', os.name: 'Windows 10', os.arch: 'amd64', os.version: '10.0', java.version: '11.0.2'
Driver info: org.openqa.selenium.chrome.ChromeDriver
Capabilities {acceptInsecureCerts: false, browserName: chrome, browserVersion: 84.0.4147.105, chrome: {chromedriverVersion: 83.0.4103.14 (be04594a2b841..., userDataDir: C:\Users\MENINB~1\AppData\L...}, goog:chromeOptions: {debuggerAddress: localhost:50102}, javascriptEnabled: true, networkConnectionEnabled: false, pageLoadStrategy: normal, platform: WINDOWS, platformName: WINDOWS, proxy: Proxy(), setWindowRect: true, strictFileInteractability: false, timeouts: {implicit: 0, pageLoad: 300000, script: 30000}, unhandledPromptBehavior: dismiss and notify, webauthn:virtualAuthenticators: true}
Session ID: 211daf892cd11264b4acda0eae0d3555
*** Element info: {Using=xpath, value=//div[@class='CardField CardField--ltr']/child::div[2]/span/span/div/div[2]/span/input}
at org.openqa.selenium.remote.http.W3CHttpResponseCodec.createException(W3CHttpResponseCodec.java:187)
at org.openqa.selenium.remote.http.W3CHttpResponseCodec.decode(W3CHttpResponseCodec.java:122)
at org.openqa.selenium.remote.http.W3CHttpResponseCodec.decode(W3CHttpResponseCodec.java:49)
at org.openqa.selenium.remote.HttpCommandExecutor.execute(HttpCommandExecutor.java:158)
at org.openqa.selenium.remote.service.DriverCommandExecutor.execute(DriverCommandExecutor.java:83)
at org.openqa.selenium.remote.RemoteWebDriver.execute(RemoteWebDriver.java:552)
at org.openqa.selenium.remote.RemoteWebDriver.findElement(RemoteWebDriver.java:323)
at org.openqa.selenium.remote.RemoteWebDriver.findElementByXPath(RemoteWebDriver.java:428)
at org.openqa.selenium.By$ByXPath.findElement(By.java:353)
at org.openqa.selenium.remote.RemoteWebDriver.findElement(RemoteWebDriver.java:315)
at org.openqa.selenium.support.pagefactory.DefaultElementLocator.findElement(DefaultElementLocator.java:69)
at org.openqa.selenium.support.pagefactory.internal.LocatingElementHandler.invoke(LocatingElementHandler.java:38)
at com.sun.proxy.$Proxy12.sendKeys(Unknown Source)
at BAE_ROAD_TESTCASES.AccountsPage_BaeRoad.AccountsPagepaymentOptionAddMulticardTestTest(AccountsPage_BaeRoad.java:1185)
at java.base/java.util.ArrayList.forEach(ArrayList.java:1540)
... Removed 31 stack frames]]>
    </failure>
  </testcase> <!-- AccountsPagepaymentOptionAddMulticardTestTest -->
  <testcase classname="BAE_ROAD_TESTCASES.AccountsPage_BaeRoad" name="AccountsPageEarningOptionRecentEarningsValidation" time="9.691"/>
  <testcase classname="BAE_ROAD_TESTCASES.AccountsPage_BaeRoad" name="AccountsPagePaymentOptionRecentSpendingsValidation" time="6.318"/>
  <testcase classname="BAE_ROAD_TESTCASES.AccountsPage_BaeRoad" name="AccountsPageEarningPageAddSubscriptionButtonTest" time="0.0">
    <ignored/>
  </testcase> <!-- AccountsPageEarningPageAddSubscriptionButtonTest -->
  <testcase classname="BAE_ROAD_TESTCASES.AccountsPage_BaeRoad" name="AccountsPageEarningPageChangeSubscriptionAddNewSubscription" time="0.0">
    <ignored/>
  </testcase> <!-- AccountsPageEarningPageChangeSubscriptionAddNewSubscription -->
  <testcase classname="BAE_ROAD_TESTCASES.AccountsPage_BaeRoad" name="AccountsPageEarningPageAddSubscriptionAddButtonTest" time="0.0">
    <ignored/>
  </testcase> <!-- AccountsPageEarningPageAddSubscriptionAddButtonTest -->
</testsuite> <!-- AccountsPageTest BaeRoad -->
