<?xml version="1.0" encoding="UTF-8"?>
<!-- Generated by org.testng.reporters.JUnitXMLReporter -->
<testsuite ignored="0" hostname="DESKTOP-5PGD9M5" failures="2" tests="23" name="HomePageTest BaeRoad" time="780.871" errors="0" timestamp="2020-08-05T11:20:43 IST">
  <testcase classname="BAE_ROAD_TESTCASES.HomePage_BaeRoad" name="SuccefulLogin" time="0.564"/>
  <testcase classname="BAE_ROAD_TESTCASES.HomePage_BaeRoad" name="CreateNewPostWrite" time="6.935"/>
  <testcase classname="BAE_ROAD_TESTCASES.HomePage_BaeRoad" name="CreateNewPostWriteTextValidation" time="8.571"/>
  <testcase classname="BAE_ROAD_TESTCASES.HomePage_BaeRoad" name="EmptyCreateNewPostWrite" time="6.861"/>
  <testcase classname="BAE_ROAD_TESTCASES.HomePage_BaeRoad" name="CreateNewPostImages" time="45.127">
    <failure type="org.openqa.selenium.NoSuchElementException" message="no such element: Unable to locate element: {&amp;quot;method&amp;quot;:&amp;quot;xpath&amp;quot;,&amp;quot;selector&amp;quot;:&amp;quot;//span[contains(text(),&amp;apos;Done&amp;apos;)]&amp;quot;}
  (Session info: chrome=84.0.4147.105)
For documentation on this error, please visit: https://www.seleniumhq.org/exceptions/no_such_element.html
Build info: version: &amp;apos;3.141.59&amp;apos;, revision: &amp;apos;e82be7d358&amp;apos;, time: &amp;apos;2018-11-14T08:25:48&amp;apos;
System info: host: &amp;apos;DESKTOP-5PGD9M5&amp;apos;, ip: &amp;apos;192.168.43.181&amp;apos;, os.name: &amp;apos;Windows 10&amp;apos;, os.arch: &amp;apos;amd64&amp;apos;, os.version: &amp;apos;10.0&amp;apos;, java.version: &amp;apos;11.0.2&amp;apos;
Driver info: org.openqa.selenium.chrome.ChromeDriver
Capabilities {acceptInsecureCerts: false, browserName: chrome, browserVersion: 84.0.4147.105, chrome: {chromedriverVersion: 83.0.4103.14 (be04594a2b841..., userDataDir: C:\Users\MENINB~1\AppData\L...}, goog:chromeOptions: {debuggerAddress: localhost:53785}, javascriptEnabled: true, networkConnectionEnabled: false, pageLoadStrategy: normal, platform: WINDOWS, platformName: WINDOWS, proxy: Proxy(), setWindowRect: true, strictFileInteractability: false, timeouts: {implicit: 0, pageLoad: 300000, script: 30000}, unhandledPromptBehavior: dismiss and notify, webauthn:virtualAuthenticators: true}
Session ID: d7617912ec6546ffe9ea0a9e7cc93798
*** Element info: {Using=xpath, value=//span[contains(text(),&amp;apos;Done&amp;apos;)]}">
      <![CDATA[org.openqa.selenium.NoSuchElementException: no such element: Unable to locate element: {"method":"xpath","selector":"//span[contains(text(),'Done')]"}
  (Session info: chrome=84.0.4147.105)
For documentation on this error, please visit: https://www.seleniumhq.org/exceptions/no_such_element.html
Build info: version: '3.141.59', revision: 'e82be7d358', time: '2018-11-14T08:25:48'
System info: host: 'DESKTOP-5PGD9M5', ip: '192.168.43.181', os.name: 'Windows 10', os.arch: 'amd64', os.version: '10.0', java.version: '11.0.2'
Driver info: org.openqa.selenium.chrome.ChromeDriver
Capabilities {acceptInsecureCerts: false, browserName: chrome, browserVersion: 84.0.4147.105, chrome: {chromedriverVersion: 83.0.4103.14 (be04594a2b841..., userDataDir: C:\Users\MENINB~1\AppData\L...}, goog:chromeOptions: {debuggerAddress: localhost:53785}, javascriptEnabled: true, networkConnectionEnabled: false, pageLoadStrategy: normal, platform: WINDOWS, platformName: WINDOWS, proxy: Proxy(), setWindowRect: true, strictFileInteractability: false, timeouts: {implicit: 0, pageLoad: 300000, script: 30000}, unhandledPromptBehavior: dismiss and notify, webauthn:virtualAuthenticators: true}
Session ID: d7617912ec6546ffe9ea0a9e7cc93798
*** Element info: {Using=xpath, value=//span[contains(text(),'Done')]}
at org.openqa.selenium.remote.http.W3CHttpResponseCodec.createException(W3CHttpResponseCodec.java:187)
at org.openqa.selenium.remote.http.W3CHttpResponseCodec.decode(W3CHttpResponseCodec.java:122)
at org.openqa.selenium.remote.http.W3CHttpResponseCodec.decode(W3CHttpResponseCodec.java:49)
at org.openqa.selenium.remote.HttpCommandExecutor.execute(HttpCommandExecutor.java:158)
at org.openqa.selenium.remote.service.DriverCommandExecutor.execute(DriverCommandExecutor.java:83)
at org.openqa.selenium.remote.RemoteWebDriver.execute(RemoteWebDriver.java:552)
at org.openqa.selenium.remote.RemoteWebDriver.findElement(RemoteWebDriver.java:323)
at org.openqa.selenium.remote.RemoteWebDriver.findElementByXPath(RemoteWebDriver.java:428)
at org.openqa.selenium.By$ByXPath.findElement(By.java:353)
at org.openqa.selenium.remote.RemoteWebDriver.findElement(RemoteWebDriver.java:315)
at org.openqa.selenium.support.pagefactory.DefaultElementLocator.findElement(DefaultElementLocator.java:69)
at org.openqa.selenium.support.pagefactory.internal.LocatingElementHandler.invoke(LocatingElementHandler.java:38)
at com.sun.proxy.$Proxy12.click(Unknown Source)
at BAE_ROAD_TESTCASES.HomePage_BaeRoad.CreateNewPostImages(HomePage_BaeRoad.java:121)
at java.base/java.util.ArrayList.forEach(ArrayList.java:1540)
... Removed 31 stack frames]]>
    </failure>
  </testcase> <!-- CreateNewPostImages -->
  <testcase classname="BAE_ROAD_TESTCASES.HomePage_BaeRoad" name="CreatePaidpostWrite" time="17.572"/>
  <testcase classname="BAE_ROAD_TESTCASES.HomePage_BaeRoad" name="HomePageNewPostLikeTest" time="9.913"/>
  <testcase classname="BAE_ROAD_TESTCASES.HomePage_BaeRoad" name="HomePageNewPostMessageTest" time="11.381"/>
  <testcase classname="BAE_ROAD_TESTCASES.HomePage_BaeRoad" name="ValidHomePageFollowersUI" time="7.805"/>
  <testcase classname="BAE_ROAD_TESTCASES.HomePage_BaeRoad" name="InvalidHomePageFollowersUI" time="7.824"/>
  <testcase classname="BAE_ROAD_TESTCASES.HomePage_BaeRoad" name="ValidHomePageFollowingUI" time="10.076"/>
  <testcase classname="BAE_ROAD_TESTCASES.HomePage_BaeRoad" name="InvalidHomePageFollowingUI" time="11.551"/>
  <testcase classname="BAE_ROAD_TESTCASES.HomePage_BaeRoad" name="HomePageFollowingOrFollowerNavigateBarCancelTest" time="5.28"/>
  <testcase classname="BAE_ROAD_TESTCASES.HomePage_BaeRoad" name="ValidHomePageSearchBoxFunctionalityTesting" time="3.819"/>
  <testcase classname="BAE_ROAD_TESTCASES.HomePage_BaeRoad" name="InvalidHomePageSearchBoxFunctionalityTesting" time="7.91"/>
  <testcase classname="BAE_ROAD_TESTCASES.HomePage_BaeRoad" name="HomePageProfileOptionClickTesting" time="5.313"/>
  <testcase classname="BAE_ROAD_TESTCASES.HomePage_BaeRoad" name="HomePageMessageOptionClickTesting" time="4.21"/>
  <testcase classname="BAE_ROAD_TESTCASES.HomePage_BaeRoad" name="HomePagePurchaseOptionClickTesting" time="4.81"/>
  <testcase classname="BAE_ROAD_TESTCASES.HomePage_BaeRoad" name="HomePageNotifictionsOptionClickTesting" time="3.827"/>
  <testcase classname="BAE_ROAD_TESTCASES.HomePage_BaeRoad" name="HomePageSettingsOptionOptionClickTesting" time="5.9"/>
  <testcase classname="BAE_ROAD_TESTCASES.HomePage_BaeRoad" name="HomePageCreatedPostDeletion" time="18.873">
    <failure type="org.openqa.selenium.NoSuchElementException" message="no such element: Unable to locate element: {&amp;quot;method&amp;quot;:&amp;quot;xpath&amp;quot;,&amp;quot;selector&amp;quot;:&amp;quot;//span[contains(text(),&amp;apos;Confirm&amp;apos;)]&amp;quot;}
  (Session info: chrome=84.0.4147.105)
For documentation on this error, please visit: https://www.seleniumhq.org/exceptions/no_such_element.html
Build info: version: &amp;apos;3.141.59&amp;apos;, revision: &amp;apos;e82be7d358&amp;apos;, time: &amp;apos;2018-11-14T08:25:48&amp;apos;
System info: host: &amp;apos;DESKTOP-5PGD9M5&amp;apos;, ip: &amp;apos;192.168.43.181&amp;apos;, os.name: &amp;apos;Windows 10&amp;apos;, os.arch: &amp;apos;amd64&amp;apos;, os.version: &amp;apos;10.0&amp;apos;, java.version: &amp;apos;11.0.2&amp;apos;
Driver info: org.openqa.selenium.chrome.ChromeDriver
Capabilities {acceptInsecureCerts: false, browserName: chrome, browserVersion: 84.0.4147.105, chrome: {chromedriverVersion: 83.0.4103.14 (be04594a2b841..., userDataDir: C:\Users\MENINB~1\AppData\L...}, goog:chromeOptions: {debuggerAddress: localhost:55635}, javascriptEnabled: true, networkConnectionEnabled: false, pageLoadStrategy: normal, platform: WINDOWS, platformName: WINDOWS, proxy: Proxy(), setWindowRect: true, strictFileInteractability: false, timeouts: {implicit: 0, pageLoad: 300000, script: 30000}, unhandledPromptBehavior: dismiss and notify, webauthn:virtualAuthenticators: true}
Session ID: ff05307300e3a9179c50d4905c79ded3
*** Element info: {Using=xpath, value=//span[contains(text(),&amp;apos;Confirm&amp;apos;)]}">
      <![CDATA[org.openqa.selenium.NoSuchElementException: no such element: Unable to locate element: {"method":"xpath","selector":"//span[contains(text(),'Confirm')]"}
  (Session info: chrome=84.0.4147.105)
For documentation on this error, please visit: https://www.seleniumhq.org/exceptions/no_such_element.html
Build info: version: '3.141.59', revision: 'e82be7d358', time: '2018-11-14T08:25:48'
System info: host: 'DESKTOP-5PGD9M5', ip: '192.168.43.181', os.name: 'Windows 10', os.arch: 'amd64', os.version: '10.0', java.version: '11.0.2'
Driver info: org.openqa.selenium.chrome.ChromeDriver
Capabilities {acceptInsecureCerts: false, browserName: chrome, browserVersion: 84.0.4147.105, chrome: {chromedriverVersion: 83.0.4103.14 (be04594a2b841..., userDataDir: C:\Users\MENINB~1\AppData\L...}, goog:chromeOptions: {debuggerAddress: localhost:55635}, javascriptEnabled: true, networkConnectionEnabled: false, pageLoadStrategy: normal, platform: WINDOWS, platformName: WINDOWS, proxy: Proxy(), setWindowRect: true, strictFileInteractability: false, timeouts: {implicit: 0, pageLoad: 300000, script: 30000}, unhandledPromptBehavior: dismiss and notify, webauthn:virtualAuthenticators: true}
Session ID: ff05307300e3a9179c50d4905c79ded3
*** Element info: {Using=xpath, value=//span[contains(text(),'Confirm')]}
at org.openqa.selenium.remote.http.W3CHttpResponseCodec.createException(W3CHttpResponseCodec.java:187)
at org.openqa.selenium.remote.http.W3CHttpResponseCodec.decode(W3CHttpResponseCodec.java:122)
at org.openqa.selenium.remote.http.W3CHttpResponseCodec.decode(W3CHttpResponseCodec.java:49)
at org.openqa.selenium.remote.HttpCommandExecutor.execute(HttpCommandExecutor.java:158)
at org.openqa.selenium.remote.service.DriverCommandExecutor.execute(DriverCommandExecutor.java:83)
at org.openqa.selenium.remote.RemoteWebDriver.execute(RemoteWebDriver.java:552)
at org.openqa.selenium.remote.RemoteWebDriver.findElement(RemoteWebDriver.java:323)
at org.openqa.selenium.remote.RemoteWebDriver.findElementByXPath(RemoteWebDriver.java:428)
at org.openqa.selenium.By$ByXPath.findElement(By.java:353)
at org.openqa.selenium.remote.RemoteWebDriver.findElement(RemoteWebDriver.java:315)
at org.openqa.selenium.support.pagefactory.DefaultElementLocator.findElement(DefaultElementLocator.java:69)
at org.openqa.selenium.support.pagefactory.internal.LocatingElementHandler.invoke(LocatingElementHandler.java:38)
at com.sun.proxy.$Proxy12.click(Unknown Source)
at BAE_ROAD_TESTCASES.HomePage_BaeRoad.HomePageCreatedPostDeletion(HomePage_BaeRoad.java:380)
at java.base/java.util.ArrayList.forEach(ArrayList.java:1540)
... Removed 31 stack frames]]>
    </failure>
  </testcase> <!-- HomePageCreatedPostDeletion -->
  <testcase classname="BAE_ROAD_TESTCASES.HomePage_BaeRoad" name="HomePageCreatedPostEditTest" time="14.305"/>
  <testcase classname="BAE_ROAD_TESTCASES.HomePage_BaeRoad" name="CreateNewPostmultiuploadsTest" time="152.526"/>
</testsuite> <!-- HomePageTest BaeRoad -->
