<?xml version="1.0" encoding="UTF-8"?>
<!-- Generated by org.testng.reporters.JUnitXMLReporter -->
<testsuite ignored="0" hostname="DESKTOP-5PGD9M5" failures="1" tests="17" name="MessagePageTest BaeRoad" time="592.919" errors="0" timestamp="2020-08-05T11:40:15 IST">
  <testcase classname="BAE_ROAD_TESTCASES.MessagePage_BaeRoad" name="SuccefulLogin" time="0.62"/>
  <testcase classname="BAE_ROAD_TESTCASES.MessagePage_BaeRoad" name="MessageOptionSearchBoxFunctionalityTest" time="7.688"/>
  <testcase classname="BAE_ROAD_TESTCASES.MessagePage_BaeRoad" name="MessageOptionInvalidSearchBoxFunctionalityTest" time="6.273"/>
  <testcase classname="BAE_ROAD_TESTCASES.MessagePage_BaeRoad" name="MessageOptionMessageSendingFunctionalityTest" time="10.816"/>
  <testcase classname="BAE_ROAD_TESTCASES.MessagePage_BaeRoad" name="MessageOptionMessageFreeWritePostFunctionalityTest" time="11.74"/>
  <testcase classname="BAE_ROAD_TESTCASES.MessagePage_BaeRoad" name="MessageOptionMessagePaidWritePostFunctionalityTest" time="12.372"/>
  <testcase classname="BAE_ROAD_TESTCASES.MessagePage_BaeRoad" name="MessageOptionMessageFreePhotoOrVideoUploadPostFunctionalityTest" time="49.739"/>
  <testcase classname="BAE_ROAD_TESTCASES.MessagePage_BaeRoad" name="MessageOptionMessagePaidPhotoOrVideoUploadPostFunctionalityTest" time="51.338"/>
  <testcase classname="BAE_ROAD_TESTCASES.MessagePage_BaeRoad" name="MessageOptionMessageEmptyWritePostFunctionalityTest" time="18.29">
    <failure type="org.openqa.selenium.NoSuchElementException" message="no such element: Unable to locate element: {&amp;quot;method&amp;quot;:&amp;quot;xpath&amp;quot;,&amp;quot;selector&amp;quot;:&amp;quot;//textarea[contains(@placeholder,&amp;apos;Your post here&amp;apos;)]&amp;quot;}
  (Session info: chrome=84.0.4147.105)
For documentation on this error, please visit: https://www.seleniumhq.org/exceptions/no_such_element.html
Build info: version: &amp;apos;3.141.59&amp;apos;, revision: &amp;apos;e82be7d358&amp;apos;, time: &amp;apos;2018-11-14T08:25:48&amp;apos;
System info: host: &amp;apos;DESKTOP-5PGD9M5&amp;apos;, ip: &amp;apos;192.168.43.181&amp;apos;, os.name: &amp;apos;Windows 10&amp;apos;, os.arch: &amp;apos;amd64&amp;apos;, os.version: &amp;apos;10.0&amp;apos;, java.version: &amp;apos;11.0.2&amp;apos;
Driver info: org.openqa.selenium.chrome.ChromeDriver
Capabilities {acceptInsecureCerts: false, browserName: chrome, browserVersion: 84.0.4147.105, chrome: {chromedriverVersion: 83.0.4103.14 (be04594a2b841..., userDataDir: C:\Users\MENINB~1\AppData\L...}, goog:chromeOptions: {debuggerAddress: localhost:59678}, javascriptEnabled: true, networkConnectionEnabled: false, pageLoadStrategy: normal, platform: WINDOWS, platformName: WINDOWS, proxy: Proxy(), setWindowRect: true, strictFileInteractability: false, timeouts: {implicit: 0, pageLoad: 300000, script: 30000}, unhandledPromptBehavior: dismiss and notify, webauthn:virtualAuthenticators: true}
Session ID: aae7604eeec9c78b359a13909be65ab2
*** Element info: {Using=xpath, value=//textarea[contains(@placeholder,&amp;apos;Your post here&amp;apos;)]}">
      <![CDATA[org.openqa.selenium.NoSuchElementException: no such element: Unable to locate element: {"method":"xpath","selector":"//textarea[contains(@placeholder,'Your post here')]"}
  (Session info: chrome=84.0.4147.105)
For documentation on this error, please visit: https://www.seleniumhq.org/exceptions/no_such_element.html
Build info: version: '3.141.59', revision: 'e82be7d358', time: '2018-11-14T08:25:48'
System info: host: 'DESKTOP-5PGD9M5', ip: '192.168.43.181', os.name: 'Windows 10', os.arch: 'amd64', os.version: '10.0', java.version: '11.0.2'
Driver info: org.openqa.selenium.chrome.ChromeDriver
Capabilities {acceptInsecureCerts: false, browserName: chrome, browserVersion: 84.0.4147.105, chrome: {chromedriverVersion: 83.0.4103.14 (be04594a2b841..., userDataDir: C:\Users\MENINB~1\AppData\L...}, goog:chromeOptions: {debuggerAddress: localhost:59678}, javascriptEnabled: true, networkConnectionEnabled: false, pageLoadStrategy: normal, platform: WINDOWS, platformName: WINDOWS, proxy: Proxy(), setWindowRect: true, strictFileInteractability: false, timeouts: {implicit: 0, pageLoad: 300000, script: 30000}, unhandledPromptBehavior: dismiss and notify, webauthn:virtualAuthenticators: true}
Session ID: aae7604eeec9c78b359a13909be65ab2
*** Element info: {Using=xpath, value=//textarea[contains(@placeholder,'Your post here')]}
at org.openqa.selenium.remote.http.W3CHttpResponseCodec.createException(W3CHttpResponseCodec.java:187)
at org.openqa.selenium.remote.http.W3CHttpResponseCodec.decode(W3CHttpResponseCodec.java:122)
at org.openqa.selenium.remote.http.W3CHttpResponseCodec.decode(W3CHttpResponseCodec.java:49)
at org.openqa.selenium.remote.HttpCommandExecutor.execute(HttpCommandExecutor.java:158)
at org.openqa.selenium.remote.service.DriverCommandExecutor.execute(DriverCommandExecutor.java:83)
at org.openqa.selenium.remote.RemoteWebDriver.execute(RemoteWebDriver.java:552)
at org.openqa.selenium.remote.RemoteWebDriver.findElement(RemoteWebDriver.java:323)
at org.openqa.selenium.remote.RemoteWebDriver.findElementByXPath(RemoteWebDriver.java:428)
at org.openqa.selenium.By$ByXPath.findElement(By.java:353)
at org.openqa.selenium.remote.RemoteWebDriver.findElement(RemoteWebDriver.java:315)
at org.openqa.selenium.support.pagefactory.DefaultElementLocator.findElement(DefaultElementLocator.java:69)
at org.openqa.selenium.support.pagefactory.internal.LocatingElementHandler.invoke(LocatingElementHandler.java:38)
at com.sun.proxy.$Proxy12.sendKeys(Unknown Source)
at BAE_ROAD_TESTCASES.MessagePage_BaeRoad.MessageOptionMessageEmptyWritePostFunctionalityTest(MessagePage_BaeRoad.java:231)
at java.base/java.util.ArrayList.forEach(ArrayList.java:1540)
... Removed 31 stack frames]]>
    </failure>
  </testcase> <!-- MessageOptionMessageEmptyWritePostFunctionalityTest -->
  <testcase classname="BAE_ROAD_TESTCASES.MessagePage_BaeRoad" name="MessageOptionMessageEmptyPhotoOrVideoUploadPostFunctionalityTest" time="12.379"/>
  <testcase classname="BAE_ROAD_TESTCASES.MessagePage_BaeRoad" name="MessageOptionInfluencerFollowerTipOptionFunctionalityTest" time="11.642"/>
  <testcase classname="BAE_ROAD_TESTCASES.MessagePage_BaeRoad" name="MessageOptionBroadcastsFunctionalityTest" time="15.43"/>
  <testcase classname="BAE_ROAD_TESTCASES.MessagePage_BaeRoad" name="MessageOptionMessageDeleteCancelPostFunctionalityTest" time="8.731"/>
  <testcase classname="BAE_ROAD_TESTCASES.MessagePage_BaeRoad" name="MessageOptionMessageDeleteForMePostFunctionalityTest" time="13.221"/>
  <testcase classname="BAE_ROAD_TESTCASES.MessagePage_BaeRoad" name="MessageOptionMessageDeleteForEveryOnePostFunctionalityTest" time="13.695"/>
  <testcase classname="BAE_ROAD_TESTCASES.MessagePage_BaeRoad" name="MessageOptionMessageConversationCancelFunctionalityTest" time="8.515"/>
  <testcase classname="BAE_ROAD_TESTCASES.MessagePage_BaeRoad" name="MessageOptionMessageConversationDeleteFunctionalityTest" time="11.21"/>
</testsuite> <!-- MessagePageTest BaeRoad -->
