<?xml version="1.0" encoding="UTF-8"?>
<!-- Generated by org.testng.reporters.JUnitXMLReporter -->
<testsuite ignored="0" hostname="DESKTOP-5PGD9M5" failures="1" tests="17" name="ProfilePageTest BaeRoad" time="579.109" errors="0" timestamp="2020-08-05T11:30:22 IST">
  <testcase classname="BAE_ROAD_TESTCASES.ProfilePage_BaeRoad" name="SuccefulLogin" time="0.678"/>
  <testcase classname="BAE_ROAD_TESTCASES.ProfilePage_BaeRoad" name="UploadingProfilePicture" time="41.158"/>
  <testcase classname="BAE_ROAD_TESTCASES.ProfilePage_BaeRoad" name="UploadingCoverPicture" time="40.996"/>
  <testcase classname="BAE_ROAD_TESTCASES.ProfilePage_BaeRoad" name="ProfilePageDisplyedPostEditing" time="16.984">
    <failure type="org.openqa.selenium.NoSuchElementException" message="no such element: Unable to locate element: {&amp;quot;method&amp;quot;:&amp;quot;xpath&amp;quot;,&amp;quot;selector&amp;quot;:&amp;quot;//textarea[contains(@type,text)]&amp;quot;}
  (Session info: chrome=84.0.4147.105)
For documentation on this error, please visit: https://www.seleniumhq.org/exceptions/no_such_element.html
Build info: version: &amp;apos;3.141.59&amp;apos;, revision: &amp;apos;e82be7d358&amp;apos;, time: &amp;apos;2018-11-14T08:25:48&amp;apos;
System info: host: &amp;apos;DESKTOP-5PGD9M5&amp;apos;, ip: &amp;apos;192.168.43.181&amp;apos;, os.name: &amp;apos;Windows 10&amp;apos;, os.arch: &amp;apos;amd64&amp;apos;, os.version: &amp;apos;10.0&amp;apos;, java.version: &amp;apos;11.0.2&amp;apos;
Driver info: org.openqa.selenium.chrome.ChromeDriver
Capabilities {acceptInsecureCerts: false, browserName: chrome, browserVersion: 84.0.4147.105, chrome: {chromedriverVersion: 83.0.4103.14 (be04594a2b841..., userDataDir: C:\Users\MENINB~1\AppData\L...}, goog:chromeOptions: {debuggerAddress: localhost:56887}, javascriptEnabled: true, networkConnectionEnabled: false, pageLoadStrategy: normal, platform: WINDOWS, platformName: WINDOWS, proxy: Proxy(), setWindowRect: true, strictFileInteractability: false, timeouts: {implicit: 0, pageLoad: 300000, script: 30000}, unhandledPromptBehavior: dismiss and notify, webauthn:virtualAuthenticators: true}
Session ID: 24af43676b4ec4858426810d87106231
*** Element info: {Using=xpath, value=//textarea[contains(@type,text)]}">
      <![CDATA[org.openqa.selenium.NoSuchElementException: no such element: Unable to locate element: {"method":"xpath","selector":"//textarea[contains(@type,text)]"}
  (Session info: chrome=84.0.4147.105)
For documentation on this error, please visit: https://www.seleniumhq.org/exceptions/no_such_element.html
Build info: version: '3.141.59', revision: 'e82be7d358', time: '2018-11-14T08:25:48'
System info: host: 'DESKTOP-5PGD9M5', ip: '192.168.43.181', os.name: 'Windows 10', os.arch: 'amd64', os.version: '10.0', java.version: '11.0.2'
Driver info: org.openqa.selenium.chrome.ChromeDriver
Capabilities {acceptInsecureCerts: false, browserName: chrome, browserVersion: 84.0.4147.105, chrome: {chromedriverVersion: 83.0.4103.14 (be04594a2b841..., userDataDir: C:\Users\MENINB~1\AppData\L...}, goog:chromeOptions: {debuggerAddress: localhost:56887}, javascriptEnabled: true, networkConnectionEnabled: false, pageLoadStrategy: normal, platform: WINDOWS, platformName: WINDOWS, proxy: Proxy(), setWindowRect: true, strictFileInteractability: false, timeouts: {implicit: 0, pageLoad: 300000, script: 30000}, unhandledPromptBehavior: dismiss and notify, webauthn:virtualAuthenticators: true}
Session ID: 24af43676b4ec4858426810d87106231
*** Element info: {Using=xpath, value=//textarea[contains(@type,text)]}
at org.openqa.selenium.remote.http.W3CHttpResponseCodec.createException(W3CHttpResponseCodec.java:187)
at org.openqa.selenium.remote.http.W3CHttpResponseCodec.decode(W3CHttpResponseCodec.java:122)
at org.openqa.selenium.remote.http.W3CHttpResponseCodec.decode(W3CHttpResponseCodec.java:49)
at org.openqa.selenium.remote.HttpCommandExecutor.execute(HttpCommandExecutor.java:158)
at org.openqa.selenium.remote.service.DriverCommandExecutor.execute(DriverCommandExecutor.java:83)
at org.openqa.selenium.remote.RemoteWebDriver.execute(RemoteWebDriver.java:552)
at org.openqa.selenium.remote.RemoteWebDriver.findElement(RemoteWebDriver.java:323)
at org.openqa.selenium.remote.RemoteWebDriver.findElementByXPath(RemoteWebDriver.java:428)
at org.openqa.selenium.By$ByXPath.findElement(By.java:353)
at org.openqa.selenium.remote.RemoteWebDriver.findElement(RemoteWebDriver.java:315)
at org.openqa.selenium.support.pagefactory.DefaultElementLocator.findElement(DefaultElementLocator.java:69)
at org.openqa.selenium.support.pagefactory.internal.LocatingElementHandler.invoke(LocatingElementHandler.java:38)
at com.sun.proxy.$Proxy12.sendKeys(Unknown Source)
at BAE_ROAD_TESTCASES.ProfilePage_BaeRoad.ProfilePageDisplyedPostEditing(ProfilePage_BaeRoad.java:100)
at java.base/java.util.ArrayList.forEach(ArrayList.java:1540)
... Removed 31 stack frames]]>
    </failure>
  </testcase> <!-- ProfilePageDisplyedPostEditing -->
  <testcase classname="BAE_ROAD_TESTCASES.ProfilePage_BaeRoad" name="ProfilePageDisplyedPostDeletion" time="10.089"/>
  <testcase classname="BAE_ROAD_TESTCASES.ProfilePage_BaeRoad" name="VerifyingFollowersTipSendingOption" time="12.255"/>
  <testcase classname="BAE_ROAD_TESTCASES.ProfilePage_BaeRoad" name="VerifyingFollowersTipSendbuttonStatusTest" time="7.972"/>
  <testcase classname="BAE_ROAD_TESTCASES.ProfilePage_BaeRoad" name="ProfilePagePostEnabledOrNot" time="9.671"/>
  <testcase classname="BAE_ROAD_TESTCASES.ProfilePage_BaeRoad" name="ProfilePageToFollowingProfilePageNavigation" time="11.293"/>
  <testcase classname="BAE_ROAD_TESTCASES.ProfilePage_BaeRoad" name="ProfilePageToFollowersProfilePageNavigation" time="11.638"/>
  <testcase classname="BAE_ROAD_TESTCASES.ProfilePage_BaeRoad" name="ProfilePageFollowersCountValidation" time="4.278"/>
  <testcase classname="BAE_ROAD_TESTCASES.ProfilePage_BaeRoad" name="ProfilePageFollowingCountValidation" time="4.893"/>
  <testcase classname="BAE_ROAD_TESTCASES.ProfilePage_BaeRoad" name="ProfilePageMyFavoriteAddTest" time="12.348"/>
  <testcase classname="BAE_ROAD_TESTCASES.ProfilePage_BaeRoad" name="ProfilePageMyFavoriteRemoveTest" time="7.112"/>
  <testcase classname="BAE_ROAD_TESTCASES.ProfilePage_BaeRoad" name="ProfilePageMyFavoriteAddMultipleBae" time="33.424"/>
  <testcase classname="BAE_ROAD_TESTCASES.ProfilePage_BaeRoad" name="ProfilePageMyFavoriteRemoveMultipleBae" time="17.587"/>
  <testcase classname="BAE_ROAD_TESTCASES.ProfilePage_BaeRoad" name="ProfilePageAboutShowdetailsValidation" time="6.483"/>
</testsuite> <!-- ProfilePageTest BaeRoad -->
