<html>
<head>
<title>TestNG:  PurchasesPageTest BaeRoad</title>
<link href="../testng.css" rel="stylesheet" type="text/css" />
<link href="../my-testng.css" rel="stylesheet" type="text/css" />

<style type="text/css">
.log { display: none;} 
.stack-trace { display: none;} 
</style>
<script type="text/javascript">
<!--
function flip(e) {
  current = e.style.display;
  if (current == 'block') {
    e.style.display = 'none';
    return 0;
  }
  else {
    e.style.display = 'block';
    return 1;
  }
}

function toggleBox(szDivId, elem, msg1, msg2)
{
  var res = -1;  if (document.getElementById) {
    res = flip(document.getElementById(szDivId));
  }
  else if (document.all) {
    // this is the way old msie versions work
    res = flip(document.all[szDivId]);
  }
  if(elem) {
    if(res == 0) elem.innerHTML = msg1; else elem.innerHTML = msg2;
  }

}

function toggleAllBoxes() {
  if (document.getElementsByTagName) {
    d = document.getElementsByTagName('div');
    for (i = 0; i < d.length; i++) {
      if (d[i].className == 'log') {
        flip(d[i]);
      }
    }
  }
}

// -->
</script>

</head>
<body>
<h2 align='center'>PurchasesPageTest BaeRoad</h2><table border='1' align="center">
<tr>
<td>Tests passed/Failed/Skipped:</td><td>4/1/0</td>
</tr><tr>
<td>Started on:</td><td>Wed Aug 05 12:05:21 IST 2020</td>
</tr>
<tr><td>Total time:</td><td>112 seconds (112622 ms)</td>
</tr><tr>
<td>Included groups:</td><td></td>
</tr><tr>
<td>Excluded groups:</td><td></td>
</tr>
</table><p/>
<small><i>(Hover the method name to see the test class name)</i></small><p/>
<table width='100%' border='1' class='invocation-failed'>
<tr><td colspan='4' align='center'><b>FAILED TESTS</b></td></tr>
<tr><td><b>Test method</b></td>
<td width="30%"><b>Exception</b></td>
<td width="10%"><b>Time (seconds)</b></td>
<td><b>Instance</b></td>
</tr>
<tr>
<td title='BAE_ROAD_TESTCASES.AccountsPage_BaeRoad.AccountsPageMessgeOptionFreeUploadPost()'><b>AccountsPageMessgeOptionFreeUploadPost</b><br>Test class: BAE_ROAD_TESTCASES.AccountsPage_BaeRoad</td>
<td><div><pre>java.lang.AssertionError: expected [Post Cannot be Empty] but found [Post Created]
	at BAE_ROAD_TESTCASES.AccountsPage_BaeRoad.AccountsPageMessgeOptionFreeUploadPost(AccountsPage_BaeRoad.java:165)
	at java.base/java.util.ArrayList.forEach(ArrayList.java:1540)
... Removed 32 stack frames</pre></div><a href='#' onClick='toggleBox("stack-trace1115664153", this, "Click to show all stack frames", "Click to hide stack frames")'>Click to show all stack frames</a>
<div class='stack-trace' id='stack-trace1115664153'><pre>java.lang.AssertionError: expected [Post Cannot be Empty] but found [Post Created]
	at org.testng.Assert.fail(Assert.java:97)
	at org.testng.Assert.assertEqualsImpl(Assert.java:136)
	at org.testng.Assert.assertEquals(Assert.java:118)
	at org.testng.Assert.assertEquals(Assert.java:575)
	at org.testng.Assert.assertEquals(Assert.java:585)
	at BAE_ROAD_TESTCASES.AccountsPage_BaeRoad.AccountsPageMessgeOptionFreeUploadPost(AccountsPage_BaeRoad.java:165)
	at java.base/jdk.internal.reflect.NativeMethodAccessorImpl.invoke0(Native Method)
	at java.base/jdk.internal.reflect.NativeMethodAccessorImpl.invoke(NativeMethodAccessorImpl.java:62)
	at java.base/jdk.internal.reflect.DelegatingMethodAccessorImpl.invoke(DelegatingMethodAccessorImpl.java:43)
	at java.base/java.lang.reflect.Method.invoke(Method.java:566)
	at org.testng.internal.MethodInvocationHelper.invokeMethod(MethodInvocationHelper.java:134)
	at org.testng.internal.TestInvoker.invokeMethod(TestInvoker.java:597)
	at org.testng.internal.TestInvoker.invokeTestMethod(TestInvoker.java:173)
	at org.testng.internal.MethodRunner.runInSequence(MethodRunner.java:46)
	at org.testng.internal.TestInvoker$MethodInvocationAgent.invoke(TestInvoker.java:816)
	at org.testng.internal.TestInvoker.invokeTestMethods(TestInvoker.java:146)
	at org.testng.internal.TestMethodWorker.invokeTestMethods(TestMethodWorker.java:146)
	at org.testng.internal.TestMethodWorker.run(TestMethodWorker.java:128)
	at java.base/java.util.ArrayList.forEach(ArrayList.java:1540)
	at org.testng.TestRunner.privateRun(TestRunner.java:766)
	at org.testng.TestRunner.run(TestRunner.java:587)
	at org.testng.SuiteRunner.runTest(SuiteRunner.java:384)
	at org.testng.SuiteRunner.runSequentially(SuiteRunner.java:378)
	at org.testng.SuiteRunner.privateRun(SuiteRunner.java:337)
	at org.testng.SuiteRunner.run(SuiteRunner.java:286)
	at org.testng.SuiteRunnerWorker.runSuite(SuiteRunnerWorker.java:53)
	at org.testng.SuiteRunnerWorker.run(SuiteRunnerWorker.java:96)
	at org.testng.TestNG.runSuitesSequentially(TestNG.java:1187)
	at org.testng.TestNG.runSuitesLocally(TestNG.java:1109)
	at org.testng.TestNG.runSuites(TestNG.java:1039)
	at org.testng.TestNG.run(TestNG.java:1007)
	at org.testng.remote.AbstractRemoteTestNG.run(AbstractRemoteTestNG.java:115)
	at org.testng.remote.RemoteTestNG.initAndRun(RemoteTestNG.java:251)
	at org.testng.remote.RemoteTestNG.main(RemoteTestNG.java:77)
</pre></div></td>
<td>50</td>
<td>BAE_ROAD_TESTCASES.AccountsPage_BaeRoad@1e6454ec</td></tr>
<tr>
<td title='BAE_ROAD_TESTCASES.AccountsPage_BaeRoad.AccountsPageMessgeOptionPostEdit()'><b>AccountsPageMessgeOptionPostEdit</b><br>Test class: BAE_ROAD_TESTCASES.AccountsPage_BaeRoad</td>
<td><div><pre>org.openqa.selenium.NoSuchElementException: no such element: Unable to locate element: {&quot;method&quot;:&quot;xpath&quot;,&quot;selector&quot;:&quot;//div[contains(@class,&apos;modal_input&apos;)]/child::textarea&quot;}
  (Session info: chrome=84.0.4147.105)
For documentation on this error, please visit: https://www.seleniumhq.org/exceptions/no_such_element.html
Build info: version: &apos;3.141.59&apos;, revision: &apos;e82be7d358&apos;, time: &apos;2018-11-14T08:25:48&apos;
System info: host: &apos;DESKTOP-5PGD9M5&apos;, ip: &apos;192.168.43.181&apos;, os.name: &apos;Windows 10&apos;, os.arch: &apos;amd64&apos;, os.version: &apos;10.0&apos;, java.version: &apos;11.0.2&apos;
Driver info: org.openqa.selenium.chrome.ChromeDriver
Capabilities {acceptInsecureCerts: false, browserName: chrome, browserVersion: 84.0.4147.105, chrome: {chromedriverVersion: 83.0.4103.14 (be04594a2b841..., userDataDir: C:\Users\MENINB~1\AppData\L...}, goog:chromeOptions: {debuggerAddress: localhost:61806}, javascriptEnabled: true, networkConnectionEnabled: false, pageLoadStrategy: normal, platform: WINDOWS, platformName: WINDOWS, proxy: Proxy(), setWindowRect: true, strictFileInteractability: false, timeouts: {implicit: 0, pageLoad: 300000, script: 30000}, unhandledPromptBehavior: dismiss and notify, webauthn:virtualAuthenticators: true}
Session ID: 83d816a027057fa005e42d5d0304d2c1
*** Element info: {Using=xpath, value=//div[contains(@class,&apos;modal_input&apos;)]/child::textarea}
	at org.openqa.selenium.remote.http.W3CHttpResponseCodec.createException(W3CHttpResponseCodec.java:187)
	at org.openqa.selenium.remote.http.W3CHttpResponseCodec.decode(W3CHttpResponseCodec.java:122)
	at org.openqa.selenium.remote.http.W3CHttpResponseCodec.decode(W3CHttpResponseCodec.java:49)
	at org.openqa.selenium.remote.HttpCommandExecutor.execute(HttpCommandExecutor.java:158)
	at org.openqa.selenium.remote.service.DriverCommandExecutor.execute(DriverCommandExecutor.java:83)
	at org.openqa.selenium.remote.RemoteWebDriver.execute(RemoteWebDriver.java:552)
	at org.openqa.selenium.remote.RemoteWebDriver.findElement(RemoteWebDriver.java:323)
	at org.openqa.selenium.remote.RemoteWebDriver.findElementByXPath(RemoteWebDriver.java:428)
	at org.openqa.selenium.By$ByXPath.findElement(By.java:353)
	at org.openqa.selenium.remote.RemoteWebDriver.findElement(RemoteWebDriver.java:315)
	at org.openqa.selenium.support.pagefactory.DefaultElementLocator.findElement(DefaultElementLocator.java:69)
	at org.openqa.selenium.support.pagefactory.internal.LocatingElementHandler.invoke(LocatingElementHandler.java:38)
	at com.sun.proxy.$Proxy12.sendKeys(Unknown Source)
	at BAE_ROAD_TESTCASES.AccountsPage_BaeRoad.AccountsPageMessgeOptionPostEdit(AccountsPage_BaeRoad.java:238)
	at java.base/java.util.ArrayList.forEach(ArrayList.java:1540)
... Removed 31 stack frames</pre></div><a href='#' onClick='toggleBox("stack-trace1083670443", this, "Click to show all stack frames", "Click to hide stack frames")'>Click to show all stack frames</a>
<div class='stack-trace' id='stack-trace1083670443'><pre>org.openqa.selenium.NoSuchElementException: no such element: Unable to locate element: {&quot;method&quot;:&quot;xpath&quot;,&quot;selector&quot;:&quot;//div[contains(@class,&apos;modal_input&apos;)]/child::textarea&quot;}
  (Session info: chrome=84.0.4147.105)
For documentation on this error, please visit: https://www.seleniumhq.org/exceptions/no_such_element.html
Build info: version: &apos;3.141.59&apos;, revision: &apos;e82be7d358&apos;, time: &apos;2018-11-14T08:25:48&apos;
System info: host: &apos;DESKTOP-5PGD9M5&apos;, ip: &apos;192.168.43.181&apos;, os.name: &apos;Windows 10&apos;, os.arch: &apos;amd64&apos;, os.version: &apos;10.0&apos;, java.version: &apos;11.0.2&apos;
Driver info: org.openqa.selenium.chrome.ChromeDriver
Capabilities {acceptInsecureCerts: false, browserName: chrome, browserVersion: 84.0.4147.105, chrome: {chromedriverVersion: 83.0.4103.14 (be04594a2b841..., userDataDir: C:\Users\MENINB~1\AppData\L...}, goog:chromeOptions: {debuggerAddress: localhost:61806}, javascriptEnabled: true, networkConnectionEnabled: false, pageLoadStrategy: normal, platform: WINDOWS, platformName: WINDOWS, proxy: Proxy(), setWindowRect: true, strictFileInteractability: false, timeouts: {implicit: 0, pageLoad: 300000, script: 30000}, unhandledPromptBehavior: dismiss and notify, webauthn:virtualAuthenticators: true}
Session ID: 83d816a027057fa005e42d5d0304d2c1
*** Element info: {Using=xpath, value=//div[contains(@class,&apos;modal_input&apos;)]/child::textarea}
	at java.base/jdk.internal.reflect.NativeConstructorAccessorImpl.newInstance0(Native Method)
	at java.base/jdk.internal.reflect.NativeConstructorAccessorImpl.newInstance(NativeConstructorAccessorImpl.java:62)
	at java.base/jdk.internal.reflect.DelegatingConstructorAccessorImpl.newInstance(DelegatingConstructorAccessorImpl.java:45)
	at java.base/java.lang.reflect.Constructor.newInstance(Constructor.java:490)
	at org.openqa.selenium.remote.http.W3CHttpResponseCodec.createException(W3CHttpResponseCodec.java:187)
	at org.openqa.selenium.remote.http.W3CHttpResponseCodec.decode(W3CHttpResponseCodec.java:122)
	at org.openqa.selenium.remote.http.W3CHttpResponseCodec.decode(W3CHttpResponseCodec.java:49)
	at org.openqa.selenium.remote.HttpCommandExecutor.execute(HttpCommandExecutor.java:158)
	at org.openqa.selenium.remote.service.DriverCommandExecutor.execute(DriverCommandExecutor.java:83)
	at org.openqa.selenium.remote.RemoteWebDriver.execute(RemoteWebDriver.java:552)
	at org.openqa.selenium.remote.RemoteWebDriver.findElement(RemoteWebDriver.java:323)
	at org.openqa.selenium.remote.RemoteWebDriver.findElementByXPath(RemoteWebDriver.java:428)
	at org.openqa.selenium.By$ByXPath.findElement(By.java:353)
	at org.openqa.selenium.remote.RemoteWebDriver.findElement(RemoteWebDriver.java:315)
	at org.openqa.selenium.support.pagefactory.DefaultElementLocator.findElement(DefaultElementLocator.java:69)
	at org.openqa.selenium.support.pagefactory.internal.LocatingElementHandler.invoke(LocatingElementHandler.java:38)
	at com.sun.proxy.$Proxy12.sendKeys(Unknown Source)
	at BAE_ROAD_TESTCASES.AccountsPage_BaeRoad.AccountsPageMessgeOptionPostEdit(AccountsPage_BaeRoad.java:238)
	at java.base/jdk.internal.reflect.NativeMethodAccessorImpl.invoke0(Native Method)
	at java.base/jdk.internal.reflect.NativeMethodAccessorImpl.invoke(NativeMethodAccessorImpl.java:62)
	at java.base/jdk.internal.reflect.DelegatingMethodAccessorImpl.invoke(DelegatingMethodAccessorImpl.java:43)
	at java.base/java.lang.reflect.Method.invoke(Method.java:566)
	at org.testng.internal.MethodInvocationHelper.invokeMethod(MethodInvocationHelper.java:134)
	at org.testng.internal.TestInvoker.invokeMethod(TestInvoker.java:597)
	at org.testng.internal.TestInvoker.invokeTestMethod(TestInvoker.java:173)
	at org.testng.internal.MethodRunner.runInSequence(MethodRunner.java:46)
	at org.testng.internal.TestInvoker$MethodInvocationAgent.invoke(TestInvoker.java:816)
	at org.testng.internal.TestInvoker.invokeTestMethods(TestInvoker.java:146)
	at org.testng.internal.TestMethodWorker.invokeTestMethods(TestMethodWorker.java:146)
	at org.testng.internal.TestMethodWorker.run(TestMethodWorker.java:128)
	at java.base/java.util.ArrayList.forEach(ArrayList.java:1540)
	at org.testng.TestRunner.privateRun(TestRunner.java:766)
	at org.testng.TestRunner.run(TestRunner.java:587)
	at org.testng.SuiteRunner.runTest(SuiteRunner.java:384)
	at org.testng.SuiteRunner.runSequentially(SuiteRunner.java:378)
	at org.testng.SuiteRunner.privateRun(SuiteRunner.java:337)
	at org.testng.SuiteRunner.run(SuiteRunner.java:286)
	at org.testng.SuiteRunnerWorker.runSuite(SuiteRunnerWorker.java:53)
	at org.testng.SuiteRunnerWorker.run(SuiteRunnerWorker.java:96)
	at org.testng.TestNG.runSuitesSequentially(TestNG.java:1187)
	at org.testng.TestNG.runSuitesLocally(TestNG.java:1109)
	at org.testng.TestNG.runSuites(TestNG.java:1039)
	at org.testng.TestNG.run(TestNG.java:1007)
	at org.testng.remote.AbstractRemoteTestNG.run(AbstractRemoteTestNG.java:115)
	at org.testng.remote.RemoteTestNG.initAndRun(RemoteTestNG.java:251)
	at org.testng.remote.RemoteTestNG.main(RemoteTestNG.java:77)
</pre></div></td>
<td>19</td>
<td>BAE_ROAD_TESTCASES.AccountsPage_BaeRoad@1e6454ec</td></tr>
<tr>
<td title='BAE_ROAD_TESTCASES.AccountsPage_BaeRoad.AccountsPagepaymentOptionAddInvalidCardValidCvvExpDateZipTest()'><b>AccountsPagepaymentOptionAddInvalidCardValidCvvExpDateZipTest</b><br>Test class: BAE_ROAD_TESTCASES.AccountsPage_BaeRoad</td>
<td><div><pre>org.openqa.selenium.NoSuchElementException: no such element: Unable to locate element: {&quot;method&quot;:&quot;xpath&quot;,&quot;selector&quot;:&quot;//div[@class=&apos;CardField CardField--ltr&apos;]/child::div[2]/span/span/div/div[2]/span/input&quot;}
  (Session info: chrome=84.0.4147.105)
For documentation on this error, please visit: https://www.seleniumhq.org/exceptions/no_such_element.html
Build info: version: &apos;3.141.59&apos;, revision: &apos;e82be7d358&apos;, time: &apos;2018-11-14T08:25:48&apos;
System info: host: &apos;DESKTOP-5PGD9M5&apos;, ip: &apos;192.168.43.181&apos;, os.name: &apos;Windows 10&apos;, os.arch: &apos;amd64&apos;, os.version: &apos;10.0&apos;, java.version: &apos;11.0.2&apos;
Driver info: org.openqa.selenium.chrome.ChromeDriver
Capabilities {acceptInsecureCerts: false, browserName: chrome, browserVersion: 84.0.4147.105, chrome: {chromedriverVersion: 83.0.4103.14 (be04594a2b841..., userDataDir: C:\Users\MENINB~1\AppData\L...}, goog:chromeOptions: {debuggerAddress: localhost:49552}, javascriptEnabled: true, networkConnectionEnabled: false, pageLoadStrategy: normal, platform: WINDOWS, platformName: WINDOWS, proxy: Proxy(), setWindowRect: true, strictFileInteractability: false, timeouts: {implicit: 0, pageLoad: 300000, script: 30000}, unhandledPromptBehavior: dismiss and notify, webauthn:virtualAuthenticators: true}
Session ID: 7e5678f606c77a56e45b8c17d7a25ab7
*** Element info: {Using=xpath, value=//div[@class=&apos;CardField CardField--ltr&apos;]/child::div[2]/span/span/div/div[2]/span/input}
	at org.openqa.selenium.remote.http.W3CHttpResponseCodec.createException(W3CHttpResponseCodec.java:187)
	at org.openqa.selenium.remote.http.W3CHttpResponseCodec.decode(W3CHttpResponseCodec.java:122)
	at org.openqa.selenium.remote.http.W3CHttpResponseCodec.decode(W3CHttpResponseCodec.java:49)
	at org.openqa.selenium.remote.HttpCommandExecutor.execute(HttpCommandExecutor.java:158)
	at org.openqa.selenium.remote.service.DriverCommandExecutor.execute(DriverCommandExecutor.java:83)
	at org.openqa.selenium.remote.RemoteWebDriver.execute(RemoteWebDriver.java:552)
	at org.openqa.selenium.remote.RemoteWebDriver.findElement(RemoteWebDriver.java:323)
	at org.openqa.selenium.remote.RemoteWebDriver.findElementByXPath(RemoteWebDriver.java:428)
	at org.openqa.selenium.By$ByXPath.findElement(By.java:353)
	at org.openqa.selenium.remote.RemoteWebDriver.findElement(RemoteWebDriver.java:315)
	at org.openqa.selenium.support.pagefactory.DefaultElementLocator.findElement(DefaultElementLocator.java:69)
	at org.openqa.selenium.support.pagefactory.internal.LocatingElementHandler.invoke(LocatingElementHandler.java:38)
	at com.sun.proxy.$Proxy12.sendKeys(Unknown Source)
	at BAE_ROAD_TESTCASES.AccountsPage_BaeRoad.AccountsPagepaymentOptionAddInvalidCardValidCvvExpDateZipTest(AccountsPage_BaeRoad.java:1071)
	at java.base/java.util.ArrayList.forEach(ArrayList.java:1540)
... Removed 31 stack frames</pre></div><a href='#' onClick='toggleBox("stack-trace1676251102", this, "Click to show all stack frames", "Click to hide stack frames")'>Click to show all stack frames</a>
<div class='stack-trace' id='stack-trace1676251102'><pre>org.openqa.selenium.NoSuchElementException: no such element: Unable to locate element: {&quot;method&quot;:&quot;xpath&quot;,&quot;selector&quot;:&quot;//div[@class=&apos;CardField CardField--ltr&apos;]/child::div[2]/span/span/div/div[2]/span/input&quot;}
  (Session info: chrome=84.0.4147.105)
For documentation on this error, please visit: https://www.seleniumhq.org/exceptions/no_such_element.html
Build info: version: &apos;3.141.59&apos;, revision: &apos;e82be7d358&apos;, time: &apos;2018-11-14T08:25:48&apos;
System info: host: &apos;DESKTOP-5PGD9M5&apos;, ip: &apos;192.168.43.181&apos;, os.name: &apos;Windows 10&apos;, os.arch: &apos;amd64&apos;, os.version: &apos;10.0&apos;, java.version: &apos;11.0.2&apos;
Driver info: org.openqa.selenium.chrome.ChromeDriver
Capabilities {acceptInsecureCerts: false, browserName: chrome, browserVersion: 84.0.4147.105, chrome: {chromedriverVersion: 83.0.4103.14 (be04594a2b841..., userDataDir: C:\Users\MENINB~1\AppData\L...}, goog:chromeOptions: {debuggerAddress: localhost:49552}, javascriptEnabled: true, networkConnectionEnabled: false, pageLoadStrategy: normal, platform: WINDOWS, platformName: WINDOWS, proxy: Proxy(), setWindowRect: true, strictFileInteractability: false, timeouts: {implicit: 0, pageLoad: 300000, script: 30000}, unhandledPromptBehavior: dismiss and notify, webauthn:virtualAuthenticators: true}
Session ID: 7e5678f606c77a56e45b8c17d7a25ab7
*** Element info: {Using=xpath, value=//div[@class=&apos;CardField CardField--ltr&apos;]/child::div[2]/span/span/div/div[2]/span/input}
	at java.base/jdk.internal.reflect.NativeConstructorAccessorImpl.newInstance0(Native Method)
	at java.base/jdk.internal.reflect.NativeConstructorAccessorImpl.newInstance(NativeConstructorAccessorImpl.java:62)
	at java.base/jdk.internal.reflect.DelegatingConstructorAccessorImpl.newInstance(DelegatingConstructorAccessorImpl.java:45)
	at java.base/java.lang.reflect.Constructor.newInstance(Constructor.java:490)
	at org.openqa.selenium.remote.http.W3CHttpResponseCodec.createException(W3CHttpResponseCodec.java:187)
	at org.openqa.selenium.remote.http.W3CHttpResponseCodec.decode(W3CHttpResponseCodec.java:122)
	at org.openqa.selenium.remote.http.W3CHttpResponseCodec.decode(W3CHttpResponseCodec.java:49)
	at org.openqa.selenium.remote.HttpCommandExecutor.execute(HttpCommandExecutor.java:158)
	at org.openqa.selenium.remote.service.DriverCommandExecutor.execute(DriverCommandExecutor.java:83)
	at org.openqa.selenium.remote.RemoteWebDriver.execute(RemoteWebDriver.java:552)
	at org.openqa.selenium.remote.RemoteWebDriver.findElement(RemoteWebDriver.java:323)
	at org.openqa.selenium.remote.RemoteWebDriver.findElementByXPath(RemoteWebDriver.java:428)
	at org.openqa.selenium.By$ByXPath.findElement(By.java:353)
	at org.openqa.selenium.remote.RemoteWebDriver.findElement(RemoteWebDriver.java:315)
	at org.openqa.selenium.support.pagefactory.DefaultElementLocator.findElement(DefaultElementLocator.java:69)
	at org.openqa.selenium.support.pagefactory.internal.LocatingElementHandler.invoke(LocatingElementHandler.java:38)
	at com.sun.proxy.$Proxy12.sendKeys(Unknown Source)
	at BAE_ROAD_TESTCASES.AccountsPage_BaeRoad.AccountsPagepaymentOptionAddInvalidCardValidCvvExpDateZipTest(AccountsPage_BaeRoad.java:1071)
	at java.base/jdk.internal.reflect.NativeMethodAccessorImpl.invoke0(Native Method)
	at java.base/jdk.internal.reflect.NativeMethodAccessorImpl.invoke(NativeMethodAccessorImpl.java:62)
	at java.base/jdk.internal.reflect.DelegatingMethodAccessorImpl.invoke(DelegatingMethodAccessorImpl.java:43)
	at java.base/java.lang.reflect.Method.invoke(Method.java:566)
	at org.testng.internal.MethodInvocationHelper.invokeMethod(MethodInvocationHelper.java:134)
	at org.testng.internal.TestInvoker.invokeMethod(TestInvoker.java:597)
	at org.testng.internal.TestInvoker.invokeTestMethod(TestInvoker.java:173)
	at org.testng.internal.MethodRunner.runInSequence(MethodRunner.java:46)
	at org.testng.internal.TestInvoker$MethodInvocationAgent.invoke(TestInvoker.java:816)
	at org.testng.internal.TestInvoker.invokeTestMethods(TestInvoker.java:146)
	at org.testng.internal.TestMethodWorker.invokeTestMethods(TestMethodWorker.java:146)
	at org.testng.internal.TestMethodWorker.run(TestMethodWorker.java:128)
	at java.base/java.util.ArrayList.forEach(ArrayList.java:1540)
	at org.testng.TestRunner.privateRun(TestRunner.java:766)
	at org.testng.TestRunner.run(TestRunner.java:587)
	at org.testng.SuiteRunner.runTest(SuiteRunner.java:384)
	at org.testng.SuiteRunner.runSequentially(SuiteRunner.java:378)
	at org.testng.SuiteRunner.privateRun(SuiteRunner.java:337)
	at org.testng.SuiteRunner.run(SuiteRunner.java:286)
	at org.testng.SuiteRunnerWorker.runSuite(SuiteRunnerWorker.java:53)
	at org.testng.SuiteRunnerWorker.run(SuiteRunnerWorker.java:96)
	at org.testng.TestNG.runSuitesSequentially(TestNG.java:1187)
	at org.testng.TestNG.runSuitesLocally(TestNG.java:1109)
	at org.testng.TestNG.runSuites(TestNG.java:1039)
	at org.testng.TestNG.run(TestNG.java:1007)
	at org.testng.remote.AbstractRemoteTestNG.run(AbstractRemoteTestNG.java:115)
	at org.testng.remote.RemoteTestNG.initAndRun(RemoteTestNG.java:251)
	at org.testng.remote.RemoteTestNG.main(RemoteTestNG.java:77)
</pre></div></td>
<td>21</td>
<td>BAE_ROAD_TESTCASES.AccountsPage_BaeRoad@1e6454ec</td></tr>
<tr>
<td title='BAE_ROAD_TESTCASES.AccountsPage_BaeRoad.AccountsPagepaymentOptionAddMulticardTestTest()'><b>AccountsPagepaymentOptionAddMulticardTestTest</b><br>Test class: BAE_ROAD_TESTCASES.AccountsPage_BaeRoad</td>
<td><div><pre>org.openqa.selenium.NoSuchElementException: no such element: Unable to locate element: {&quot;method&quot;:&quot;xpath&quot;,&quot;selector&quot;:&quot;//div[@class=&apos;CardField CardField--ltr&apos;]/child::div[2]/span/span/div/div[2]/span/input&quot;}
  (Session info: chrome=84.0.4147.105)
For documentation on this error, please visit: https://www.seleniumhq.org/exceptions/no_such_element.html
Build info: version: &apos;3.141.59&apos;, revision: &apos;e82be7d358&apos;, time: &apos;2018-11-14T08:25:48&apos;
System info: host: &apos;DESKTOP-5PGD9M5&apos;, ip: &apos;192.168.43.181&apos;, os.name: &apos;Windows 10&apos;, os.arch: &apos;amd64&apos;, os.version: &apos;10.0&apos;, java.version: &apos;11.0.2&apos;
Driver info: org.openqa.selenium.chrome.ChromeDriver
Capabilities {acceptInsecureCerts: false, browserName: chrome, browserVersion: 84.0.4147.105, chrome: {chromedriverVersion: 83.0.4103.14 (be04594a2b841..., userDataDir: C:\Users\MENINB~1\AppData\L...}, goog:chromeOptions: {debuggerAddress: localhost:50102}, javascriptEnabled: true, networkConnectionEnabled: false, pageLoadStrategy: normal, platform: WINDOWS, platformName: WINDOWS, proxy: Proxy(), setWindowRect: true, strictFileInteractability: false, timeouts: {implicit: 0, pageLoad: 300000, script: 30000}, unhandledPromptBehavior: dismiss and notify, webauthn:virtualAuthenticators: true}
Session ID: 211daf892cd11264b4acda0eae0d3555
*** Element info: {Using=xpath, value=//div[@class=&apos;CardField CardField--ltr&apos;]/child::div[2]/span/span/div/div[2]/span/input}
	at org.openqa.selenium.remote.http.W3CHttpResponseCodec.createException(W3CHttpResponseCodec.java:187)
	at org.openqa.selenium.remote.http.W3CHttpResponseCodec.decode(W3CHttpResponseCodec.java:122)
	at org.openqa.selenium.remote.http.W3CHttpResponseCodec.decode(W3CHttpResponseCodec.java:49)
	at org.openqa.selenium.remote.HttpCommandExecutor.execute(HttpCommandExecutor.java:158)
	at org.openqa.selenium.remote.service.DriverCommandExecutor.execute(DriverCommandExecutor.java:83)
	at org.openqa.selenium.remote.RemoteWebDriver.execute(RemoteWebDriver.java:552)
	at org.openqa.selenium.remote.RemoteWebDriver.findElement(RemoteWebDriver.java:323)
	at org.openqa.selenium.remote.RemoteWebDriver.findElementByXPath(RemoteWebDriver.java:428)
	at org.openqa.selenium.By$ByXPath.findElement(By.java:353)
	at org.openqa.selenium.remote.RemoteWebDriver.findElement(RemoteWebDriver.java:315)
	at org.openqa.selenium.support.pagefactory.DefaultElementLocator.findElement(DefaultElementLocator.java:69)
	at org.openqa.selenium.support.pagefactory.internal.LocatingElementHandler.invoke(LocatingElementHandler.java:38)
	at com.sun.proxy.$Proxy12.sendKeys(Unknown Source)
	at BAE_ROAD_TESTCASES.AccountsPage_BaeRoad.AccountsPagepaymentOptionAddMulticardTestTest(AccountsPage_BaeRoad.java:1185)
	at java.base/java.util.ArrayList.forEach(ArrayList.java:1540)
... Removed 31 stack frames</pre></div><a href='#' onClick='toggleBox("stack-trace368551106", this, "Click to show all stack frames", "Click to hide stack frames")'>Click to show all stack frames</a>
<div class='stack-trace' id='stack-trace368551106'><pre>org.openqa.selenium.NoSuchElementException: no such element: Unable to locate element: {&quot;method&quot;:&quot;xpath&quot;,&quot;selector&quot;:&quot;//div[@class=&apos;CardField CardField--ltr&apos;]/child::div[2]/span/span/div/div[2]/span/input&quot;}
  (Session info: chrome=84.0.4147.105)
For documentation on this error, please visit: https://www.seleniumhq.org/exceptions/no_such_element.html
Build info: version: &apos;3.141.59&apos;, revision: &apos;e82be7d358&apos;, time: &apos;2018-11-14T08:25:48&apos;
System info: host: &apos;DESKTOP-5PGD9M5&apos;, ip: &apos;192.168.43.181&apos;, os.name: &apos;Windows 10&apos;, os.arch: &apos;amd64&apos;, os.version: &apos;10.0&apos;, java.version: &apos;11.0.2&apos;
Driver info: org.openqa.selenium.chrome.ChromeDriver
Capabilities {acceptInsecureCerts: false, browserName: chrome, browserVersion: 84.0.4147.105, chrome: {chromedriverVersion: 83.0.4103.14 (be04594a2b841..., userDataDir: C:\Users\MENINB~1\AppData\L...}, goog:chromeOptions: {debuggerAddress: localhost:50102}, javascriptEnabled: true, networkConnectionEnabled: false, pageLoadStrategy: normal, platform: WINDOWS, platformName: WINDOWS, proxy: Proxy(), setWindowRect: true, strictFileInteractability: false, timeouts: {implicit: 0, pageLoad: 300000, script: 30000}, unhandledPromptBehavior: dismiss and notify, webauthn:virtualAuthenticators: true}
Session ID: 211daf892cd11264b4acda0eae0d3555
*** Element info: {Using=xpath, value=//div[@class=&apos;CardField CardField--ltr&apos;]/child::div[2]/span/span/div/div[2]/span/input}
	at java.base/jdk.internal.reflect.NativeConstructorAccessorImpl.newInstance0(Native Method)
	at java.base/jdk.internal.reflect.NativeConstructorAccessorImpl.newInstance(NativeConstructorAccessorImpl.java:62)
	at java.base/jdk.internal.reflect.DelegatingConstructorAccessorImpl.newInstance(DelegatingConstructorAccessorImpl.java:45)
	at java.base/java.lang.reflect.Constructor.newInstance(Constructor.java:490)
	at org.openqa.selenium.remote.http.W3CHttpResponseCodec.createException(W3CHttpResponseCodec.java:187)
	at org.openqa.selenium.remote.http.W3CHttpResponseCodec.decode(W3CHttpResponseCodec.java:122)
	at org.openqa.selenium.remote.http.W3CHttpResponseCodec.decode(W3CHttpResponseCodec.java:49)
	at org.openqa.selenium.remote.HttpCommandExecutor.execute(HttpCommandExecutor.java:158)
	at org.openqa.selenium.remote.service.DriverCommandExecutor.execute(DriverCommandExecutor.java:83)
	at org.openqa.selenium.remote.RemoteWebDriver.execute(RemoteWebDriver.java:552)
	at org.openqa.selenium.remote.RemoteWebDriver.findElement(RemoteWebDriver.java:323)
	at org.openqa.selenium.remote.RemoteWebDriver.findElementByXPath(RemoteWebDriver.java:428)
	at org.openqa.selenium.By$ByXPath.findElement(By.java:353)
	at org.openqa.selenium.remote.RemoteWebDriver.findElement(RemoteWebDriver.java:315)
	at org.openqa.selenium.support.pagefactory.DefaultElementLocator.findElement(DefaultElementLocator.java:69)
	at org.openqa.selenium.support.pagefactory.internal.LocatingElementHandler.invoke(LocatingElementHandler.java:38)
	at com.sun.proxy.$Proxy12.sendKeys(Unknown Source)
	at BAE_ROAD_TESTCASES.AccountsPage_BaeRoad.AccountsPagepaymentOptionAddMulticardTestTest(AccountsPage_BaeRoad.java:1185)
	at java.base/jdk.internal.reflect.NativeMethodAccessorImpl.invoke0(Native Method)
	at java.base/jdk.internal.reflect.NativeMethodAccessorImpl.invoke(NativeMethodAccessorImpl.java:62)
	at java.base/jdk.internal.reflect.DelegatingMethodAccessorImpl.invoke(DelegatingMethodAccessorImpl.java:43)
	at java.base/java.lang.reflect.Method.invoke(Method.java:566)
	at org.testng.internal.MethodInvocationHelper.invokeMethod(MethodInvocationHelper.java:134)
	at org.testng.internal.TestInvoker.invokeMethod(TestInvoker.java:597)
	at org.testng.internal.TestInvoker.invokeTestMethod(TestInvoker.java:173)
	at org.testng.internal.MethodRunner.runInSequence(MethodRunner.java:46)
	at org.testng.internal.TestInvoker$MethodInvocationAgent.invoke(TestInvoker.java:816)
	at org.testng.internal.TestInvoker.invokeTestMethods(TestInvoker.java:146)
	at org.testng.internal.TestMethodWorker.invokeTestMethods(TestMethodWorker.java:146)
	at org.testng.internal.TestMethodWorker.run(TestMethodWorker.java:128)
	at java.base/java.util.ArrayList.forEach(ArrayList.java:1540)
	at org.testng.TestRunner.privateRun(TestRunner.java:766)
	at org.testng.TestRunner.run(TestRunner.java:587)
	at org.testng.SuiteRunner.runTest(SuiteRunner.java:384)
	at org.testng.SuiteRunner.runSequentially(SuiteRunner.java:378)
	at org.testng.SuiteRunner.privateRun(SuiteRunner.java:337)
	at org.testng.SuiteRunner.run(SuiteRunner.java:286)
	at org.testng.SuiteRunnerWorker.runSuite(SuiteRunnerWorker.java:53)
	at org.testng.SuiteRunnerWorker.run(SuiteRunnerWorker.java:96)
	at org.testng.TestNG.runSuitesSequentially(TestNG.java:1187)
	at org.testng.TestNG.runSuitesLocally(TestNG.java:1109)
	at org.testng.TestNG.runSuites(TestNG.java:1039)
	at org.testng.TestNG.run(TestNG.java:1007)
	at org.testng.remote.AbstractRemoteTestNG.run(AbstractRemoteTestNG.java:115)
	at org.testng.remote.RemoteTestNG.initAndRun(RemoteTestNG.java:251)
	at org.testng.remote.RemoteTestNG.main(RemoteTestNG.java:77)
</pre></div></td>
<td>23</td>
<td>BAE_ROAD_TESTCASES.AccountsPage_BaeRoad@1e6454ec</td></tr>
<tr>
<td title='BAE_ROAD_TESTCASES.AccountsPage_BaeRoad.AccountsPagepaymentOptionAddValidCardInvaliExpValidCvvZipTest()'><b>AccountsPagepaymentOptionAddValidCardInvaliExpValidCvvZipTest</b><br>Test class: BAE_ROAD_TESTCASES.AccountsPage_BaeRoad</td>
<td><div><pre>org.openqa.selenium.NoSuchElementException: no such element: Unable to locate element: {&quot;method&quot;:&quot;xpath&quot;,&quot;selector&quot;:&quot;//div[@class=&apos;CardField CardField--ltr&apos;]/child::div[2]/span/span/div/div[2]/span/input&quot;}
  (Session info: chrome=84.0.4147.105)
For documentation on this error, please visit: https://www.seleniumhq.org/exceptions/no_such_element.html
Build info: version: &apos;3.141.59&apos;, revision: &apos;e82be7d358&apos;, time: &apos;2018-11-14T08:25:48&apos;
System info: host: &apos;DESKTOP-5PGD9M5&apos;, ip: &apos;192.168.43.181&apos;, os.name: &apos;Windows 10&apos;, os.arch: &apos;amd64&apos;, os.version: &apos;10.0&apos;, java.version: &apos;11.0.2&apos;
Driver info: org.openqa.selenium.chrome.ChromeDriver
Capabilities {acceptInsecureCerts: false, browserName: chrome, browserVersion: 84.0.4147.105, chrome: {chromedriverVersion: 83.0.4103.14 (be04594a2b841..., userDataDir: C:\Users\MENINB~1\AppData\L...}, goog:chromeOptions: {debuggerAddress: localhost:49833}, javascriptEnabled: true, networkConnectionEnabled: false, pageLoadStrategy: normal, platform: WINDOWS, platformName: WINDOWS, proxy: Proxy(), setWindowRect: true, strictFileInteractability: false, timeouts: {implicit: 0, pageLoad: 300000, script: 30000}, unhandledPromptBehavior: dismiss and notify, webauthn:virtualAuthenticators: true}
Session ID: c596f138407e5780b4c75ae4b94c225d
*** Element info: {Using=xpath, value=//div[@class=&apos;CardField CardField--ltr&apos;]/child::div[2]/span/span/div/div[2]/span/input}
	at org.openqa.selenium.remote.http.W3CHttpResponseCodec.createException(W3CHttpResponseCodec.java:187)
	at org.openqa.selenium.remote.http.W3CHttpResponseCodec.decode(W3CHttpResponseCodec.java:122)
	at org.openqa.selenium.remote.http.W3CHttpResponseCodec.decode(W3CHttpResponseCodec.java:49)
	at org.openqa.selenium.remote.HttpCommandExecutor.execute(HttpCommandExecutor.java:158)
	at org.openqa.selenium.remote.service.DriverCommandExecutor.execute(DriverCommandExecutor.java:83)
	at org.openqa.selenium.remote.RemoteWebDriver.execute(RemoteWebDriver.java:552)
	at org.openqa.selenium.remote.RemoteWebDriver.findElement(RemoteWebDriver.java:323)
	at org.openqa.selenium.remote.RemoteWebDriver.findElementByXPath(RemoteWebDriver.java:428)
	at org.openqa.selenium.By$ByXPath.findElement(By.java:353)
	at org.openqa.selenium.remote.RemoteWebDriver.findElement(RemoteWebDriver.java:315)
	at org.openqa.selenium.support.pagefactory.DefaultElementLocator.findElement(DefaultElementLocator.java:69)
	at org.openqa.selenium.support.pagefactory.internal.LocatingElementHandler.invoke(LocatingElementHandler.java:38)
	at com.sun.proxy.$Proxy12.sendKeys(Unknown Source)
	at BAE_ROAD_TESTCASES.AccountsPage_BaeRoad.AccountsPagepaymentOptionAddValidCardInvaliExpValidCvvZipTest(AccountsPage_BaeRoad.java:1134)
	at java.base/java.util.ArrayList.forEach(ArrayList.java:1540)
... Removed 31 stack frames</pre></div><a href='#' onClick='toggleBox("stack-trace1118329624", this, "Click to show all stack frames", "Click to hide stack frames")'>Click to show all stack frames</a>
<div class='stack-trace' id='stack-trace1118329624'><pre>org.openqa.selenium.NoSuchElementException: no such element: Unable to locate element: {&quot;method&quot;:&quot;xpath&quot;,&quot;selector&quot;:&quot;//div[@class=&apos;CardField CardField--ltr&apos;]/child::div[2]/span/span/div/div[2]/span/input&quot;}
  (Session info: chrome=84.0.4147.105)
For documentation on this error, please visit: https://www.seleniumhq.org/exceptions/no_such_element.html
Build info: version: &apos;3.141.59&apos;, revision: &apos;e82be7d358&apos;, time: &apos;2018-11-14T08:25:48&apos;
System info: host: &apos;DESKTOP-5PGD9M5&apos;, ip: &apos;192.168.43.181&apos;, os.name: &apos;Windows 10&apos;, os.arch: &apos;amd64&apos;, os.version: &apos;10.0&apos;, java.version: &apos;11.0.2&apos;
Driver info: org.openqa.selenium.chrome.ChromeDriver
Capabilities {acceptInsecureCerts: false, browserName: chrome, browserVersion: 84.0.4147.105, chrome: {chromedriverVersion: 83.0.4103.14 (be04594a2b841..., userDataDir: C:\Users\MENINB~1\AppData\L...}, goog:chromeOptions: {debuggerAddress: localhost:49833}, javascriptEnabled: true, networkConnectionEnabled: false, pageLoadStrategy: normal, platform: WINDOWS, platformName: WINDOWS, proxy: Proxy(), setWindowRect: true, strictFileInteractability: false, timeouts: {implicit: 0, pageLoad: 300000, script: 30000}, unhandledPromptBehavior: dismiss and notify, webauthn:virtualAuthenticators: true}
Session ID: c596f138407e5780b4c75ae4b94c225d
*** Element info: {Using=xpath, value=//div[@class=&apos;CardField CardField--ltr&apos;]/child::div[2]/span/span/div/div[2]/span/input}
	at java.base/jdk.internal.reflect.NativeConstructorAccessorImpl.newInstance0(Native Method)
	at java.base/jdk.internal.reflect.NativeConstructorAccessorImpl.newInstance(NativeConstructorAccessorImpl.java:62)
	at java.base/jdk.internal.reflect.DelegatingConstructorAccessorImpl.newInstance(DelegatingConstructorAccessorImpl.java:45)
	at java.base/java.lang.reflect.Constructor.newInstance(Constructor.java:490)
	at org.openqa.selenium.remote.http.W3CHttpResponseCodec.createException(W3CHttpResponseCodec.java:187)
	at org.openqa.selenium.remote.http.W3CHttpResponseCodec.decode(W3CHttpResponseCodec.java:122)
	at org.openqa.selenium.remote.http.W3CHttpResponseCodec.decode(W3CHttpResponseCodec.java:49)
	at org.openqa.selenium.remote.HttpCommandExecutor.execute(HttpCommandExecutor.java:158)
	at org.openqa.selenium.remote.service.DriverCommandExecutor.execute(DriverCommandExecutor.java:83)
	at org.openqa.selenium.remote.RemoteWebDriver.execute(RemoteWebDriver.java:552)
	at org.openqa.selenium.remote.RemoteWebDriver.findElement(RemoteWebDriver.java:323)
	at org.openqa.selenium.remote.RemoteWebDriver.findElementByXPath(RemoteWebDriver.java:428)
	at org.openqa.selenium.By$ByXPath.findElement(By.java:353)
	at org.openqa.selenium.remote.RemoteWebDriver.findElement(RemoteWebDriver.java:315)
	at org.openqa.selenium.support.pagefactory.DefaultElementLocator.findElement(DefaultElementLocator.java:69)
	at org.openqa.selenium.support.pagefactory.internal.LocatingElementHandler.invoke(LocatingElementHandler.java:38)
	at com.sun.proxy.$Proxy12.sendKeys(Unknown Source)
	at BAE_ROAD_TESTCASES.AccountsPage_BaeRoad.AccountsPagepaymentOptionAddValidCardInvaliExpValidCvvZipTest(AccountsPage_BaeRoad.java:1134)
	at java.base/jdk.internal.reflect.NativeMethodAccessorImpl.invoke0(Native Method)
	at java.base/jdk.internal.reflect.NativeMethodAccessorImpl.invoke(NativeMethodAccessorImpl.java:62)
	at java.base/jdk.internal.reflect.DelegatingMethodAccessorImpl.invoke(DelegatingMethodAccessorImpl.java:43)
	at java.base/java.lang.reflect.Method.invoke(Method.java:566)
	at org.testng.internal.MethodInvocationHelper.invokeMethod(MethodInvocationHelper.java:134)
	at org.testng.internal.TestInvoker.invokeMethod(TestInvoker.java:597)
	at org.testng.internal.TestInvoker.invokeTestMethod(TestInvoker.java:173)
	at org.testng.internal.MethodRunner.runInSequence(MethodRunner.java:46)
	at org.testng.internal.TestInvoker$MethodInvocationAgent.invoke(TestInvoker.java:816)
	at org.testng.internal.TestInvoker.invokeTestMethods(TestInvoker.java:146)
	at org.testng.internal.TestMethodWorker.invokeTestMethods(TestMethodWorker.java:146)
	at org.testng.internal.TestMethodWorker.run(TestMethodWorker.java:128)
	at java.base/java.util.ArrayList.forEach(ArrayList.java:1540)
	at org.testng.TestRunner.privateRun(TestRunner.java:766)
	at org.testng.TestRunner.run(TestRunner.java:587)
	at org.testng.SuiteRunner.runTest(SuiteRunner.java:384)
	at org.testng.SuiteRunner.runSequentially(SuiteRunner.java:378)
	at org.testng.SuiteRunner.privateRun(SuiteRunner.java:337)
	at org.testng.SuiteRunner.run(SuiteRunner.java:286)
	at org.testng.SuiteRunnerWorker.runSuite(SuiteRunnerWorker.java:53)
	at org.testng.SuiteRunnerWorker.run(SuiteRunnerWorker.java:96)
	at org.testng.TestNG.runSuitesSequentially(TestNG.java:1187)
	at org.testng.TestNG.runSuitesLocally(TestNG.java:1109)
	at org.testng.TestNG.runSuites(TestNG.java:1039)
	at org.testng.TestNG.run(TestNG.java:1007)
	at org.testng.remote.AbstractRemoteTestNG.run(AbstractRemoteTestNG.java:115)
	at org.testng.remote.RemoteTestNG.initAndRun(RemoteTestNG.java:251)
	at org.testng.remote.RemoteTestNG.main(RemoteTestNG.java:77)
</pre></div></td>
<td>20</td>
<td>BAE_ROAD_TESTCASES.AccountsPage_BaeRoad@1e6454ec</td></tr>
<tr>
<td title='BAE_ROAD_TESTCASES.AccountsPage_BaeRoad.AccountsPagepaymentOptionAddValidCardTest()'><b>AccountsPagepaymentOptionAddValidCardTest</b><br>Test class: BAE_ROAD_TESTCASES.AccountsPage_BaeRoad</td>
<td><div><pre>org.openqa.selenium.NoSuchElementException: no such element: Unable to locate element: {&quot;method&quot;:&quot;xpath&quot;,&quot;selector&quot;:&quot;//div[@class=&apos;CardField CardField--ltr&apos;]/child::div[2]/span/span/div/div[2]/span/input&quot;}
  (Session info: chrome=84.0.4147.105)
For documentation on this error, please visit: https://www.seleniumhq.org/exceptions/no_such_element.html
Build info: version: &apos;3.141.59&apos;, revision: &apos;e82be7d358&apos;, time: &apos;2018-11-14T08:25:48&apos;
System info: host: &apos;DESKTOP-5PGD9M5&apos;, ip: &apos;192.168.43.181&apos;, os.name: &apos;Windows 10&apos;, os.arch: &apos;amd64&apos;, os.version: &apos;10.0&apos;, java.version: &apos;11.0.2&apos;
Driver info: org.openqa.selenium.chrome.ChromeDriver
Capabilities {acceptInsecureCerts: false, browserName: chrome, browserVersion: 84.0.4147.105, chrome: {chromedriverVersion: 83.0.4103.14 (be04594a2b841..., userDataDir: C:\Users\MENINB~1\AppData\L...}, goog:chromeOptions: {debuggerAddress: localhost:49170}, javascriptEnabled: true, networkConnectionEnabled: false, pageLoadStrategy: normal, platform: WINDOWS, platformName: WINDOWS, proxy: Proxy(), setWindowRect: true, strictFileInteractability: false, timeouts: {implicit: 0, pageLoad: 300000, script: 30000}, unhandledPromptBehavior: dismiss and notify, webauthn:virtualAuthenticators: true}
Session ID: c780154842a61fd48769843a3e775633
*** Element info: {Using=xpath, value=//div[@class=&apos;CardField CardField--ltr&apos;]/child::div[2]/span/span/div/div[2]/span/input}
	at org.openqa.selenium.remote.http.W3CHttpResponseCodec.createException(W3CHttpResponseCodec.java:187)
	at org.openqa.selenium.remote.http.W3CHttpResponseCodec.decode(W3CHttpResponseCodec.java:122)
	at org.openqa.selenium.remote.http.W3CHttpResponseCodec.decode(W3CHttpResponseCodec.java:49)
	at org.openqa.selenium.remote.HttpCommandExecutor.execute(HttpCommandExecutor.java:158)
	at org.openqa.selenium.remote.service.DriverCommandExecutor.execute(DriverCommandExecutor.java:83)
	at org.openqa.selenium.remote.RemoteWebDriver.execute(RemoteWebDriver.java:552)
	at org.openqa.selenium.remote.RemoteWebDriver.findElement(RemoteWebDriver.java:323)
	at org.openqa.selenium.remote.RemoteWebDriver.findElementByXPath(RemoteWebDriver.java:428)
	at org.openqa.selenium.By$ByXPath.findElement(By.java:353)
	at org.openqa.selenium.remote.RemoteWebDriver.findElement(RemoteWebDriver.java:315)
	at org.openqa.selenium.support.pagefactory.DefaultElementLocator.findElement(DefaultElementLocator.java:69)
	at org.openqa.selenium.support.pagefactory.internal.LocatingElementHandler.invoke(LocatingElementHandler.java:38)
	at com.sun.proxy.$Proxy12.sendKeys(Unknown Source)
	at BAE_ROAD_TESTCASES.AccountsPage_BaeRoad.AccountsPagepaymentOptionAddValidCardTest(AccountsPage_BaeRoad.java:1004)
	at java.base/java.util.ArrayList.forEach(ArrayList.java:1540)
... Removed 31 stack frames</pre></div><a href='#' onClick='toggleBox("stack-trace1658457929", this, "Click to show all stack frames", "Click to hide stack frames")'>Click to show all stack frames</a>
<div class='stack-trace' id='stack-trace1658457929'><pre>org.openqa.selenium.NoSuchElementException: no such element: Unable to locate element: {&quot;method&quot;:&quot;xpath&quot;,&quot;selector&quot;:&quot;//div[@class=&apos;CardField CardField--ltr&apos;]/child::div[2]/span/span/div/div[2]/span/input&quot;}
  (Session info: chrome=84.0.4147.105)
For documentation on this error, please visit: https://www.seleniumhq.org/exceptions/no_such_element.html
Build info: version: &apos;3.141.59&apos;, revision: &apos;e82be7d358&apos;, time: &apos;2018-11-14T08:25:48&apos;
System info: host: &apos;DESKTOP-5PGD9M5&apos;, ip: &apos;192.168.43.181&apos;, os.name: &apos;Windows 10&apos;, os.arch: &apos;amd64&apos;, os.version: &apos;10.0&apos;, java.version: &apos;11.0.2&apos;
Driver info: org.openqa.selenium.chrome.ChromeDriver
Capabilities {acceptInsecureCerts: false, browserName: chrome, browserVersion: 84.0.4147.105, chrome: {chromedriverVersion: 83.0.4103.14 (be04594a2b841..., userDataDir: C:\Users\MENINB~1\AppData\L...}, goog:chromeOptions: {debuggerAddress: localhost:49170}, javascriptEnabled: true, networkConnectionEnabled: false, pageLoadStrategy: normal, platform: WINDOWS, platformName: WINDOWS, proxy: Proxy(), setWindowRect: true, strictFileInteractability: false, timeouts: {implicit: 0, pageLoad: 300000, script: 30000}, unhandledPromptBehavior: dismiss and notify, webauthn:virtualAuthenticators: true}
Session ID: c780154842a61fd48769843a3e775633
*** Element info: {Using=xpath, value=//div[@class=&apos;CardField CardField--ltr&apos;]/child::div[2]/span/span/div/div[2]/span/input}
	at java.base/jdk.internal.reflect.NativeConstructorAccessorImpl.newInstance0(Native Method)
	at java.base/jdk.internal.reflect.NativeConstructorAccessorImpl.newInstance(NativeConstructorAccessorImpl.java:62)
	at java.base/jdk.internal.reflect.DelegatingConstructorAccessorImpl.newInstance(DelegatingConstructorAccessorImpl.java:45)
	at java.base/java.lang.reflect.Constructor.newInstance(Constructor.java:490)
	at org.openqa.selenium.remote.http.W3CHttpResponseCodec.createException(W3CHttpResponseCodec.java:187)
	at org.openqa.selenium.remote.http.W3CHttpResponseCodec.decode(W3CHttpResponseCodec.java:122)
	at org.openqa.selenium.remote.http.W3CHttpResponseCodec.decode(W3CHttpResponseCodec.java:49)
	at org.openqa.selenium.remote.HttpCommandExecutor.execute(HttpCommandExecutor.java:158)
	at org.openqa.selenium.remote.service.DriverCommandExecutor.execute(DriverCommandExecutor.java:83)
	at org.openqa.selenium.remote.RemoteWebDriver.execute(RemoteWebDriver.java:552)
	at org.openqa.selenium.remote.RemoteWebDriver.findElement(RemoteWebDriver.java:323)
	at org.openqa.selenium.remote.RemoteWebDriver.findElementByXPath(RemoteWebDriver.java:428)
	at org.openqa.selenium.By$ByXPath.findElement(By.java:353)
	at org.openqa.selenium.remote.RemoteWebDriver.findElement(RemoteWebDriver.java:315)
	at org.openqa.selenium.support.pagefactory.DefaultElementLocator.findElement(DefaultElementLocator.java:69)
	at org.openqa.selenium.support.pagefactory.internal.LocatingElementHandler.invoke(LocatingElementHandler.java:38)
	at com.sun.proxy.$Proxy12.sendKeys(Unknown Source)
	at BAE_ROAD_TESTCASES.AccountsPage_BaeRoad.AccountsPagepaymentOptionAddValidCardTest(AccountsPage_BaeRoad.java:1004)
	at java.base/jdk.internal.reflect.NativeMethodAccessorImpl.invoke0(Native Method)
	at java.base/jdk.internal.reflect.NativeMethodAccessorImpl.invoke(NativeMethodAccessorImpl.java:62)
	at java.base/jdk.internal.reflect.DelegatingMethodAccessorImpl.invoke(DelegatingMethodAccessorImpl.java:43)
	at java.base/java.lang.reflect.Method.invoke(Method.java:566)
	at org.testng.internal.MethodInvocationHelper.invokeMethod(MethodInvocationHelper.java:134)
	at org.testng.internal.TestInvoker.invokeMethod(TestInvoker.java:597)
	at org.testng.internal.TestInvoker.invokeTestMethod(TestInvoker.java:173)
	at org.testng.internal.MethodRunner.runInSequence(MethodRunner.java:46)
	at org.testng.internal.TestInvoker$MethodInvocationAgent.invoke(TestInvoker.java:816)
	at org.testng.internal.TestInvoker.invokeTestMethods(TestInvoker.java:146)
	at org.testng.internal.TestMethodWorker.invokeTestMethods(TestMethodWorker.java:146)
	at org.testng.internal.TestMethodWorker.run(TestMethodWorker.java:128)
	at java.base/java.util.ArrayList.forEach(ArrayList.java:1540)
	at org.testng.TestRunner.privateRun(TestRunner.java:766)
	at org.testng.TestRunner.run(TestRunner.java:587)
	at org.testng.SuiteRunner.runTest(SuiteRunner.java:384)
	at org.testng.SuiteRunner.runSequentially(SuiteRunner.java:378)
	at org.testng.SuiteRunner.privateRun(SuiteRunner.java:337)
	at org.testng.SuiteRunner.run(SuiteRunner.java:286)
	at org.testng.SuiteRunnerWorker.runSuite(SuiteRunnerWorker.java:53)
	at org.testng.SuiteRunnerWorker.run(SuiteRunnerWorker.java:96)
	at org.testng.TestNG.runSuitesSequentially(TestNG.java:1187)
	at org.testng.TestNG.runSuitesLocally(TestNG.java:1109)
	at org.testng.TestNG.runSuites(TestNG.java:1039)
	at org.testng.TestNG.run(TestNG.java:1007)
	at org.testng.remote.AbstractRemoteTestNG.run(AbstractRemoteTestNG.java:115)
	at org.testng.remote.RemoteTestNG.initAndRun(RemoteTestNG.java:251)
	at org.testng.remote.RemoteTestNG.main(RemoteTestNG.java:77)
</pre></div></td>
<td>28</td>
<td>BAE_ROAD_TESTCASES.AccountsPage_BaeRoad@1e6454ec</td></tr>
<tr>
<td title='BAE_ROAD_TESTCASES.AccountsPage_BaeRoad.AccountsPagepaymentOptionAddValidCardinValidCvvValidExpDateTest()'><b>AccountsPagepaymentOptionAddValidCardinValidCvvValidExpDateTest</b><br>Test class: BAE_ROAD_TESTCASES.AccountsPage_BaeRoad</td>
<td><div><pre>org.openqa.selenium.NoSuchElementException: no such element: Unable to locate element: {&quot;method&quot;:&quot;xpath&quot;,&quot;selector&quot;:&quot;//div[@class=&apos;CardField CardField--ltr&apos;]/child::div[2]/span/span/div/div[2]/span/input&quot;}
  (Session info: chrome=84.0.4147.105)
For documentation on this error, please visit: https://www.seleniumhq.org/exceptions/no_such_element.html
Build info: version: &apos;3.141.59&apos;, revision: &apos;e82be7d358&apos;, time: &apos;2018-11-14T08:25:48&apos;
System info: host: &apos;DESKTOP-5PGD9M5&apos;, ip: &apos;192.168.43.181&apos;, os.name: &apos;Windows 10&apos;, os.arch: &apos;amd64&apos;, os.version: &apos;10.0&apos;, java.version: &apos;11.0.2&apos;
Driver info: org.openqa.selenium.chrome.ChromeDriver
Capabilities {acceptInsecureCerts: false, browserName: chrome, browserVersion: 84.0.4147.105, chrome: {chromedriverVersion: 83.0.4103.14 (be04594a2b841..., userDataDir: C:\Users\MENINB~1\AppData\L...}, goog:chromeOptions: {debuggerAddress: localhost:49700}, javascriptEnabled: true, networkConnectionEnabled: false, pageLoadStrategy: normal, platform: WINDOWS, platformName: WINDOWS, proxy: Proxy(), setWindowRect: true, strictFileInteractability: false, timeouts: {implicit: 0, pageLoad: 300000, script: 30000}, unhandledPromptBehavior: dismiss and notify, webauthn:virtualAuthenticators: true}
Session ID: 79c81654deadee240365d33ed9d43a59
*** Element info: {Using=xpath, value=//div[@class=&apos;CardField CardField--ltr&apos;]/child::div[2]/span/span/div/div[2]/span/input}
	at org.openqa.selenium.remote.http.W3CHttpResponseCodec.createException(W3CHttpResponseCodec.java:187)
	at org.openqa.selenium.remote.http.W3CHttpResponseCodec.decode(W3CHttpResponseCodec.java:122)
	at org.openqa.selenium.remote.http.W3CHttpResponseCodec.decode(W3CHttpResponseCodec.java:49)
	at org.openqa.selenium.remote.HttpCommandExecutor.execute(HttpCommandExecutor.java:158)
	at org.openqa.selenium.remote.service.DriverCommandExecutor.execute(DriverCommandExecutor.java:83)
	at org.openqa.selenium.remote.RemoteWebDriver.execute(RemoteWebDriver.java:552)
	at org.openqa.selenium.remote.RemoteWebDriver.findElement(RemoteWebDriver.java:323)
	at org.openqa.selenium.remote.RemoteWebDriver.findElementByXPath(RemoteWebDriver.java:428)
	at org.openqa.selenium.By$ByXPath.findElement(By.java:353)
	at org.openqa.selenium.remote.RemoteWebDriver.findElement(RemoteWebDriver.java:315)
	at org.openqa.selenium.support.pagefactory.DefaultElementLocator.findElement(DefaultElementLocator.java:69)
	at org.openqa.selenium.support.pagefactory.internal.LocatingElementHandler.invoke(LocatingElementHandler.java:38)
	at com.sun.proxy.$Proxy12.sendKeys(Unknown Source)
	at BAE_ROAD_TESTCASES.AccountsPage_BaeRoad.AccountsPagepaymentOptionAddValidCardinValidCvvValidExpDateTest(AccountsPage_BaeRoad.java:1102)
	at java.base/java.util.ArrayList.forEach(ArrayList.java:1540)
... Removed 31 stack frames</pre></div><a href='#' onClick='toggleBox("stack-trace2144115017", this, "Click to show all stack frames", "Click to hide stack frames")'>Click to show all stack frames</a>
<div class='stack-trace' id='stack-trace2144115017'><pre>org.openqa.selenium.NoSuchElementException: no such element: Unable to locate element: {&quot;method&quot;:&quot;xpath&quot;,&quot;selector&quot;:&quot;//div[@class=&apos;CardField CardField--ltr&apos;]/child::div[2]/span/span/div/div[2]/span/input&quot;}
  (Session info: chrome=84.0.4147.105)
For documentation on this error, please visit: https://www.seleniumhq.org/exceptions/no_such_element.html
Build info: version: &apos;3.141.59&apos;, revision: &apos;e82be7d358&apos;, time: &apos;2018-11-14T08:25:48&apos;
System info: host: &apos;DESKTOP-5PGD9M5&apos;, ip: &apos;192.168.43.181&apos;, os.name: &apos;Windows 10&apos;, os.arch: &apos;amd64&apos;, os.version: &apos;10.0&apos;, java.version: &apos;11.0.2&apos;
Driver info: org.openqa.selenium.chrome.ChromeDriver
Capabilities {acceptInsecureCerts: false, browserName: chrome, browserVersion: 84.0.4147.105, chrome: {chromedriverVersion: 83.0.4103.14 (be04594a2b841..., userDataDir: C:\Users\MENINB~1\AppData\L...}, goog:chromeOptions: {debuggerAddress: localhost:49700}, javascriptEnabled: true, networkConnectionEnabled: false, pageLoadStrategy: normal, platform: WINDOWS, platformName: WINDOWS, proxy: Proxy(), setWindowRect: true, strictFileInteractability: false, timeouts: {implicit: 0, pageLoad: 300000, script: 30000}, unhandledPromptBehavior: dismiss and notify, webauthn:virtualAuthenticators: true}
Session ID: 79c81654deadee240365d33ed9d43a59
*** Element info: {Using=xpath, value=//div[@class=&apos;CardField CardField--ltr&apos;]/child::div[2]/span/span/div/div[2]/span/input}
	at java.base/jdk.internal.reflect.NativeConstructorAccessorImpl.newInstance0(Native Method)
	at java.base/jdk.internal.reflect.NativeConstructorAccessorImpl.newInstance(NativeConstructorAccessorImpl.java:62)
	at java.base/jdk.internal.reflect.DelegatingConstructorAccessorImpl.newInstance(DelegatingConstructorAccessorImpl.java:45)
	at java.base/java.lang.reflect.Constructor.newInstance(Constructor.java:490)
	at org.openqa.selenium.remote.http.W3CHttpResponseCodec.createException(W3CHttpResponseCodec.java:187)
	at org.openqa.selenium.remote.http.W3CHttpResponseCodec.decode(W3CHttpResponseCodec.java:122)
	at org.openqa.selenium.remote.http.W3CHttpResponseCodec.decode(W3CHttpResponseCodec.java:49)
	at org.openqa.selenium.remote.HttpCommandExecutor.execute(HttpCommandExecutor.java:158)
	at org.openqa.selenium.remote.service.DriverCommandExecutor.execute(DriverCommandExecutor.java:83)
	at org.openqa.selenium.remote.RemoteWebDriver.execute(RemoteWebDriver.java:552)
	at org.openqa.selenium.remote.RemoteWebDriver.findElement(RemoteWebDriver.java:323)
	at org.openqa.selenium.remote.RemoteWebDriver.findElementByXPath(RemoteWebDriver.java:428)
	at org.openqa.selenium.By$ByXPath.findElement(By.java:353)
	at org.openqa.selenium.remote.RemoteWebDriver.findElement(RemoteWebDriver.java:315)
	at org.openqa.selenium.support.pagefactory.DefaultElementLocator.findElement(DefaultElementLocator.java:69)
	at org.openqa.selenium.support.pagefactory.internal.LocatingElementHandler.invoke(LocatingElementHandler.java:38)
	at com.sun.proxy.$Proxy12.sendKeys(Unknown Source)
	at BAE_ROAD_TESTCASES.AccountsPage_BaeRoad.AccountsPagepaymentOptionAddValidCardinValidCvvValidExpDateTest(AccountsPage_BaeRoad.java:1102)
	at java.base/jdk.internal.reflect.NativeMethodAccessorImpl.invoke0(Native Method)
	at java.base/jdk.internal.reflect.NativeMethodAccessorImpl.invoke(NativeMethodAccessorImpl.java:62)
	at java.base/jdk.internal.reflect.DelegatingMethodAccessorImpl.invoke(DelegatingMethodAccessorImpl.java:43)
	at java.base/java.lang.reflect.Method.invoke(Method.java:566)
	at org.testng.internal.MethodInvocationHelper.invokeMethod(MethodInvocationHelper.java:134)
	at org.testng.internal.TestInvoker.invokeMethod(TestInvoker.java:597)
	at org.testng.internal.TestInvoker.invokeTestMethod(TestInvoker.java:173)
	at org.testng.internal.MethodRunner.runInSequence(MethodRunner.java:46)
	at org.testng.internal.TestInvoker$MethodInvocationAgent.invoke(TestInvoker.java:816)
	at org.testng.internal.TestInvoker.invokeTestMethods(TestInvoker.java:146)
	at org.testng.internal.TestMethodWorker.invokeTestMethods(TestMethodWorker.java:146)
	at org.testng.internal.TestMethodWorker.run(TestMethodWorker.java:128)
	at java.base/java.util.ArrayList.forEach(ArrayList.java:1540)
	at org.testng.TestRunner.privateRun(TestRunner.java:766)
	at org.testng.TestRunner.run(TestRunner.java:587)
	at org.testng.SuiteRunner.runTest(SuiteRunner.java:384)
	at org.testng.SuiteRunner.runSequentially(SuiteRunner.java:378)
	at org.testng.SuiteRunner.privateRun(SuiteRunner.java:337)
	at org.testng.SuiteRunner.run(SuiteRunner.java:286)
	at org.testng.SuiteRunnerWorker.runSuite(SuiteRunnerWorker.java:53)
	at org.testng.SuiteRunnerWorker.run(SuiteRunnerWorker.java:96)
	at org.testng.TestNG.runSuitesSequentially(TestNG.java:1187)
	at org.testng.TestNG.runSuitesLocally(TestNG.java:1109)
	at org.testng.TestNG.runSuites(TestNG.java:1039)
	at org.testng.TestNG.run(TestNG.java:1007)
	at org.testng.remote.AbstractRemoteTestNG.run(AbstractRemoteTestNG.java:115)
	at org.testng.remote.RemoteTestNG.initAndRun(RemoteTestNG.java:251)
	at org.testng.remote.RemoteTestNG.main(RemoteTestNG.java:77)
</pre></div></td>
<td>20</td>
<td>BAE_ROAD_TESTCASES.AccountsPage_BaeRoad@1e6454ec</td></tr>
<tr>
<td title='BAE_ROAD_TESTCASES.HomePage_BaeRoad.CreateNewPostImages()'><b>CreateNewPostImages</b><br>Test class: BAE_ROAD_TESTCASES.HomePage_BaeRoad</td>
<td><div><pre>org.openqa.selenium.NoSuchElementException: no such element: Unable to locate element: {&quot;method&quot;:&quot;xpath&quot;,&quot;selector&quot;:&quot;//span[contains(text(),&apos;Done&apos;)]&quot;}
  (Session info: chrome=84.0.4147.105)
For documentation on this error, please visit: https://www.seleniumhq.org/exceptions/no_such_element.html
Build info: version: &apos;3.141.59&apos;, revision: &apos;e82be7d358&apos;, time: &apos;2018-11-14T08:25:48&apos;
System info: host: &apos;DESKTOP-5PGD9M5&apos;, ip: &apos;192.168.43.181&apos;, os.name: &apos;Windows 10&apos;, os.arch: &apos;amd64&apos;, os.version: &apos;10.0&apos;, java.version: &apos;11.0.2&apos;
Driver info: org.openqa.selenium.chrome.ChromeDriver
Capabilities {acceptInsecureCerts: false, browserName: chrome, browserVersion: 84.0.4147.105, chrome: {chromedriverVersion: 83.0.4103.14 (be04594a2b841..., userDataDir: C:\Users\MENINB~1\AppData\L...}, goog:chromeOptions: {debuggerAddress: localhost:53785}, javascriptEnabled: true, networkConnectionEnabled: false, pageLoadStrategy: normal, platform: WINDOWS, platformName: WINDOWS, proxy: Proxy(), setWindowRect: true, strictFileInteractability: false, timeouts: {implicit: 0, pageLoad: 300000, script: 30000}, unhandledPromptBehavior: dismiss and notify, webauthn:virtualAuthenticators: true}
Session ID: d7617912ec6546ffe9ea0a9e7cc93798
*** Element info: {Using=xpath, value=//span[contains(text(),&apos;Done&apos;)]}
	at org.openqa.selenium.remote.http.W3CHttpResponseCodec.createException(W3CHttpResponseCodec.java:187)
	at org.openqa.selenium.remote.http.W3CHttpResponseCodec.decode(W3CHttpResponseCodec.java:122)
	at org.openqa.selenium.remote.http.W3CHttpResponseCodec.decode(W3CHttpResponseCodec.java:49)
	at org.openqa.selenium.remote.HttpCommandExecutor.execute(HttpCommandExecutor.java:158)
	at org.openqa.selenium.remote.service.DriverCommandExecutor.execute(DriverCommandExecutor.java:83)
	at org.openqa.selenium.remote.RemoteWebDriver.execute(RemoteWebDriver.java:552)
	at org.openqa.selenium.remote.RemoteWebDriver.findElement(RemoteWebDriver.java:323)
	at org.openqa.selenium.remote.RemoteWebDriver.findElementByXPath(RemoteWebDriver.java:428)
	at org.openqa.selenium.By$ByXPath.findElement(By.java:353)
	at org.openqa.selenium.remote.RemoteWebDriver.findElement(RemoteWebDriver.java:315)
	at org.openqa.selenium.support.pagefactory.DefaultElementLocator.findElement(DefaultElementLocator.java:69)
	at org.openqa.selenium.support.pagefactory.internal.LocatingElementHandler.invoke(LocatingElementHandler.java:38)
	at com.sun.proxy.$Proxy12.click(Unknown Source)
	at BAE_ROAD_TESTCASES.HomePage_BaeRoad.CreateNewPostImages(HomePage_BaeRoad.java:121)
	at java.base/java.util.ArrayList.forEach(ArrayList.java:1540)
... Removed 31 stack frames</pre></div><a href='#' onClick='toggleBox("stack-trace1300497562", this, "Click to show all stack frames", "Click to hide stack frames")'>Click to show all stack frames</a>
<div class='stack-trace' id='stack-trace1300497562'><pre>org.openqa.selenium.NoSuchElementException: no such element: Unable to locate element: {&quot;method&quot;:&quot;xpath&quot;,&quot;selector&quot;:&quot;//span[contains(text(),&apos;Done&apos;)]&quot;}
  (Session info: chrome=84.0.4147.105)
For documentation on this error, please visit: https://www.seleniumhq.org/exceptions/no_such_element.html
Build info: version: &apos;3.141.59&apos;, revision: &apos;e82be7d358&apos;, time: &apos;2018-11-14T08:25:48&apos;
System info: host: &apos;DESKTOP-5PGD9M5&apos;, ip: &apos;192.168.43.181&apos;, os.name: &apos;Windows 10&apos;, os.arch: &apos;amd64&apos;, os.version: &apos;10.0&apos;, java.version: &apos;11.0.2&apos;
Driver info: org.openqa.selenium.chrome.ChromeDriver
Capabilities {acceptInsecureCerts: false, browserName: chrome, browserVersion: 84.0.4147.105, chrome: {chromedriverVersion: 83.0.4103.14 (be04594a2b841..., userDataDir: C:\Users\MENINB~1\AppData\L...}, goog:chromeOptions: {debuggerAddress: localhost:53785}, javascriptEnabled: true, networkConnectionEnabled: false, pageLoadStrategy: normal, platform: WINDOWS, platformName: WINDOWS, proxy: Proxy(), setWindowRect: true, strictFileInteractability: false, timeouts: {implicit: 0, pageLoad: 300000, script: 30000}, unhandledPromptBehavior: dismiss and notify, webauthn:virtualAuthenticators: true}
Session ID: d7617912ec6546ffe9ea0a9e7cc93798
*** Element info: {Using=xpath, value=//span[contains(text(),&apos;Done&apos;)]}
	at java.base/jdk.internal.reflect.NativeConstructorAccessorImpl.newInstance0(Native Method)
	at java.base/jdk.internal.reflect.NativeConstructorAccessorImpl.newInstance(NativeConstructorAccessorImpl.java:62)
	at java.base/jdk.internal.reflect.DelegatingConstructorAccessorImpl.newInstance(DelegatingConstructorAccessorImpl.java:45)
	at java.base/java.lang.reflect.Constructor.newInstance(Constructor.java:490)
	at org.openqa.selenium.remote.http.W3CHttpResponseCodec.createException(W3CHttpResponseCodec.java:187)
	at org.openqa.selenium.remote.http.W3CHttpResponseCodec.decode(W3CHttpResponseCodec.java:122)
	at org.openqa.selenium.remote.http.W3CHttpResponseCodec.decode(W3CHttpResponseCodec.java:49)
	at org.openqa.selenium.remote.HttpCommandExecutor.execute(HttpCommandExecutor.java:158)
	at org.openqa.selenium.remote.service.DriverCommandExecutor.execute(DriverCommandExecutor.java:83)
	at org.openqa.selenium.remote.RemoteWebDriver.execute(RemoteWebDriver.java:552)
	at org.openqa.selenium.remote.RemoteWebDriver.findElement(RemoteWebDriver.java:323)
	at org.openqa.selenium.remote.RemoteWebDriver.findElementByXPath(RemoteWebDriver.java:428)
	at org.openqa.selenium.By$ByXPath.findElement(By.java:353)
	at org.openqa.selenium.remote.RemoteWebDriver.findElement(RemoteWebDriver.java:315)
	at org.openqa.selenium.support.pagefactory.DefaultElementLocator.findElement(DefaultElementLocator.java:69)
	at org.openqa.selenium.support.pagefactory.internal.LocatingElementHandler.invoke(LocatingElementHandler.java:38)
	at com.sun.proxy.$Proxy12.click(Unknown Source)
	at BAE_ROAD_TESTCASES.HomePage_BaeRoad.CreateNewPostImages(HomePage_BaeRoad.java:121)
	at java.base/jdk.internal.reflect.NativeMethodAccessorImpl.invoke0(Native Method)
	at java.base/jdk.internal.reflect.NativeMethodAccessorImpl.invoke(NativeMethodAccessorImpl.java:62)
	at java.base/jdk.internal.reflect.DelegatingMethodAccessorImpl.invoke(DelegatingMethodAccessorImpl.java:43)
	at java.base/java.lang.reflect.Method.invoke(Method.java:566)
	at org.testng.internal.MethodInvocationHelper.invokeMethod(MethodInvocationHelper.java:134)
	at org.testng.internal.TestInvoker.invokeMethod(TestInvoker.java:597)
	at org.testng.internal.TestInvoker.invokeTestMethod(TestInvoker.java:173)
	at org.testng.internal.MethodRunner.runInSequence(MethodRunner.java:46)
	at org.testng.internal.TestInvoker$MethodInvocationAgent.invoke(TestInvoker.java:816)
	at org.testng.internal.TestInvoker.invokeTestMethods(TestInvoker.java:146)
	at org.testng.internal.TestMethodWorker.invokeTestMethods(TestMethodWorker.java:146)
	at org.testng.internal.TestMethodWorker.run(TestMethodWorker.java:128)
	at java.base/java.util.ArrayList.forEach(ArrayList.java:1540)
	at org.testng.TestRunner.privateRun(TestRunner.java:766)
	at org.testng.TestRunner.run(TestRunner.java:587)
	at org.testng.SuiteRunner.runTest(SuiteRunner.java:384)
	at org.testng.SuiteRunner.runSequentially(SuiteRunner.java:378)
	at org.testng.SuiteRunner.privateRun(SuiteRunner.java:337)
	at org.testng.SuiteRunner.run(SuiteRunner.java:286)
	at org.testng.SuiteRunnerWorker.runSuite(SuiteRunnerWorker.java:53)
	at org.testng.SuiteRunnerWorker.run(SuiteRunnerWorker.java:96)
	at org.testng.TestNG.runSuitesSequentially(TestNG.java:1187)
	at org.testng.TestNG.runSuitesLocally(TestNG.java:1109)
	at org.testng.TestNG.runSuites(TestNG.java:1039)
	at org.testng.TestNG.run(TestNG.java:1007)
	at org.testng.remote.AbstractRemoteTestNG.run(AbstractRemoteTestNG.java:115)
	at org.testng.remote.RemoteTestNG.initAndRun(RemoteTestNG.java:251)
	at org.testng.remote.RemoteTestNG.main(RemoteTestNG.java:77)
</pre></div></td>
<td>45</td>
<td>BAE_ROAD_TESTCASES.HomePage_BaeRoad@78ffe6dc</td></tr>
<tr>
<td title='BAE_ROAD_TESTCASES.HomePage_BaeRoad.HomePageCreatedPostDeletion()'><b>HomePageCreatedPostDeletion</b><br>Test class: BAE_ROAD_TESTCASES.HomePage_BaeRoad</td>
<td><div><pre>org.openqa.selenium.NoSuchElementException: no such element: Unable to locate element: {&quot;method&quot;:&quot;xpath&quot;,&quot;selector&quot;:&quot;//span[contains(text(),&apos;Confirm&apos;)]&quot;}
  (Session info: chrome=84.0.4147.105)
For documentation on this error, please visit: https://www.seleniumhq.org/exceptions/no_such_element.html
Build info: version: &apos;3.141.59&apos;, revision: &apos;e82be7d358&apos;, time: &apos;2018-11-14T08:25:48&apos;
System info: host: &apos;DESKTOP-5PGD9M5&apos;, ip: &apos;192.168.43.181&apos;, os.name: &apos;Windows 10&apos;, os.arch: &apos;amd64&apos;, os.version: &apos;10.0&apos;, java.version: &apos;11.0.2&apos;
Driver info: org.openqa.selenium.chrome.ChromeDriver
Capabilities {acceptInsecureCerts: false, browserName: chrome, browserVersion: 84.0.4147.105, chrome: {chromedriverVersion: 83.0.4103.14 (be04594a2b841..., userDataDir: C:\Users\MENINB~1\AppData\L...}, goog:chromeOptions: {debuggerAddress: localhost:55635}, javascriptEnabled: true, networkConnectionEnabled: false, pageLoadStrategy: normal, platform: WINDOWS, platformName: WINDOWS, proxy: Proxy(), setWindowRect: true, strictFileInteractability: false, timeouts: {implicit: 0, pageLoad: 300000, script: 30000}, unhandledPromptBehavior: dismiss and notify, webauthn:virtualAuthenticators: true}
Session ID: ff05307300e3a9179c50d4905c79ded3
*** Element info: {Using=xpath, value=//span[contains(text(),&apos;Confirm&apos;)]}
	at org.openqa.selenium.remote.http.W3CHttpResponseCodec.createException(W3CHttpResponseCodec.java:187)
	at org.openqa.selenium.remote.http.W3CHttpResponseCodec.decode(W3CHttpResponseCodec.java:122)
	at org.openqa.selenium.remote.http.W3CHttpResponseCodec.decode(W3CHttpResponseCodec.java:49)
	at org.openqa.selenium.remote.HttpCommandExecutor.execute(HttpCommandExecutor.java:158)
	at org.openqa.selenium.remote.service.DriverCommandExecutor.execute(DriverCommandExecutor.java:83)
	at org.openqa.selenium.remote.RemoteWebDriver.execute(RemoteWebDriver.java:552)
	at org.openqa.selenium.remote.RemoteWebDriver.findElement(RemoteWebDriver.java:323)
	at org.openqa.selenium.remote.RemoteWebDriver.findElementByXPath(RemoteWebDriver.java:428)
	at org.openqa.selenium.By$ByXPath.findElement(By.java:353)
	at org.openqa.selenium.remote.RemoteWebDriver.findElement(RemoteWebDriver.java:315)
	at org.openqa.selenium.support.pagefactory.DefaultElementLocator.findElement(DefaultElementLocator.java:69)
	at org.openqa.selenium.support.pagefactory.internal.LocatingElementHandler.invoke(LocatingElementHandler.java:38)
	at com.sun.proxy.$Proxy12.click(Unknown Source)
	at BAE_ROAD_TESTCASES.HomePage_BaeRoad.HomePageCreatedPostDeletion(HomePage_BaeRoad.java:380)
	at java.base/java.util.ArrayList.forEach(ArrayList.java:1540)
... Removed 31 stack frames</pre></div><a href='#' onClick='toggleBox("stack-trace946237445", this, "Click to show all stack frames", "Click to hide stack frames")'>Click to show all stack frames</a>
<div class='stack-trace' id='stack-trace946237445'><pre>org.openqa.selenium.NoSuchElementException: no such element: Unable to locate element: {&quot;method&quot;:&quot;xpath&quot;,&quot;selector&quot;:&quot;//span[contains(text(),&apos;Confirm&apos;)]&quot;}
  (Session info: chrome=84.0.4147.105)
For documentation on this error, please visit: https://www.seleniumhq.org/exceptions/no_such_element.html
Build info: version: &apos;3.141.59&apos;, revision: &apos;e82be7d358&apos;, time: &apos;2018-11-14T08:25:48&apos;
System info: host: &apos;DESKTOP-5PGD9M5&apos;, ip: &apos;192.168.43.181&apos;, os.name: &apos;Windows 10&apos;, os.arch: &apos;amd64&apos;, os.version: &apos;10.0&apos;, java.version: &apos;11.0.2&apos;
Driver info: org.openqa.selenium.chrome.ChromeDriver
Capabilities {acceptInsecureCerts: false, browserName: chrome, browserVersion: 84.0.4147.105, chrome: {chromedriverVersion: 83.0.4103.14 (be04594a2b841..., userDataDir: C:\Users\MENINB~1\AppData\L...}, goog:chromeOptions: {debuggerAddress: localhost:55635}, javascriptEnabled: true, networkConnectionEnabled: false, pageLoadStrategy: normal, platform: WINDOWS, platformName: WINDOWS, proxy: Proxy(), setWindowRect: true, strictFileInteractability: false, timeouts: {implicit: 0, pageLoad: 300000, script: 30000}, unhandledPromptBehavior: dismiss and notify, webauthn:virtualAuthenticators: true}
Session ID: ff05307300e3a9179c50d4905c79ded3
*** Element info: {Using=xpath, value=//span[contains(text(),&apos;Confirm&apos;)]}
	at java.base/jdk.internal.reflect.NativeConstructorAccessorImpl.newInstance0(Native Method)
	at java.base/jdk.internal.reflect.NativeConstructorAccessorImpl.newInstance(NativeConstructorAccessorImpl.java:62)
	at java.base/jdk.internal.reflect.DelegatingConstructorAccessorImpl.newInstance(DelegatingConstructorAccessorImpl.java:45)
	at java.base/java.lang.reflect.Constructor.newInstance(Constructor.java:490)
	at org.openqa.selenium.remote.http.W3CHttpResponseCodec.createException(W3CHttpResponseCodec.java:187)
	at org.openqa.selenium.remote.http.W3CHttpResponseCodec.decode(W3CHttpResponseCodec.java:122)
	at org.openqa.selenium.remote.http.W3CHttpResponseCodec.decode(W3CHttpResponseCodec.java:49)
	at org.openqa.selenium.remote.HttpCommandExecutor.execute(HttpCommandExecutor.java:158)
	at org.openqa.selenium.remote.service.DriverCommandExecutor.execute(DriverCommandExecutor.java:83)
	at org.openqa.selenium.remote.RemoteWebDriver.execute(RemoteWebDriver.java:552)
	at org.openqa.selenium.remote.RemoteWebDriver.findElement(RemoteWebDriver.java:323)
	at org.openqa.selenium.remote.RemoteWebDriver.findElementByXPath(RemoteWebDriver.java:428)
	at org.openqa.selenium.By$ByXPath.findElement(By.java:353)
	at org.openqa.selenium.remote.RemoteWebDriver.findElement(RemoteWebDriver.java:315)
	at org.openqa.selenium.support.pagefactory.DefaultElementLocator.findElement(DefaultElementLocator.java:69)
	at org.openqa.selenium.support.pagefactory.internal.LocatingElementHandler.invoke(LocatingElementHandler.java:38)
	at com.sun.proxy.$Proxy12.click(Unknown Source)
	at BAE_ROAD_TESTCASES.HomePage_BaeRoad.HomePageCreatedPostDeletion(HomePage_BaeRoad.java:380)
	at java.base/jdk.internal.reflect.NativeMethodAccessorImpl.invoke0(Native Method)
	at java.base/jdk.internal.reflect.NativeMethodAccessorImpl.invoke(NativeMethodAccessorImpl.java:62)
	at java.base/jdk.internal.reflect.DelegatingMethodAccessorImpl.invoke(DelegatingMethodAccessorImpl.java:43)
	at java.base/java.lang.reflect.Method.invoke(Method.java:566)
	at org.testng.internal.MethodInvocationHelper.invokeMethod(MethodInvocationHelper.java:134)
	at org.testng.internal.TestInvoker.invokeMethod(TestInvoker.java:597)
	at org.testng.internal.TestInvoker.invokeTestMethod(TestInvoker.java:173)
	at org.testng.internal.MethodRunner.runInSequence(MethodRunner.java:46)
	at org.testng.internal.TestInvoker$MethodInvocationAgent.invoke(TestInvoker.java:816)
	at org.testng.internal.TestInvoker.invokeTestMethods(TestInvoker.java:146)
	at org.testng.internal.TestMethodWorker.invokeTestMethods(TestMethodWorker.java:146)
	at org.testng.internal.TestMethodWorker.run(TestMethodWorker.java:128)
	at java.base/java.util.ArrayList.forEach(ArrayList.java:1540)
	at org.testng.TestRunner.privateRun(TestRunner.java:766)
	at org.testng.TestRunner.run(TestRunner.java:587)
	at org.testng.SuiteRunner.runTest(SuiteRunner.java:384)
	at org.testng.SuiteRunner.runSequentially(SuiteRunner.java:378)
	at org.testng.SuiteRunner.privateRun(SuiteRunner.java:337)
	at org.testng.SuiteRunner.run(SuiteRunner.java:286)
	at org.testng.SuiteRunnerWorker.runSuite(SuiteRunnerWorker.java:53)
	at org.testng.SuiteRunnerWorker.run(SuiteRunnerWorker.java:96)
	at org.testng.TestNG.runSuitesSequentially(TestNG.java:1187)
	at org.testng.TestNG.runSuitesLocally(TestNG.java:1109)
	at org.testng.TestNG.runSuites(TestNG.java:1039)
	at org.testng.TestNG.run(TestNG.java:1007)
	at org.testng.remote.AbstractRemoteTestNG.run(AbstractRemoteTestNG.java:115)
	at org.testng.remote.RemoteTestNG.initAndRun(RemoteTestNG.java:251)
	at org.testng.remote.RemoteTestNG.main(RemoteTestNG.java:77)
</pre></div></td>
<td>18</td>
<td>BAE_ROAD_TESTCASES.HomePage_BaeRoad@78ffe6dc</td></tr>
<tr>
<td title='BAE_ROAD_TESTCASES.MessagePage_BaeRoad.MessageOptionMessageEmptyWritePostFunctionalityTest()'><b>MessageOptionMessageEmptyWritePostFunctionalityTest</b><br>Test class: BAE_ROAD_TESTCASES.MessagePage_BaeRoad</td>
<td><div><pre>org.openqa.selenium.NoSuchElementException: no such element: Unable to locate element: {&quot;method&quot;:&quot;xpath&quot;,&quot;selector&quot;:&quot;//textarea[contains(@placeholder,&apos;Your post here&apos;)]&quot;}
  (Session info: chrome=84.0.4147.105)
For documentation on this error, please visit: https://www.seleniumhq.org/exceptions/no_such_element.html
Build info: version: &apos;3.141.59&apos;, revision: &apos;e82be7d358&apos;, time: &apos;2018-11-14T08:25:48&apos;
System info: host: &apos;DESKTOP-5PGD9M5&apos;, ip: &apos;192.168.43.181&apos;, os.name: &apos;Windows 10&apos;, os.arch: &apos;amd64&apos;, os.version: &apos;10.0&apos;, java.version: &apos;11.0.2&apos;
Driver info: org.openqa.selenium.chrome.ChromeDriver
Capabilities {acceptInsecureCerts: false, browserName: chrome, browserVersion: 84.0.4147.105, chrome: {chromedriverVersion: 83.0.4103.14 (be04594a2b841..., userDataDir: C:\Users\MENINB~1\AppData\L...}, goog:chromeOptions: {debuggerAddress: localhost:59678}, javascriptEnabled: true, networkConnectionEnabled: false, pageLoadStrategy: normal, platform: WINDOWS, platformName: WINDOWS, proxy: Proxy(), setWindowRect: true, strictFileInteractability: false, timeouts: {implicit: 0, pageLoad: 300000, script: 30000}, unhandledPromptBehavior: dismiss and notify, webauthn:virtualAuthenticators: true}
Session ID: aae7604eeec9c78b359a13909be65ab2
*** Element info: {Using=xpath, value=//textarea[contains(@placeholder,&apos;Your post here&apos;)]}
	at org.openqa.selenium.remote.http.W3CHttpResponseCodec.createException(W3CHttpResponseCodec.java:187)
	at org.openqa.selenium.remote.http.W3CHttpResponseCodec.decode(W3CHttpResponseCodec.java:122)
	at org.openqa.selenium.remote.http.W3CHttpResponseCodec.decode(W3CHttpResponseCodec.java:49)
	at org.openqa.selenium.remote.HttpCommandExecutor.execute(HttpCommandExecutor.java:158)
	at org.openqa.selenium.remote.service.DriverCommandExecutor.execute(DriverCommandExecutor.java:83)
	at org.openqa.selenium.remote.RemoteWebDriver.execute(RemoteWebDriver.java:552)
	at org.openqa.selenium.remote.RemoteWebDriver.findElement(RemoteWebDriver.java:323)
	at org.openqa.selenium.remote.RemoteWebDriver.findElementByXPath(RemoteWebDriver.java:428)
	at org.openqa.selenium.By$ByXPath.findElement(By.java:353)
	at org.openqa.selenium.remote.RemoteWebDriver.findElement(RemoteWebDriver.java:315)
	at org.openqa.selenium.support.pagefactory.DefaultElementLocator.findElement(DefaultElementLocator.java:69)
	at org.openqa.selenium.support.pagefactory.internal.LocatingElementHandler.invoke(LocatingElementHandler.java:38)
	at com.sun.proxy.$Proxy12.sendKeys(Unknown Source)
	at BAE_ROAD_TESTCASES.MessagePage_BaeRoad.MessageOptionMessageEmptyWritePostFunctionalityTest(MessagePage_BaeRoad.java:231)
	at java.base/java.util.ArrayList.forEach(ArrayList.java:1540)
... Removed 31 stack frames</pre></div><a href='#' onClick='toggleBox("stack-trace1046527560", this, "Click to show all stack frames", "Click to hide stack frames")'>Click to show all stack frames</a>
<div class='stack-trace' id='stack-trace1046527560'><pre>org.openqa.selenium.NoSuchElementException: no such element: Unable to locate element: {&quot;method&quot;:&quot;xpath&quot;,&quot;selector&quot;:&quot;//textarea[contains(@placeholder,&apos;Your post here&apos;)]&quot;}
  (Session info: chrome=84.0.4147.105)
For documentation on this error, please visit: https://www.seleniumhq.org/exceptions/no_such_element.html
Build info: version: &apos;3.141.59&apos;, revision: &apos;e82be7d358&apos;, time: &apos;2018-11-14T08:25:48&apos;
System info: host: &apos;DESKTOP-5PGD9M5&apos;, ip: &apos;192.168.43.181&apos;, os.name: &apos;Windows 10&apos;, os.arch: &apos;amd64&apos;, os.version: &apos;10.0&apos;, java.version: &apos;11.0.2&apos;
Driver info: org.openqa.selenium.chrome.ChromeDriver
Capabilities {acceptInsecureCerts: false, browserName: chrome, browserVersion: 84.0.4147.105, chrome: {chromedriverVersion: 83.0.4103.14 (be04594a2b841..., userDataDir: C:\Users\MENINB~1\AppData\L...}, goog:chromeOptions: {debuggerAddress: localhost:59678}, javascriptEnabled: true, networkConnectionEnabled: false, pageLoadStrategy: normal, platform: WINDOWS, platformName: WINDOWS, proxy: Proxy(), setWindowRect: true, strictFileInteractability: false, timeouts: {implicit: 0, pageLoad: 300000, script: 30000}, unhandledPromptBehavior: dismiss and notify, webauthn:virtualAuthenticators: true}
Session ID: aae7604eeec9c78b359a13909be65ab2
*** Element info: {Using=xpath, value=//textarea[contains(@placeholder,&apos;Your post here&apos;)]}
	at java.base/jdk.internal.reflect.NativeConstructorAccessorImpl.newInstance0(Native Method)
	at java.base/jdk.internal.reflect.NativeConstructorAccessorImpl.newInstance(NativeConstructorAccessorImpl.java:62)
	at java.base/jdk.internal.reflect.DelegatingConstructorAccessorImpl.newInstance(DelegatingConstructorAccessorImpl.java:45)
	at java.base/java.lang.reflect.Constructor.newInstance(Constructor.java:490)
	at org.openqa.selenium.remote.http.W3CHttpResponseCodec.createException(W3CHttpResponseCodec.java:187)
	at org.openqa.selenium.remote.http.W3CHttpResponseCodec.decode(W3CHttpResponseCodec.java:122)
	at org.openqa.selenium.remote.http.W3CHttpResponseCodec.decode(W3CHttpResponseCodec.java:49)
	at org.openqa.selenium.remote.HttpCommandExecutor.execute(HttpCommandExecutor.java:158)
	at org.openqa.selenium.remote.service.DriverCommandExecutor.execute(DriverCommandExecutor.java:83)
	at org.openqa.selenium.remote.RemoteWebDriver.execute(RemoteWebDriver.java:552)
	at org.openqa.selenium.remote.RemoteWebDriver.findElement(RemoteWebDriver.java:323)
	at org.openqa.selenium.remote.RemoteWebDriver.findElementByXPath(RemoteWebDriver.java:428)
	at org.openqa.selenium.By$ByXPath.findElement(By.java:353)
	at org.openqa.selenium.remote.RemoteWebDriver.findElement(RemoteWebDriver.java:315)
	at org.openqa.selenium.support.pagefactory.DefaultElementLocator.findElement(DefaultElementLocator.java:69)
	at org.openqa.selenium.support.pagefactory.internal.LocatingElementHandler.invoke(LocatingElementHandler.java:38)
	at com.sun.proxy.$Proxy12.sendKeys(Unknown Source)
	at BAE_ROAD_TESTCASES.MessagePage_BaeRoad.MessageOptionMessageEmptyWritePostFunctionalityTest(MessagePage_BaeRoad.java:231)
	at java.base/jdk.internal.reflect.NativeMethodAccessorImpl.invoke0(Native Method)
	at java.base/jdk.internal.reflect.NativeMethodAccessorImpl.invoke(NativeMethodAccessorImpl.java:62)
	at java.base/jdk.internal.reflect.DelegatingMethodAccessorImpl.invoke(DelegatingMethodAccessorImpl.java:43)
	at java.base/java.lang.reflect.Method.invoke(Method.java:566)
	at org.testng.internal.MethodInvocationHelper.invokeMethod(MethodInvocationHelper.java:134)
	at org.testng.internal.TestInvoker.invokeMethod(TestInvoker.java:597)
	at org.testng.internal.TestInvoker.invokeTestMethod(TestInvoker.java:173)
	at org.testng.internal.MethodRunner.runInSequence(MethodRunner.java:46)
	at org.testng.internal.TestInvoker$MethodInvocationAgent.invoke(TestInvoker.java:816)
	at org.testng.internal.TestInvoker.invokeTestMethods(TestInvoker.java:146)
	at org.testng.internal.TestMethodWorker.invokeTestMethods(TestMethodWorker.java:146)
	at org.testng.internal.TestMethodWorker.run(TestMethodWorker.java:128)
	at java.base/java.util.ArrayList.forEach(ArrayList.java:1540)
	at org.testng.TestRunner.privateRun(TestRunner.java:766)
	at org.testng.TestRunner.run(TestRunner.java:587)
	at org.testng.SuiteRunner.runTest(SuiteRunner.java:384)
	at org.testng.SuiteRunner.runSequentially(SuiteRunner.java:378)
	at org.testng.SuiteRunner.privateRun(SuiteRunner.java:337)
	at org.testng.SuiteRunner.run(SuiteRunner.java:286)
	at org.testng.SuiteRunnerWorker.runSuite(SuiteRunnerWorker.java:53)
	at org.testng.SuiteRunnerWorker.run(SuiteRunnerWorker.java:96)
	at org.testng.TestNG.runSuitesSequentially(TestNG.java:1187)
	at org.testng.TestNG.runSuitesLocally(TestNG.java:1109)
	at org.testng.TestNG.runSuites(TestNG.java:1039)
	at org.testng.TestNG.run(TestNG.java:1007)
	at org.testng.remote.AbstractRemoteTestNG.run(AbstractRemoteTestNG.java:115)
	at org.testng.remote.RemoteTestNG.initAndRun(RemoteTestNG.java:251)
	at org.testng.remote.RemoteTestNG.main(RemoteTestNG.java:77)
</pre></div></td>
<td>18</td>
<td>BAE_ROAD_TESTCASES.MessagePage_BaeRoad@770d3326</td></tr>
<tr>
<td title='BAE_ROAD_TESTCASES.ProfilePage_BaeRoad.ProfilePageDisplyedPostEditing()'><b>ProfilePageDisplyedPostEditing</b><br>Test class: BAE_ROAD_TESTCASES.ProfilePage_BaeRoad</td>
<td><div><pre>org.openqa.selenium.NoSuchElementException: no such element: Unable to locate element: {&quot;method&quot;:&quot;xpath&quot;,&quot;selector&quot;:&quot;//textarea[contains(@type,text)]&quot;}
  (Session info: chrome=84.0.4147.105)
For documentation on this error, please visit: https://www.seleniumhq.org/exceptions/no_such_element.html
Build info: version: &apos;3.141.59&apos;, revision: &apos;e82be7d358&apos;, time: &apos;2018-11-14T08:25:48&apos;
System info: host: &apos;DESKTOP-5PGD9M5&apos;, ip: &apos;192.168.43.181&apos;, os.name: &apos;Windows 10&apos;, os.arch: &apos;amd64&apos;, os.version: &apos;10.0&apos;, java.version: &apos;11.0.2&apos;
Driver info: org.openqa.selenium.chrome.ChromeDriver
Capabilities {acceptInsecureCerts: false, browserName: chrome, browserVersion: 84.0.4147.105, chrome: {chromedriverVersion: 83.0.4103.14 (be04594a2b841..., userDataDir: C:\Users\MENINB~1\AppData\L...}, goog:chromeOptions: {debuggerAddress: localhost:56887}, javascriptEnabled: true, networkConnectionEnabled: false, pageLoadStrategy: normal, platform: WINDOWS, platformName: WINDOWS, proxy: Proxy(), setWindowRect: true, strictFileInteractability: false, timeouts: {implicit: 0, pageLoad: 300000, script: 30000}, unhandledPromptBehavior: dismiss and notify, webauthn:virtualAuthenticators: true}
Session ID: 24af43676b4ec4858426810d87106231
*** Element info: {Using=xpath, value=//textarea[contains(@type,text)]}
	at org.openqa.selenium.remote.http.W3CHttpResponseCodec.createException(W3CHttpResponseCodec.java:187)
	at org.openqa.selenium.remote.http.W3CHttpResponseCodec.decode(W3CHttpResponseCodec.java:122)
	at org.openqa.selenium.remote.http.W3CHttpResponseCodec.decode(W3CHttpResponseCodec.java:49)
	at org.openqa.selenium.remote.HttpCommandExecutor.execute(HttpCommandExecutor.java:158)
	at org.openqa.selenium.remote.service.DriverCommandExecutor.execute(DriverCommandExecutor.java:83)
	at org.openqa.selenium.remote.RemoteWebDriver.execute(RemoteWebDriver.java:552)
	at org.openqa.selenium.remote.RemoteWebDriver.findElement(RemoteWebDriver.java:323)
	at org.openqa.selenium.remote.RemoteWebDriver.findElementByXPath(RemoteWebDriver.java:428)
	at org.openqa.selenium.By$ByXPath.findElement(By.java:353)
	at org.openqa.selenium.remote.RemoteWebDriver.findElement(RemoteWebDriver.java:315)
	at org.openqa.selenium.support.pagefactory.DefaultElementLocator.findElement(DefaultElementLocator.java:69)
	at org.openqa.selenium.support.pagefactory.internal.LocatingElementHandler.invoke(LocatingElementHandler.java:38)
	at com.sun.proxy.$Proxy12.sendKeys(Unknown Source)
	at BAE_ROAD_TESTCASES.ProfilePage_BaeRoad.ProfilePageDisplyedPostEditing(ProfilePage_BaeRoad.java:100)
	at java.base/java.util.ArrayList.forEach(ArrayList.java:1540)
... Removed 31 stack frames</pre></div><a href='#' onClick='toggleBox("stack-trace890512255", this, "Click to show all stack frames", "Click to hide stack frames")'>Click to show all stack frames</a>
<div class='stack-trace' id='stack-trace890512255'><pre>org.openqa.selenium.NoSuchElementException: no such element: Unable to locate element: {&quot;method&quot;:&quot;xpath&quot;,&quot;selector&quot;:&quot;//textarea[contains(@type,text)]&quot;}
  (Session info: chrome=84.0.4147.105)
For documentation on this error, please visit: https://www.seleniumhq.org/exceptions/no_such_element.html
Build info: version: &apos;3.141.59&apos;, revision: &apos;e82be7d358&apos;, time: &apos;2018-11-14T08:25:48&apos;
System info: host: &apos;DESKTOP-5PGD9M5&apos;, ip: &apos;192.168.43.181&apos;, os.name: &apos;Windows 10&apos;, os.arch: &apos;amd64&apos;, os.version: &apos;10.0&apos;, java.version: &apos;11.0.2&apos;
Driver info: org.openqa.selenium.chrome.ChromeDriver
Capabilities {acceptInsecureCerts: false, browserName: chrome, browserVersion: 84.0.4147.105, chrome: {chromedriverVersion: 83.0.4103.14 (be04594a2b841..., userDataDir: C:\Users\MENINB~1\AppData\L...}, goog:chromeOptions: {debuggerAddress: localhost:56887}, javascriptEnabled: true, networkConnectionEnabled: false, pageLoadStrategy: normal, platform: WINDOWS, platformName: WINDOWS, proxy: Proxy(), setWindowRect: true, strictFileInteractability: false, timeouts: {implicit: 0, pageLoad: 300000, script: 30000}, unhandledPromptBehavior: dismiss and notify, webauthn:virtualAuthenticators: true}
Session ID: 24af43676b4ec4858426810d87106231
*** Element info: {Using=xpath, value=//textarea[contains(@type,text)]}
	at java.base/jdk.internal.reflect.NativeConstructorAccessorImpl.newInstance0(Native Method)
	at java.base/jdk.internal.reflect.NativeConstructorAccessorImpl.newInstance(NativeConstructorAccessorImpl.java:62)
	at java.base/jdk.internal.reflect.DelegatingConstructorAccessorImpl.newInstance(DelegatingConstructorAccessorImpl.java:45)
	at java.base/java.lang.reflect.Constructor.newInstance(Constructor.java:490)
	at org.openqa.selenium.remote.http.W3CHttpResponseCodec.createException(W3CHttpResponseCodec.java:187)
	at org.openqa.selenium.remote.http.W3CHttpResponseCodec.decode(W3CHttpResponseCodec.java:122)
	at org.openqa.selenium.remote.http.W3CHttpResponseCodec.decode(W3CHttpResponseCodec.java:49)
	at org.openqa.selenium.remote.HttpCommandExecutor.execute(HttpCommandExecutor.java:158)
	at org.openqa.selenium.remote.service.DriverCommandExecutor.execute(DriverCommandExecutor.java:83)
	at org.openqa.selenium.remote.RemoteWebDriver.execute(RemoteWebDriver.java:552)
	at org.openqa.selenium.remote.RemoteWebDriver.findElement(RemoteWebDriver.java:323)
	at org.openqa.selenium.remote.RemoteWebDriver.findElementByXPath(RemoteWebDriver.java:428)
	at org.openqa.selenium.By$ByXPath.findElement(By.java:353)
	at org.openqa.selenium.remote.RemoteWebDriver.findElement(RemoteWebDriver.java:315)
	at org.openqa.selenium.support.pagefactory.DefaultElementLocator.findElement(DefaultElementLocator.java:69)
	at org.openqa.selenium.support.pagefactory.internal.LocatingElementHandler.invoke(LocatingElementHandler.java:38)
	at com.sun.proxy.$Proxy12.sendKeys(Unknown Source)
	at BAE_ROAD_TESTCASES.ProfilePage_BaeRoad.ProfilePageDisplyedPostEditing(ProfilePage_BaeRoad.java:100)
	at java.base/jdk.internal.reflect.NativeMethodAccessorImpl.invoke0(Native Method)
	at java.base/jdk.internal.reflect.NativeMethodAccessorImpl.invoke(NativeMethodAccessorImpl.java:62)
	at java.base/jdk.internal.reflect.DelegatingMethodAccessorImpl.invoke(DelegatingMethodAccessorImpl.java:43)
	at java.base/java.lang.reflect.Method.invoke(Method.java:566)
	at org.testng.internal.MethodInvocationHelper.invokeMethod(MethodInvocationHelper.java:134)
	at org.testng.internal.TestInvoker.invokeMethod(TestInvoker.java:597)
	at org.testng.internal.TestInvoker.invokeTestMethod(TestInvoker.java:173)
	at org.testng.internal.MethodRunner.runInSequence(MethodRunner.java:46)
	at org.testng.internal.TestInvoker$MethodInvocationAgent.invoke(TestInvoker.java:816)
	at org.testng.internal.TestInvoker.invokeTestMethods(TestInvoker.java:146)
	at org.testng.internal.TestMethodWorker.invokeTestMethods(TestMethodWorker.java:146)
	at org.testng.internal.TestMethodWorker.run(TestMethodWorker.java:128)
	at java.base/java.util.ArrayList.forEach(ArrayList.java:1540)
	at org.testng.TestRunner.privateRun(TestRunner.java:766)
	at org.testng.TestRunner.run(TestRunner.java:587)
	at org.testng.SuiteRunner.runTest(SuiteRunner.java:384)
	at org.testng.SuiteRunner.runSequentially(SuiteRunner.java:378)
	at org.testng.SuiteRunner.privateRun(SuiteRunner.java:337)
	at org.testng.SuiteRunner.run(SuiteRunner.java:286)
	at org.testng.SuiteRunnerWorker.runSuite(SuiteRunnerWorker.java:53)
	at org.testng.SuiteRunnerWorker.run(SuiteRunnerWorker.java:96)
	at org.testng.TestNG.runSuitesSequentially(TestNG.java:1187)
	at org.testng.TestNG.runSuitesLocally(TestNG.java:1109)
	at org.testng.TestNG.runSuites(TestNG.java:1039)
	at org.testng.TestNG.run(TestNG.java:1007)
	at org.testng.remote.AbstractRemoteTestNG.run(AbstractRemoteTestNG.java:115)
	at org.testng.remote.RemoteTestNG.initAndRun(RemoteTestNG.java:251)
	at org.testng.remote.RemoteTestNG.main(RemoteTestNG.java:77)
</pre></div></td>
<td>16</td>
<td>BAE_ROAD_TESTCASES.ProfilePage_BaeRoad@e1de817</td></tr>
<tr>
<td title='BAE_ROAD_TESTCASES.PurchasePage_BaeRoad.PurcahsePagePostProfilefeedValidation()'><b>PurcahsePagePostProfilefeedValidation</b><br>Test class: BAE_ROAD_TESTCASES.PurchasePage_BaeRoad</td>
<td><div><pre>java.lang.AssertionError: expected [Paid] but found [feed]
	at BAE_ROAD_TESTCASES.PurchasePage_BaeRoad.PurcahsePagePostProfilefeedValidation(PurchasePage_BaeRoad.java:54)
	at java.base/java.util.ArrayList.forEach(ArrayList.java:1540)
... Removed 32 stack frames</pre></div><a href='#' onClick='toggleBox("stack-trace815817331", this, "Click to show all stack frames", "Click to hide stack frames")'>Click to show all stack frames</a>
<div class='stack-trace' id='stack-trace815817331'><pre>java.lang.AssertionError: expected [Paid] but found [feed]
	at org.testng.Assert.fail(Assert.java:97)
	at org.testng.Assert.assertEqualsImpl(Assert.java:136)
	at org.testng.Assert.assertEquals(Assert.java:118)
	at org.testng.Assert.assertEquals(Assert.java:575)
	at org.testng.Assert.assertEquals(Assert.java:585)
	at BAE_ROAD_TESTCASES.PurchasePage_BaeRoad.PurcahsePagePostProfilefeedValidation(PurchasePage_BaeRoad.java:54)
	at java.base/jdk.internal.reflect.NativeMethodAccessorImpl.invoke0(Native Method)
	at java.base/jdk.internal.reflect.NativeMethodAccessorImpl.invoke(NativeMethodAccessorImpl.java:62)
	at java.base/jdk.internal.reflect.DelegatingMethodAccessorImpl.invoke(DelegatingMethodAccessorImpl.java:43)
	at java.base/java.lang.reflect.Method.invoke(Method.java:566)
	at org.testng.internal.MethodInvocationHelper.invokeMethod(MethodInvocationHelper.java:134)
	at org.testng.internal.TestInvoker.invokeMethod(TestInvoker.java:597)
	at org.testng.internal.TestInvoker.invokeTestMethod(TestInvoker.java:173)
	at org.testng.internal.MethodRunner.runInSequence(MethodRunner.java:46)
	at org.testng.internal.TestInvoker$MethodInvocationAgent.invoke(TestInvoker.java:816)
	at org.testng.internal.TestInvoker.invokeTestMethods(TestInvoker.java:146)
	at org.testng.internal.TestMethodWorker.invokeTestMethods(TestMethodWorker.java:146)
	at org.testng.internal.TestMethodWorker.run(TestMethodWorker.java:128)
	at java.base/java.util.ArrayList.forEach(ArrayList.java:1540)
	at org.testng.TestRunner.privateRun(TestRunner.java:766)
	at org.testng.TestRunner.run(TestRunner.java:587)
	at org.testng.SuiteRunner.runTest(SuiteRunner.java:384)
	at org.testng.SuiteRunner.runSequentially(SuiteRunner.java:378)
	at org.testng.SuiteRunner.privateRun(SuiteRunner.java:337)
	at org.testng.SuiteRunner.run(SuiteRunner.java:286)
	at org.testng.SuiteRunnerWorker.runSuite(SuiteRunnerWorker.java:53)
	at org.testng.SuiteRunnerWorker.run(SuiteRunnerWorker.java:96)
	at org.testng.TestNG.runSuitesSequentially(TestNG.java:1187)
	at org.testng.TestNG.runSuitesLocally(TestNG.java:1109)
	at org.testng.TestNG.runSuites(TestNG.java:1039)
	at org.testng.TestNG.run(TestNG.java:1007)
	at org.testng.remote.AbstractRemoteTestNG.run(AbstractRemoteTestNG.java:115)
	at org.testng.remote.RemoteTestNG.initAndRun(RemoteTestNG.java:251)
	at org.testng.remote.RemoteTestNG.main(RemoteTestNG.java:77)
</pre></div></td>
<td>5</td>
<td>BAE_ROAD_TESTCASES.PurchasePage_BaeRoad@a2431d0</td></tr>
</table><p>
<table width='100%' border='1' class='invocation-passed'>
<tr><td colspan='4' align='center'><b>PASSED TESTS</b></td></tr>
<tr><td><b>Test method</b></td>
<td width="30%"><b>Exception</b></td>
<td width="10%"><b>Time (seconds)</b></td>
<td><b>Instance</b></td>
</tr>
<tr>
<td title='BAE_ROAD_TESTCASES.AccountsPage_BaeRoad.AccountsPageChangePasswordOptionBlankOldValidNewValidConfirmPssTest()'><b>AccountsPageChangePasswordOptionBlankOldValidNewValidConfirmPssTest</b><br>Test class: BAE_ROAD_TESTCASES.AccountsPage_BaeRoad</td>
<td></td>
<td>8</td>
<td>BAE_ROAD_TESTCASES.AccountsPage_BaeRoad@1e6454ec</td></tr>
<tr>
<td title='BAE_ROAD_TESTCASES.AccountsPage_BaeRoad.AccountsPageChangePasswordOptionChangePasswordButtonTest()'><b>AccountsPageChangePasswordOptionChangePasswordButtonTest</b><br>Test class: BAE_ROAD_TESTCASES.AccountsPage_BaeRoad</td>
<td></td>
<td>5</td>
<td>BAE_ROAD_TESTCASES.AccountsPage_BaeRoad@1e6454ec</td></tr>
<tr>
<td title='BAE_ROAD_TESTCASES.AccountsPage_BaeRoad.AccountsPageChangePasswordOptionInvalidChangepssTest()'><b>AccountsPageChangePasswordOptionInvalidChangepssTest</b><br>Test class: BAE_ROAD_TESTCASES.AccountsPage_BaeRoad</td>
<td></td>
<td>7</td>
<td>BAE_ROAD_TESTCASES.AccountsPage_BaeRoad@1e6454ec</td></tr>
<tr>
<td title='BAE_ROAD_TESTCASES.AccountsPage_BaeRoad.AccountsPageChangePasswordOptionInvalidOldBlankNewBlankConfirmPssTest()'><b>AccountsPageChangePasswordOptionInvalidOldBlankNewBlankConfirmPssTest</b><br>Test class: BAE_ROAD_TESTCASES.AccountsPage_BaeRoad</td>
<td></td>
<td>8</td>
<td>BAE_ROAD_TESTCASES.AccountsPage_BaeRoad@1e6454ec</td></tr>
<tr>
<td title='BAE_ROAD_TESTCASES.AccountsPage_BaeRoad.AccountsPageChangePasswordOptionInvalidOldValidNewConfirmPssTest()'><b>AccountsPageChangePasswordOptionInvalidOldValidNewConfirmPssTest</b><br>Test class: BAE_ROAD_TESTCASES.AccountsPage_BaeRoad</td>
<td></td>
<td>11</td>
<td>BAE_ROAD_TESTCASES.AccountsPage_BaeRoad@1e6454ec</td></tr>
<tr>
<td title='BAE_ROAD_TESTCASES.AccountsPage_BaeRoad.AccountsPageChangePasswordOptionValidOldAndNewInvalidConfirmPssTest()'><b>AccountsPageChangePasswordOptionValidOldAndNewInvalidConfirmPssTest</b><br>Test class: BAE_ROAD_TESTCASES.AccountsPage_BaeRoad</td>
<td></td>
<td>8</td>
<td>BAE_ROAD_TESTCASES.AccountsPage_BaeRoad@1e6454ec</td></tr>
<tr>
<td title='BAE_ROAD_TESTCASES.AccountsPage_BaeRoad.AccountsPageChangePasswordOptionValidOldBlankNewBlankConfirmPssTest()'><b>AccountsPageChangePasswordOptionValidOldBlankNewBlankConfirmPssTest</b><br>Test class: BAE_ROAD_TESTCASES.AccountsPage_BaeRoad</td>
<td></td>
<td>6</td>
<td>BAE_ROAD_TESTCASES.AccountsPage_BaeRoad@1e6454ec</td></tr>
<tr>
<td title='BAE_ROAD_TESTCASES.AccountsPage_BaeRoad.AccountsPageChangePasswordOptionValidOldBlankNewValidConfirmPssTest()'><b>AccountsPageChangePasswordOptionValidOldBlankNewValidConfirmPssTest</b><br>Test class: BAE_ROAD_TESTCASES.AccountsPage_BaeRoad</td>
<td></td>
<td>8</td>
<td>BAE_ROAD_TESTCASES.AccountsPage_BaeRoad@1e6454ec</td></tr>
<tr>
<td title='BAE_ROAD_TESTCASES.AccountsPage_BaeRoad.AccountsPageChangePasswordOptionValidOldInvalidNewValidConfirmPssTest()'><b>AccountsPageChangePasswordOptionValidOldInvalidNewValidConfirmPssTest</b><br>Test class: BAE_ROAD_TESTCASES.AccountsPage_BaeRoad</td>
<td></td>
<td>9</td>
<td>BAE_ROAD_TESTCASES.AccountsPage_BaeRoad@1e6454ec</td></tr>
<tr>
<td title='BAE_ROAD_TESTCASES.AccountsPage_BaeRoad.AccountsPageChangePasswordOptionValidOldValidNewBlankConfirmPssTest()'><b>AccountsPageChangePasswordOptionValidOldValidNewBlankConfirmPssTest</b><br>Test class: BAE_ROAD_TESTCASES.AccountsPage_BaeRoad</td>
<td></td>
<td>8</td>
<td>BAE_ROAD_TESTCASES.AccountsPage_BaeRoad@1e6454ec</td></tr>
<tr>
<td title='BAE_ROAD_TESTCASES.AccountsPage_BaeRoad.AccountsPageChangePasswordOptionValidTest()'><b>AccountsPageChangePasswordOptionValidTest</b><br>Test class: BAE_ROAD_TESTCASES.AccountsPage_BaeRoad</td>
<td></td>
<td>11</td>
<td>BAE_ROAD_TESTCASES.AccountsPage_BaeRoad@1e6454ec</td></tr>
<tr>
<td title='BAE_ROAD_TESTCASES.AccountsPage_BaeRoad.AccountsPageEarningOptionRecentEarningsValidation()'><b>AccountsPageEarningOptionRecentEarningsValidation</b><br>Test class: BAE_ROAD_TESTCASES.AccountsPage_BaeRoad</td>
<td></td>
<td>9</td>
<td>BAE_ROAD_TESTCASES.AccountsPage_BaeRoad@1e6454ec</td></tr>
<tr>
<td title='BAE_ROAD_TESTCASES.AccountsPage_BaeRoad.AccountsPageEarningPageChangeSubscriptionFreeOptionClick()'><b>AccountsPageEarningPageChangeSubscriptionFreeOptionClick</b><br>Test class: BAE_ROAD_TESTCASES.AccountsPage_BaeRoad</td>
<td></td>
<td>9</td>
<td>BAE_ROAD_TESTCASES.AccountsPage_BaeRoad@1e6454ec</td></tr>
<tr>
<td title='BAE_ROAD_TESTCASES.AccountsPage_BaeRoad.AccountsPageEarningPageChangeSubscriptionOptionClick()'><b>AccountsPageEarningPageChangeSubscriptionOptionClick</b><br>Test class: BAE_ROAD_TESTCASES.AccountsPage_BaeRoad</td>
<td></td>
<td>4</td>
<td>BAE_ROAD_TESTCASES.AccountsPage_BaeRoad@1e6454ec</td></tr>
<tr>
<td title='BAE_ROAD_TESTCASES.AccountsPage_BaeRoad.AccountsPageEarningPageChangeSubscriptionPaidOptionClick()'><b>AccountsPageEarningPageChangeSubscriptionPaidOptionClick</b><br>Test class: BAE_ROAD_TESTCASES.AccountsPage_BaeRoad</td>
<td></td>
<td>8</td>
<td>BAE_ROAD_TESTCASES.AccountsPage_BaeRoad@1e6454ec</td></tr>
<tr>
<td title='BAE_ROAD_TESTCASES.AccountsPage_BaeRoad.AccountsPageEarningPageSubscriptionPlanAmountTest()'><b>AccountsPageEarningPageSubscriptionPlanAmountTest</b><br>Test class: BAE_ROAD_TESTCASES.AccountsPage_BaeRoad</td>
<td></td>
<td>5</td>
<td>BAE_ROAD_TESTCASES.AccountsPage_BaeRoad@1e6454ec</td></tr>
<tr>
<td title='BAE_ROAD_TESTCASES.AccountsPage_BaeRoad.AccountsPageEarningPageSubscriptionPlanEditCancelTest()'><b>AccountsPageEarningPageSubscriptionPlanEditCancelTest</b><br>Test class: BAE_ROAD_TESTCASES.AccountsPage_BaeRoad</td>
<td></td>
<td>5</td>
<td>BAE_ROAD_TESTCASES.AccountsPage_BaeRoad@1e6454ec</td></tr>
<tr>
<td title='BAE_ROAD_TESTCASES.AccountsPage_BaeRoad.AccountsPageEarningPageSubscriptionPlanEditOptionTest()'><b>AccountsPageEarningPageSubscriptionPlanEditOptionTest</b><br>Test class: BAE_ROAD_TESTCASES.AccountsPage_BaeRoad</td>
<td></td>
<td>10</td>
<td>BAE_ROAD_TESTCASES.AccountsPage_BaeRoad@1e6454ec</td></tr>
<tr>
<td title='BAE_ROAD_TESTCASES.AccountsPage_BaeRoad.AccountsPageEarningPageSubscriptionPlanEditoptionUpdateButtonTest()'><b>AccountsPageEarningPageSubscriptionPlanEditoptionUpdateButtonTest</b><br>Test class: BAE_ROAD_TESTCASES.AccountsPage_BaeRoad</td>
<td></td>
<td>7</td>
<td>BAE_ROAD_TESTCASES.AccountsPage_BaeRoad@1e6454ec</td></tr>
<tr>
<td title='BAE_ROAD_TESTCASES.AccountsPage_BaeRoad.AccountsPageEarningPageSubscriptionPlanMonthValidationTest()'><b>AccountsPageEarningPageSubscriptionPlanMonthValidationTest</b><br>Test class: BAE_ROAD_TESTCASES.AccountsPage_BaeRoad</td>
<td></td>
<td>4</td>
<td>BAE_ROAD_TESTCASES.AccountsPage_BaeRoad@1e6454ec</td></tr>
<tr>
<td title='BAE_ROAD_TESTCASES.AccountsPage_BaeRoad.AccountsPageEarningPageearnSummaryCommssionOptionTest()'><b>AccountsPageEarningPageearnSummaryCommssionOptionTest</b><br>Test class: BAE_ROAD_TESTCASES.AccountsPage_BaeRoad</td>
<td></td>
<td>4</td>
<td>BAE_ROAD_TESTCASES.AccountsPage_BaeRoad@1e6454ec</td></tr>
<tr>
<td title='BAE_ROAD_TESTCASES.AccountsPage_BaeRoad.AccountsPageEarningPageearnSummaryWithdrawnOptionTest()'><b>AccountsPageEarningPageearnSummaryWithdrawnOptionTest</b><br>Test class: BAE_ROAD_TESTCASES.AccountsPage_BaeRoad</td>
<td></td>
<td>4</td>
<td>BAE_ROAD_TESTCASES.AccountsPage_BaeRoad@1e6454ec</td></tr>
<tr>
<td title='BAE_ROAD_TESTCASES.AccountsPage_BaeRoad.AccountsPageLogOutOptionTest()'><b>AccountsPageLogOutOptionTest</b><br>Test class: BAE_ROAD_TESTCASES.AccountsPage_BaeRoad</td>
<td></td>
<td>6</td>
<td>BAE_ROAD_TESTCASES.AccountsPage_BaeRoad@1e6454ec</td></tr>
<tr>
<td title='BAE_ROAD_TESTCASES.AccountsPage_BaeRoad.AccountsPageMessgeOptionFreeWritePost()'><b>AccountsPageMessgeOptionFreeWritePost</b><br>Test class: BAE_ROAD_TESTCASES.AccountsPage_BaeRoad</td>
<td></td>
<td>7</td>
<td>BAE_ROAD_TESTCASES.AccountsPage_BaeRoad@1e6454ec</td></tr>
<tr>
<td title='BAE_ROAD_TESTCASES.AccountsPage_BaeRoad.AccountsPageMessgeOptionPostDeletion()'><b>AccountsPageMessgeOptionPostDeletion</b><br>Test class: BAE_ROAD_TESTCASES.AccountsPage_BaeRoad</td>
<td></td>
<td>12</td>
<td>BAE_ROAD_TESTCASES.AccountsPage_BaeRoad@1e6454ec</td></tr>
<tr>
<td title='BAE_ROAD_TESTCASES.AccountsPage_BaeRoad.AccountsPageMessgeOptionPostDeletionCancel()'><b>AccountsPageMessgeOptionPostDeletionCancel</b><br>Test class: BAE_ROAD_TESTCASES.AccountsPage_BaeRoad</td>
<td></td>
<td>12</td>
<td>BAE_ROAD_TESTCASES.AccountsPage_BaeRoad@1e6454ec</td></tr>
<tr>
<td title='BAE_ROAD_TESTCASES.AccountsPage_BaeRoad.AccountsPageMessgeOptionSetMessage()'><b>AccountsPageMessgeOptionSetMessage</b><br>Test class: BAE_ROAD_TESTCASES.AccountsPage_BaeRoad</td>
<td></td>
<td>13</td>
<td>BAE_ROAD_TESTCASES.AccountsPage_BaeRoad@1e6454ec</td></tr>
<tr>
<td title='BAE_ROAD_TESTCASES.AccountsPage_BaeRoad.AccountsPageMessgeOptionTipmandatoryCheckBoxTest()'><b>AccountsPageMessgeOptionTipmandatoryCheckBoxTest</b><br>Test class: BAE_ROAD_TESTCASES.AccountsPage_BaeRoad</td>
<td></td>
<td>6</td>
<td>BAE_ROAD_TESTCASES.AccountsPage_BaeRoad@1e6454ec</td></tr>
<tr>
<td title='BAE_ROAD_TESTCASES.AccountsPage_BaeRoad.AccountsPageMessgeOptionpaidUploadPost()'><b>AccountsPageMessgeOptionpaidUploadPost</b><br>Test class: BAE_ROAD_TESTCASES.AccountsPage_BaeRoad</td>
<td></td>
<td>52</td>
<td>BAE_ROAD_TESTCASES.AccountsPage_BaeRoad@1e6454ec</td></tr>
<tr>
<td title='BAE_ROAD_TESTCASES.AccountsPage_BaeRoad.AccountsPageMessgeOptionpaidWritePost()'><b>AccountsPageMessgeOptionpaidWritePost</b><br>Test class: BAE_ROAD_TESTCASES.AccountsPage_BaeRoad</td>
<td></td>
<td>14</td>
<td>BAE_ROAD_TESTCASES.AccountsPage_BaeRoad@1e6454ec</td></tr>
<tr>
<td title='BAE_ROAD_TESTCASES.AccountsPage_BaeRoad.AccountsPagePaymentOptionRecentSpendingsValidation()'><b>AccountsPagePaymentOptionRecentSpendingsValidation</b><br>Test class: BAE_ROAD_TESTCASES.AccountsPage_BaeRoad</td>
<td></td>
<td>6</td>
<td>BAE_ROAD_TESTCASES.AccountsPage_BaeRoad@1e6454ec</td></tr>
<tr>
<td title='BAE_ROAD_TESTCASES.AccountsPage_BaeRoad.AccountsPageProfileOptionBlankFieldsProfileTest()'><b>AccountsPageProfileOptionBlankFieldsProfileTest</b><br>Test class: BAE_ROAD_TESTCASES.AccountsPage_BaeRoad</td>
<td></td>
<td>8</td>
<td>BAE_ROAD_TESTCASES.AccountsPage_BaeRoad@1e6454ec</td></tr>
<tr>
<td title='BAE_ROAD_TESTCASES.AccountsPage_BaeRoad.AccountsPageProfileOptionPrivacyPrivateOptionTest()'><b>AccountsPageProfileOptionPrivacyPrivateOptionTest</b><br>Test class: BAE_ROAD_TESTCASES.AccountsPage_BaeRoad</td>
<td></td>
<td>10</td>
<td>BAE_ROAD_TESTCASES.AccountsPage_BaeRoad@1e6454ec</td></tr>
<tr>
<td title='BAE_ROAD_TESTCASES.AccountsPage_BaeRoad.AccountsPageProfileOptionPrivacyPublicOptionTest()'><b>AccountsPageProfileOptionPrivacyPublicOptionTest</b><br>Test class: BAE_ROAD_TESTCASES.AccountsPage_BaeRoad</td>
<td></td>
<td>16</td>
<td>BAE_ROAD_TESTCASES.AccountsPage_BaeRoad@1e6454ec</td></tr>
<tr>
<td title='BAE_ROAD_TESTCASES.AccountsPage_BaeRoad.AccountsPageProfileOptionSaveButtonTest()'><b>AccountsPageProfileOptionSaveButtonTest</b><br>Test class: BAE_ROAD_TESTCASES.AccountsPage_BaeRoad</td>
<td></td>
<td>8</td>
<td>BAE_ROAD_TESTCASES.AccountsPage_BaeRoad@1e6454ec</td></tr>
<tr>
<td title='BAE_ROAD_TESTCASES.AccountsPage_BaeRoad.AccountsPageProfileOptionTest()'><b>AccountsPageProfileOptionTest</b><br>Test class: BAE_ROAD_TESTCASES.AccountsPage_BaeRoad</td>
<td></td>
<td>5</td>
<td>BAE_ROAD_TESTCASES.AccountsPage_BaeRoad@1e6454ec</td></tr>
<tr>
<td title='BAE_ROAD_TESTCASES.AccountsPage_BaeRoad.AccountsPageProfileOptionValidProfileTest()'><b>AccountsPageProfileOptionValidProfileTest</b><br>Test class: BAE_ROAD_TESTCASES.AccountsPage_BaeRoad</td>
<td></td>
<td>8</td>
<td>BAE_ROAD_TESTCASES.AccountsPage_BaeRoad@1e6454ec</td></tr>
<tr>
<td title='BAE_ROAD_TESTCASES.AccountsPage_BaeRoad.AccountsPageSettingsOptionTest()'><b>AccountsPageSettingsOptionTest</b><br>Test class: BAE_ROAD_TESTCASES.AccountsPage_BaeRoad</td>
<td></td>
<td>4</td>
<td>BAE_ROAD_TESTCASES.AccountsPage_BaeRoad@1e6454ec</td></tr>
<tr>
<td title='BAE_ROAD_TESTCASES.AccountsPage_BaeRoad.AccountsPageSupportOptionInvalidBlankMessageBoxSupportTest()'><b>AccountsPageSupportOptionInvalidBlankMessageBoxSupportTest</b><br>Test class: BAE_ROAD_TESTCASES.AccountsPage_BaeRoad</td>
<td></td>
<td>5</td>
<td>BAE_ROAD_TESTCASES.AccountsPage_BaeRoad@1e6454ec</td></tr>
<tr>
<td title='BAE_ROAD_TESTCASES.AccountsPage_BaeRoad.AccountsPageSupportOptionInvalidBlankSubjectBoxSupportTest()'><b>AccountsPageSupportOptionInvalidBlankSubjectBoxSupportTest</b><br>Test class: BAE_ROAD_TESTCASES.AccountsPage_BaeRoad</td>
<td></td>
<td>5</td>
<td>BAE_ROAD_TESTCASES.AccountsPage_BaeRoad@1e6454ec</td></tr>
<tr>
<td title='BAE_ROAD_TESTCASES.AccountsPage_BaeRoad.AccountsPageSupportOptionInvalidBlankSupportTest()'><b>AccountsPageSupportOptionInvalidBlankSupportTest</b><br>Test class: BAE_ROAD_TESTCASES.AccountsPage_BaeRoad</td>
<td></td>
<td>5</td>
<td>BAE_ROAD_TESTCASES.AccountsPage_BaeRoad@1e6454ec</td></tr>
<tr>
<td title='BAE_ROAD_TESTCASES.AccountsPage_BaeRoad.AccountsPageSupportOptionSendButtonTest()'><b>AccountsPageSupportOptionSendButtonTest</b><br>Test class: BAE_ROAD_TESTCASES.AccountsPage_BaeRoad</td>
<td></td>
<td>4</td>
<td>BAE_ROAD_TESTCASES.AccountsPage_BaeRoad@1e6454ec</td></tr>
<tr>
<td title='BAE_ROAD_TESTCASES.AccountsPage_BaeRoad.AccountsPageSupportOptionValidSupportTest()'><b>AccountsPageSupportOptionValidSupportTest</b><br>Test class: BAE_ROAD_TESTCASES.AccountsPage_BaeRoad</td>
<td></td>
<td>8</td>
<td>BAE_ROAD_TESTCASES.AccountsPage_BaeRoad@1e6454ec</td></tr>
<tr>
<td title='BAE_ROAD_TESTCASES.AccountsPage_BaeRoad.AccountsPagepaymentOptionAddInvalidCardTest()'><b>AccountsPagepaymentOptionAddInvalidCardTest</b><br>Test class: BAE_ROAD_TESTCASES.AccountsPage_BaeRoad</td>
<td></td>
<td>28</td>
<td>BAE_ROAD_TESTCASES.AccountsPage_BaeRoad@1e6454ec</td></tr>
<tr>
<td title='BAE_ROAD_TESTCASES.AccountsPage_BaeRoad.AccountsPagepaymentOptionAddedCardDeletionTest()'><b>AccountsPagepaymentOptionAddedCardDeletionTest</b><br>Test class: BAE_ROAD_TESTCASES.AccountsPage_BaeRoad</td>
<td></td>
<td>9</td>
<td>BAE_ROAD_TESTCASES.AccountsPage_BaeRoad@1e6454ec</td></tr>
<tr>
<td title='BAE_ROAD_TESTCASES.LoginPage_BaeRoad.BlankUserNameBlankPss()'><b>BlankUserNameBlankPss</b><br>Test class: BAE_ROAD_TESTCASES.LoginPage_BaeRoad</td>
<td></td>
<td>2</td>
<td>BAE_ROAD_TESTCASES.LoginPage_BaeRoad@6a03bcb1</td></tr>
<tr>
<td title='BAE_ROAD_TESTCASES.LoginPage_BaeRoad.BlankUserNameInValidPss()'><b>BlankUserNameInValidPss</b><br>Test class: BAE_ROAD_TESTCASES.LoginPage_BaeRoad</td>
<td></td>
<td>2</td>
<td>BAE_ROAD_TESTCASES.LoginPage_BaeRoad@6a03bcb1</td></tr>
<tr>
<td title='BAE_ROAD_TESTCASES.LoginPage_BaeRoad.BlankUserNameValidpss()'><b>BlankUserNameValidpss</b><br>Test class: BAE_ROAD_TESTCASES.LoginPage_BaeRoad</td>
<td></td>
<td>2</td>
<td>BAE_ROAD_TESTCASES.LoginPage_BaeRoad@6a03bcb1</td></tr>
<tr>
<td title='BAE_ROAD_TESTCASES.HomePage_BaeRoad.CreateNewPostWrite()'><b>CreateNewPostWrite</b><br>Test class: BAE_ROAD_TESTCASES.HomePage_BaeRoad</td>
<td></td>
<td>6</td>
<td>BAE_ROAD_TESTCASES.HomePage_BaeRoad@78ffe6dc</td></tr>
<tr>
<td title='BAE_ROAD_TESTCASES.HomePage_BaeRoad.CreateNewPostWriteTextValidation()'><b>CreateNewPostWriteTextValidation</b><br>Test class: BAE_ROAD_TESTCASES.HomePage_BaeRoad</td>
<td></td>
<td>8</td>
<td>BAE_ROAD_TESTCASES.HomePage_BaeRoad@78ffe6dc</td></tr>
<tr>
<td title='BAE_ROAD_TESTCASES.HomePage_BaeRoad.CreateNewPostmultiuploadsTest()'><b>CreateNewPostmultiuploadsTest</b><br>Test class: BAE_ROAD_TESTCASES.HomePage_BaeRoad</td>
<td></td>
<td>152</td>
<td>BAE_ROAD_TESTCASES.HomePage_BaeRoad@78ffe6dc</td></tr>
<tr>
<td title='BAE_ROAD_TESTCASES.HomePage_BaeRoad.CreatePaidpostWrite()'><b>CreatePaidpostWrite</b><br>Test class: BAE_ROAD_TESTCASES.HomePage_BaeRoad</td>
<td></td>
<td>17</td>
<td>BAE_ROAD_TESTCASES.HomePage_BaeRoad@78ffe6dc</td></tr>
<tr>
<td title='BAE_ROAD_TESTCASES.HomePage_BaeRoad.EmptyCreateNewPostWrite()'><b>EmptyCreateNewPostWrite</b><br>Test class: BAE_ROAD_TESTCASES.HomePage_BaeRoad</td>
<td></td>
<td>6</td>
<td>BAE_ROAD_TESTCASES.HomePage_BaeRoad@78ffe6dc</td></tr>
<tr>
<td title='BAE_ROAD_TESTCASES.HomePage_BaeRoad.HomePageCreatedPostEditTest()'><b>HomePageCreatedPostEditTest</b><br>Test class: BAE_ROAD_TESTCASES.HomePage_BaeRoad</td>
<td></td>
<td>14</td>
<td>BAE_ROAD_TESTCASES.HomePage_BaeRoad@78ffe6dc</td></tr>
<tr>
<td title='BAE_ROAD_TESTCASES.HomePage_BaeRoad.HomePageFollowingOrFollowerNavigateBarCancelTest()'><b>HomePageFollowingOrFollowerNavigateBarCancelTest</b><br>Test class: BAE_ROAD_TESTCASES.HomePage_BaeRoad</td>
<td></td>
<td>5</td>
<td>BAE_ROAD_TESTCASES.HomePage_BaeRoad@78ffe6dc</td></tr>
<tr>
<td title='BAE_ROAD_TESTCASES.HomePage_BaeRoad.HomePageMessageOptionClickTesting()'><b>HomePageMessageOptionClickTesting</b><br>Test class: BAE_ROAD_TESTCASES.HomePage_BaeRoad</td>
<td></td>
<td>4</td>
<td>BAE_ROAD_TESTCASES.HomePage_BaeRoad@78ffe6dc</td></tr>
<tr>
<td title='BAE_ROAD_TESTCASES.HomePage_BaeRoad.HomePageNewPostLikeTest()'><b>HomePageNewPostLikeTest</b><br>Test class: BAE_ROAD_TESTCASES.HomePage_BaeRoad</td>
<td></td>
<td>9</td>
<td>BAE_ROAD_TESTCASES.HomePage_BaeRoad@78ffe6dc</td></tr>
<tr>
<td title='BAE_ROAD_TESTCASES.HomePage_BaeRoad.HomePageNewPostMessageTest()'><b>HomePageNewPostMessageTest</b><br>Test class: BAE_ROAD_TESTCASES.HomePage_BaeRoad</td>
<td></td>
<td>11</td>
<td>BAE_ROAD_TESTCASES.HomePage_BaeRoad@78ffe6dc</td></tr>
<tr>
<td title='BAE_ROAD_TESTCASES.HomePage_BaeRoad.HomePageNotifictionsOptionClickTesting()'><b>HomePageNotifictionsOptionClickTesting</b><br>Test class: BAE_ROAD_TESTCASES.HomePage_BaeRoad</td>
<td></td>
<td>3</td>
<td>BAE_ROAD_TESTCASES.HomePage_BaeRoad@78ffe6dc</td></tr>
<tr>
<td title='BAE_ROAD_TESTCASES.HomePage_BaeRoad.HomePageProfileOptionClickTesting()'><b>HomePageProfileOptionClickTesting</b><br>Test class: BAE_ROAD_TESTCASES.HomePage_BaeRoad</td>
<td></td>
<td>5</td>
<td>BAE_ROAD_TESTCASES.HomePage_BaeRoad@78ffe6dc</td></tr>
<tr>
<td title='BAE_ROAD_TESTCASES.HomePage_BaeRoad.HomePagePurchaseOptionClickTesting()'><b>HomePagePurchaseOptionClickTesting</b><br>Test class: BAE_ROAD_TESTCASES.HomePage_BaeRoad</td>
<td></td>
<td>4</td>
<td>BAE_ROAD_TESTCASES.HomePage_BaeRoad@78ffe6dc</td></tr>
<tr>
<td title='BAE_ROAD_TESTCASES.HomePage_BaeRoad.HomePageSettingsOptionOptionClickTesting()'><b>HomePageSettingsOptionOptionClickTesting</b><br>Test class: BAE_ROAD_TESTCASES.HomePage_BaeRoad</td>
<td></td>
<td>5</td>
<td>BAE_ROAD_TESTCASES.HomePage_BaeRoad@78ffe6dc</td></tr>
<tr>
<td title='BAE_ROAD_TESTCASES.HomePage_BaeRoad.InvalidHomePageFollowersUI()'><b>InvalidHomePageFollowersUI</b><br>Test class: BAE_ROAD_TESTCASES.HomePage_BaeRoad</td>
<td></td>
<td>7</td>
<td>BAE_ROAD_TESTCASES.HomePage_BaeRoad@78ffe6dc</td></tr>
<tr>
<td title='BAE_ROAD_TESTCASES.HomePage_BaeRoad.InvalidHomePageFollowingUI()'><b>InvalidHomePageFollowingUI</b><br>Test class: BAE_ROAD_TESTCASES.HomePage_BaeRoad</td>
<td></td>
<td>11</td>
<td>BAE_ROAD_TESTCASES.HomePage_BaeRoad@78ffe6dc</td></tr>
<tr>
<td title='BAE_ROAD_TESTCASES.HomePage_BaeRoad.InvalidHomePageSearchBoxFunctionalityTesting()'><b>InvalidHomePageSearchBoxFunctionalityTesting</b><br>Test class: BAE_ROAD_TESTCASES.HomePage_BaeRoad</td>
<td></td>
<td>7</td>
<td>BAE_ROAD_TESTCASES.HomePage_BaeRoad@78ffe6dc</td></tr>
<tr>
<td title='BAE_ROAD_TESTCASES.LoginPage_BaeRoad.InvalidUserNameAndPss()'><b>InvalidUserNameAndPss</b><br>Test class: BAE_ROAD_TESTCASES.LoginPage_BaeRoad</td>
<td></td>
<td>2</td>
<td>BAE_ROAD_TESTCASES.LoginPage_BaeRoad@6a03bcb1</td></tr>
<tr>
<td title='BAE_ROAD_TESTCASES.LoginPage_BaeRoad.InvalidUserNameBlankPss()'><b>InvalidUserNameBlankPss</b><br>Test class: BAE_ROAD_TESTCASES.LoginPage_BaeRoad</td>
<td></td>
<td>2</td>
<td>BAE_ROAD_TESTCASES.LoginPage_BaeRoad@6a03bcb1</td></tr>
<tr>
<td title='BAE_ROAD_TESTCASES.LoginPage_BaeRoad.InvalidUserNameValidPss()'><b>InvalidUserNameValidPss</b><br>Test class: BAE_ROAD_TESTCASES.LoginPage_BaeRoad</td>
<td></td>
<td>3</td>
<td>BAE_ROAD_TESTCASES.LoginPage_BaeRoad@6a03bcb1</td></tr>
<tr>
<td title='BAE_ROAD_TESTCASES.MessagePage_BaeRoad.MessageOptionBroadcastsFunctionalityTest()'><b>MessageOptionBroadcastsFunctionalityTest</b><br>Test class: BAE_ROAD_TESTCASES.MessagePage_BaeRoad</td>
<td></td>
<td>15</td>
<td>BAE_ROAD_TESTCASES.MessagePage_BaeRoad@770d3326</td></tr>
<tr>
<td title='BAE_ROAD_TESTCASES.MessagePage_BaeRoad.MessageOptionInfluencerFollowerTipOptionFunctionalityTest()'><b>MessageOptionInfluencerFollowerTipOptionFunctionalityTest</b><br>Test class: BAE_ROAD_TESTCASES.MessagePage_BaeRoad</td>
<td></td>
<td>11</td>
<td>BAE_ROAD_TESTCASES.MessagePage_BaeRoad@770d3326</td></tr>
<tr>
<td title='BAE_ROAD_TESTCASES.MessagePage_BaeRoad.MessageOptionInvalidSearchBoxFunctionalityTest()'><b>MessageOptionInvalidSearchBoxFunctionalityTest</b><br>Test class: BAE_ROAD_TESTCASES.MessagePage_BaeRoad</td>
<td></td>
<td>6</td>
<td>BAE_ROAD_TESTCASES.MessagePage_BaeRoad@770d3326</td></tr>
<tr>
<td title='BAE_ROAD_TESTCASES.MessagePage_BaeRoad.MessageOptionMessageConversationCancelFunctionalityTest()'><b>MessageOptionMessageConversationCancelFunctionalityTest</b><br>Test class: BAE_ROAD_TESTCASES.MessagePage_BaeRoad</td>
<td></td>
<td>8</td>
<td>BAE_ROAD_TESTCASES.MessagePage_BaeRoad@770d3326</td></tr>
<tr>
<td title='BAE_ROAD_TESTCASES.MessagePage_BaeRoad.MessageOptionMessageConversationDeleteFunctionalityTest()'><b>MessageOptionMessageConversationDeleteFunctionalityTest</b><br>Test class: BAE_ROAD_TESTCASES.MessagePage_BaeRoad</td>
<td></td>
<td>11</td>
<td>BAE_ROAD_TESTCASES.MessagePage_BaeRoad@770d3326</td></tr>
<tr>
<td title='BAE_ROAD_TESTCASES.MessagePage_BaeRoad.MessageOptionMessageDeleteCancelPostFunctionalityTest()'><b>MessageOptionMessageDeleteCancelPostFunctionalityTest</b><br>Test class: BAE_ROAD_TESTCASES.MessagePage_BaeRoad</td>
<td></td>
<td>8</td>
<td>BAE_ROAD_TESTCASES.MessagePage_BaeRoad@770d3326</td></tr>
<tr>
<td title='BAE_ROAD_TESTCASES.MessagePage_BaeRoad.MessageOptionMessageDeleteForEveryOnePostFunctionalityTest()'><b>MessageOptionMessageDeleteForEveryOnePostFunctionalityTest</b><br>Test class: BAE_ROAD_TESTCASES.MessagePage_BaeRoad</td>
<td></td>
<td>13</td>
<td>BAE_ROAD_TESTCASES.MessagePage_BaeRoad@770d3326</td></tr>
<tr>
<td title='BAE_ROAD_TESTCASES.MessagePage_BaeRoad.MessageOptionMessageDeleteForMePostFunctionalityTest()'><b>MessageOptionMessageDeleteForMePostFunctionalityTest</b><br>Test class: BAE_ROAD_TESTCASES.MessagePage_BaeRoad</td>
<td></td>
<td>13</td>
<td>BAE_ROAD_TESTCASES.MessagePage_BaeRoad@770d3326</td></tr>
<tr>
<td title='BAE_ROAD_TESTCASES.MessagePage_BaeRoad.MessageOptionMessageEmptyPhotoOrVideoUploadPostFunctionalityTest()'><b>MessageOptionMessageEmptyPhotoOrVideoUploadPostFunctionalityTest</b><br>Test class: BAE_ROAD_TESTCASES.MessagePage_BaeRoad</td>
<td></td>
<td>12</td>
<td>BAE_ROAD_TESTCASES.MessagePage_BaeRoad@770d3326</td></tr>
<tr>
<td title='BAE_ROAD_TESTCASES.MessagePage_BaeRoad.MessageOptionMessageFreePhotoOrVideoUploadPostFunctionalityTest()'><b>MessageOptionMessageFreePhotoOrVideoUploadPostFunctionalityTest</b><br>Test class: BAE_ROAD_TESTCASES.MessagePage_BaeRoad</td>
<td></td>
<td>49</td>
<td>BAE_ROAD_TESTCASES.MessagePage_BaeRoad@770d3326</td></tr>
<tr>
<td title='BAE_ROAD_TESTCASES.MessagePage_BaeRoad.MessageOptionMessageFreeWritePostFunctionalityTest()'><b>MessageOptionMessageFreeWritePostFunctionalityTest</b><br>Test class: BAE_ROAD_TESTCASES.MessagePage_BaeRoad</td>
<td></td>
<td>11</td>
<td>BAE_ROAD_TESTCASES.MessagePage_BaeRoad@770d3326</td></tr>
<tr>
<td title='BAE_ROAD_TESTCASES.MessagePage_BaeRoad.MessageOptionMessagePaidPhotoOrVideoUploadPostFunctionalityTest()'><b>MessageOptionMessagePaidPhotoOrVideoUploadPostFunctionalityTest</b><br>Test class: BAE_ROAD_TESTCASES.MessagePage_BaeRoad</td>
<td></td>
<td>51</td>
<td>BAE_ROAD_TESTCASES.MessagePage_BaeRoad@770d3326</td></tr>
<tr>
<td title='BAE_ROAD_TESTCASES.MessagePage_BaeRoad.MessageOptionMessagePaidWritePostFunctionalityTest()'><b>MessageOptionMessagePaidWritePostFunctionalityTest</b><br>Test class: BAE_ROAD_TESTCASES.MessagePage_BaeRoad</td>
<td></td>
<td>12</td>
<td>BAE_ROAD_TESTCASES.MessagePage_BaeRoad@770d3326</td></tr>
<tr>
<td title='BAE_ROAD_TESTCASES.MessagePage_BaeRoad.MessageOptionMessageSendingFunctionalityTest()'><b>MessageOptionMessageSendingFunctionalityTest</b><br>Test class: BAE_ROAD_TESTCASES.MessagePage_BaeRoad</td>
<td></td>
<td>10</td>
<td>BAE_ROAD_TESTCASES.MessagePage_BaeRoad@770d3326</td></tr>
<tr>
<td title='BAE_ROAD_TESTCASES.MessagePage_BaeRoad.MessageOptionSearchBoxFunctionalityTest()'><b>MessageOptionSearchBoxFunctionalityTest</b><br>Test class: BAE_ROAD_TESTCASES.MessagePage_BaeRoad</td>
<td></td>
<td>7</td>
<td>BAE_ROAD_TESTCASES.MessagePage_BaeRoad@770d3326</td></tr>
<tr>
<td title='BAE_ROAD_TESTCASES.ProfilePage_BaeRoad.ProfilePageAboutShowdetailsValidation()'><b>ProfilePageAboutShowdetailsValidation</b><br>Test class: BAE_ROAD_TESTCASES.ProfilePage_BaeRoad</td>
<td></td>
<td>6</td>
<td>BAE_ROAD_TESTCASES.ProfilePage_BaeRoad@e1de817</td></tr>
<tr>
<td title='BAE_ROAD_TESTCASES.ProfilePage_BaeRoad.ProfilePageDisplyedPostDeletion()'><b>ProfilePageDisplyedPostDeletion</b><br>Test class: BAE_ROAD_TESTCASES.ProfilePage_BaeRoad</td>
<td></td>
<td>10</td>
<td>BAE_ROAD_TESTCASES.ProfilePage_BaeRoad@e1de817</td></tr>
<tr>
<td title='BAE_ROAD_TESTCASES.ProfilePage_BaeRoad.ProfilePageFollowersCountValidation()'><b>ProfilePageFollowersCountValidation</b><br>Test class: BAE_ROAD_TESTCASES.ProfilePage_BaeRoad</td>
<td></td>
<td>4</td>
<td>BAE_ROAD_TESTCASES.ProfilePage_BaeRoad@e1de817</td></tr>
<tr>
<td title='BAE_ROAD_TESTCASES.ProfilePage_BaeRoad.ProfilePageFollowingCountValidation()'><b>ProfilePageFollowingCountValidation</b><br>Test class: BAE_ROAD_TESTCASES.ProfilePage_BaeRoad</td>
<td></td>
<td>4</td>
<td>BAE_ROAD_TESTCASES.ProfilePage_BaeRoad@e1de817</td></tr>
<tr>
<td title='BAE_ROAD_TESTCASES.ProfilePage_BaeRoad.ProfilePageMyFavoriteAddMultipleBae()'><b>ProfilePageMyFavoriteAddMultipleBae</b><br>Test class: BAE_ROAD_TESTCASES.ProfilePage_BaeRoad</td>
<td></td>
<td>33</td>
<td>BAE_ROAD_TESTCASES.ProfilePage_BaeRoad@e1de817</td></tr>
<tr>
<td title='BAE_ROAD_TESTCASES.ProfilePage_BaeRoad.ProfilePageMyFavoriteAddTest()'><b>ProfilePageMyFavoriteAddTest</b><br>Test class: BAE_ROAD_TESTCASES.ProfilePage_BaeRoad</td>
<td></td>
<td>12</td>
<td>BAE_ROAD_TESTCASES.ProfilePage_BaeRoad@e1de817</td></tr>
<tr>
<td title='BAE_ROAD_TESTCASES.ProfilePage_BaeRoad.ProfilePageMyFavoriteRemoveMultipleBae()'><b>ProfilePageMyFavoriteRemoveMultipleBae</b><br>Test class: BAE_ROAD_TESTCASES.ProfilePage_BaeRoad</td>
<td></td>
<td>17</td>
<td>BAE_ROAD_TESTCASES.ProfilePage_BaeRoad@e1de817</td></tr>
<tr>
<td title='BAE_ROAD_TESTCASES.ProfilePage_BaeRoad.ProfilePageMyFavoriteRemoveTest()'><b>ProfilePageMyFavoriteRemoveTest</b><br>Test class: BAE_ROAD_TESTCASES.ProfilePage_BaeRoad</td>
<td></td>
<td>7</td>
<td>BAE_ROAD_TESTCASES.ProfilePage_BaeRoad@e1de817</td></tr>
<tr>
<td title='BAE_ROAD_TESTCASES.ProfilePage_BaeRoad.ProfilePagePostEnabledOrNot()'><b>ProfilePagePostEnabledOrNot</b><br>Test class: BAE_ROAD_TESTCASES.ProfilePage_BaeRoad</td>
<td></td>
<td>9</td>
<td>BAE_ROAD_TESTCASES.ProfilePage_BaeRoad@e1de817</td></tr>
<tr>
<td title='BAE_ROAD_TESTCASES.ProfilePage_BaeRoad.ProfilePageToFollowersProfilePageNavigation()'><b>ProfilePageToFollowersProfilePageNavigation</b><br>Test class: BAE_ROAD_TESTCASES.ProfilePage_BaeRoad</td>
<td></td>
<td>11</td>
<td>BAE_ROAD_TESTCASES.ProfilePage_BaeRoad@e1de817</td></tr>
<tr>
<td title='BAE_ROAD_TESTCASES.ProfilePage_BaeRoad.ProfilePageToFollowingProfilePageNavigation()'><b>ProfilePageToFollowingProfilePageNavigation</b><br>Test class: BAE_ROAD_TESTCASES.ProfilePage_BaeRoad</td>
<td></td>
<td>11</td>
<td>BAE_ROAD_TESTCASES.ProfilePage_BaeRoad@e1de817</td></tr>
<tr>
<td title='BAE_ROAD_TESTCASES.PurchasePage_BaeRoad.PurcahsePagePostProfileMoneyValidation()'><b>PurcahsePagePostProfileMoneyValidation</b><br>Test class: BAE_ROAD_TESTCASES.PurchasePage_BaeRoad</td>
<td></td>
<td>6</td>
<td>BAE_ROAD_TESTCASES.PurchasePage_BaeRoad@a2431d0</td></tr>
<tr>
<td title='BAE_ROAD_TESTCASES.PurchasePage_BaeRoad.PurcahsePagePostProfileNameTest()'><b>PurcahsePagePostProfileNameTest</b><br>Test class: BAE_ROAD_TESTCASES.PurchasePage_BaeRoad</td>
<td></td>
<td>5</td>
<td>BAE_ROAD_TESTCASES.PurchasePage_BaeRoad@a2431d0</td></tr>
<tr>
<td title='BAE_ROAD_TESTCASES.PurchasePage_BaeRoad.PurcahsePagePostProfilePostTextValidation()'><b>PurcahsePagePostProfilePostTextValidation</b><br>Test class: BAE_ROAD_TESTCASES.PurchasePage_BaeRoad</td>
<td></td>
<td>5</td>
<td>BAE_ROAD_TESTCASES.PurchasePage_BaeRoad@a2431d0</td></tr>
<tr>
<td title='BAE_ROAD_TESTCASES.LoginPage_BaeRoad.SuccefulLogin()'><b>SuccefulLogin</b><br>Test class: BAE_ROAD_TESTCASES.LoginPage_BaeRoad</td>
<td></td>
<td>3</td>
<td>BAE_ROAD_TESTCASES.LoginPage_BaeRoad@6a03bcb1</td></tr>
<tr>
<td title='BAE_ROAD_TESTCASES.HomePage_BaeRoad.SuccefulLogin()'><b>SuccefulLogin</b><br>Test class: BAE_ROAD_TESTCASES.HomePage_BaeRoad</td>
<td></td>
<td>0</td>
<td>BAE_ROAD_TESTCASES.HomePage_BaeRoad@78ffe6dc</td></tr>
<tr>
<td title='BAE_ROAD_TESTCASES.ProfilePage_BaeRoad.SuccefulLogin()'><b>SuccefulLogin</b><br>Test class: BAE_ROAD_TESTCASES.ProfilePage_BaeRoad</td>
<td></td>
<td>0</td>
<td>BAE_ROAD_TESTCASES.ProfilePage_BaeRoad@e1de817</td></tr>
<tr>
<td title='BAE_ROAD_TESTCASES.MessagePage_BaeRoad.SuccefulLogin()'><b>SuccefulLogin</b><br>Test class: BAE_ROAD_TESTCASES.MessagePage_BaeRoad</td>
<td></td>
<td>0</td>
<td>BAE_ROAD_TESTCASES.MessagePage_BaeRoad@770d3326</td></tr>
<tr>
<td title='BAE_ROAD_TESTCASES.AccountsPage_BaeRoad.SuccefulLogin()'><b>SuccefulLogin</b><br>Test class: BAE_ROAD_TESTCASES.AccountsPage_BaeRoad</td>
<td></td>
<td>0</td>
<td>BAE_ROAD_TESTCASES.AccountsPage_BaeRoad@1e6454ec</td></tr>
<tr>
<td title='BAE_ROAD_TESTCASES.PurchasePage_BaeRoad.SuccefulLogin()'><b>SuccefulLogin</b><br>Test class: BAE_ROAD_TESTCASES.PurchasePage_BaeRoad</td>
<td></td>
<td>0</td>
<td>BAE_ROAD_TESTCASES.PurchasePage_BaeRoad@a2431d0</td></tr>
<tr>
<td title='BAE_ROAD_TESTCASES.ProfilePage_BaeRoad.UploadingCoverPicture()'><b>UploadingCoverPicture</b><br>Test class: BAE_ROAD_TESTCASES.ProfilePage_BaeRoad</td>
<td></td>
<td>40</td>
<td>BAE_ROAD_TESTCASES.ProfilePage_BaeRoad@e1de817</td></tr>
<tr>
<td title='BAE_ROAD_TESTCASES.ProfilePage_BaeRoad.UploadingProfilePicture()'><b>UploadingProfilePicture</b><br>Test class: BAE_ROAD_TESTCASES.ProfilePage_BaeRoad</td>
<td></td>
<td>41</td>
<td>BAE_ROAD_TESTCASES.ProfilePage_BaeRoad@e1de817</td></tr>
<tr>
<td title='BAE_ROAD_TESTCASES.HomePage_BaeRoad.ValidHomePageFollowersUI()'><b>ValidHomePageFollowersUI</b><br>Test class: BAE_ROAD_TESTCASES.HomePage_BaeRoad</td>
<td></td>
<td>7</td>
<td>BAE_ROAD_TESTCASES.HomePage_BaeRoad@78ffe6dc</td></tr>
<tr>
<td title='BAE_ROAD_TESTCASES.HomePage_BaeRoad.ValidHomePageFollowingUI()'><b>ValidHomePageFollowingUI</b><br>Test class: BAE_ROAD_TESTCASES.HomePage_BaeRoad</td>
<td></td>
<td>10</td>
<td>BAE_ROAD_TESTCASES.HomePage_BaeRoad@78ffe6dc</td></tr>
<tr>
<td title='BAE_ROAD_TESTCASES.HomePage_BaeRoad.ValidHomePageSearchBoxFunctionalityTesting()'><b>ValidHomePageSearchBoxFunctionalityTesting</b><br>Test class: BAE_ROAD_TESTCASES.HomePage_BaeRoad</td>
<td></td>
<td>3</td>
<td>BAE_ROAD_TESTCASES.HomePage_BaeRoad@78ffe6dc</td></tr>
<tr>
<td title='BAE_ROAD_TESTCASES.LoginPage_BaeRoad.ValidUserNameBlankPss()'><b>ValidUserNameBlankPss</b><br>Test class: BAE_ROAD_TESTCASES.LoginPage_BaeRoad</td>
<td></td>
<td>2</td>
<td>BAE_ROAD_TESTCASES.LoginPage_BaeRoad@6a03bcb1</td></tr>
<tr>
<td title='BAE_ROAD_TESTCASES.LoginPage_BaeRoad.ValidUserNameInvalidPss()'><b>ValidUserNameInvalidPss</b><br>Test class: BAE_ROAD_TESTCASES.LoginPage_BaeRoad</td>
<td></td>
<td>2</td>
<td>BAE_ROAD_TESTCASES.LoginPage_BaeRoad@6a03bcb1</td></tr>
<tr>
<td title='BAE_ROAD_TESTCASES.LoginPage_BaeRoad.VerifyValidChangeForgotPassword()'><b>VerifyValidChangeForgotPassword</b><br>Test class: BAE_ROAD_TESTCASES.LoginPage_BaeRoad</td>
<td></td>
<td>0</td>
<td>BAE_ROAD_TESTCASES.LoginPage_BaeRoad@6a03bcb1</td></tr>
<tr>
<td title='BAE_ROAD_TESTCASES.ProfilePage_BaeRoad.VerifyingFollowersTipSendbuttonStatusTest()'><b>VerifyingFollowersTipSendbuttonStatusTest</b><br>Test class: BAE_ROAD_TESTCASES.ProfilePage_BaeRoad</td>
<td></td>
<td>7</td>
<td>BAE_ROAD_TESTCASES.ProfilePage_BaeRoad@e1de817</td></tr>
<tr>
<td title='BAE_ROAD_TESTCASES.ProfilePage_BaeRoad.VerifyingFollowersTipSendingOption()'><b>VerifyingFollowersTipSendingOption</b><br>Test class: BAE_ROAD_TESTCASES.ProfilePage_BaeRoad</td>
<td></td>
<td>12</td>
<td>BAE_ROAD_TESTCASES.ProfilePage_BaeRoad@e1de817</td></tr>
<tr>
<td title='BAE_ROAD_TESTCASES.LoginPage_BaeRoad.VerifyinvalidChangeForgotPassword()'><b>VerifyinvalidChangeForgotPassword</b><br>Test class: BAE_ROAD_TESTCASES.LoginPage_BaeRoad</td>
<td></td>
<td>3</td>
<td>BAE_ROAD_TESTCASES.LoginPage_BaeRoad@6a03bcb1</td></tr>
</table><p>
</body>
</html>