<?xml version="1.0" encoding="UTF-8"?>
<!-- Generated by org.testng.reporters.JUnitXMLReporter -->
<testsuite ignored="1" hostname="DESKTOP-5PGD9M5" failures="1" tests="5" name="PurchasesPageTest BaeRoad" time="112.622" errors="0" timestamp="2020-08-05T12:07:14 IST">
  <testcase classname="BAE_ROAD_TESTCASES.PurchasePage_BaeRoad" name="SuccefulLogin" time="0.601"/>
  <testcase classname="BAE_ROAD_TESTCASES.PurchasePage_BaeRoad" name="PurcahsePagePostProfileNameTest" time="5.396"/>
  <testcase classname="BAE_ROAD_TESTCASES.PurchasePage_BaeRoad" name="PurcahsePagePostProfilefeedValidation" time="5.458">
    <failure type="java.lang.AssertionError" message="expected [Paid] but found [feed]">
      <![CDATA[java.lang.AssertionError: expected [Paid] but found [feed]
at BAE_ROAD_TESTCASES.PurchasePage_BaeRoad.PurcahsePagePostProfilefeedValidation(PurchasePage_BaeRoad.java:54)
at java.base/java.util.ArrayList.forEach(ArrayList.java:1540)
... Removed 32 stack frames]]>
    </failure>
  </testcase> <!-- PurcahsePagePostProfilefeedValidation -->
  <testcase classname="BAE_ROAD_TESTCASES.PurchasePage_BaeRoad" name="PurcahsePagePostProfileMoneyValidation" time="6.422"/>
  <testcase classname="BAE_ROAD_TESTCASES.PurchasePage_BaeRoad" name="PurcahsePagePostProfilePostTextValidation" time="5.975"/>
  <testcase classname="BAE_ROAD_TESTCASES.PurchasePage_BaeRoad" name="AccountsPageEarningOptionRecentEarningsValidation" time="0.0">
    <ignored/>
  </testcase> <!-- AccountsPageEarningOptionRecentEarningsValidation -->
</testsuite> <!-- PurchasesPageTest BaeRoad -->
