<?xml version="1.0" encoding="UTF-8"?>
<!-- Generated by org.testng.reporters.JUnitXMLReporter -->
<testsuite ignored="15" hostname="DESKTOP-5PGD9M5" failures="1" tests="2" name="MessagePageTest BaeRoad(failed)(failed)(failed)" time="80.283" errors="0" timestamp="2020-07-05T14:42:57 IST">
  <testcase classname="BAE_ROAD_TESTCASES.MessagePage_BaeRoad" name="MessageOptionMessageDeleteForMePostFunctionalityTest" time="14.171"/>
  <testcase classname="BAE_ROAD_TESTCASES.MessagePage_BaeRoad" name="MessageOptionMessageDeleteCancelPostFunctionalityTest" time="13.623">
    <failure type="org.openqa.selenium.ElementNotInteractableException" message="element not interactable
  (Session info: chrome=83.0.4103.116)
Build info: version: &amp;apos;3.141.59&amp;apos;, revision: &amp;apos;e82be7d358&amp;apos;, time: &amp;apos;2018-11-14T08:25:48&amp;apos;
System info: host: &amp;apos;DESKTOP-5PGD9M5&amp;apos;, ip: &amp;apos;192.168.43.181&amp;apos;, os.name: &amp;apos;Windows 10&amp;apos;, os.arch: &amp;apos;amd64&amp;apos;, os.version: &amp;apos;10.0&amp;apos;, java.version: &amp;apos;11.0.2&amp;apos;
Driver info: org.openqa.selenium.chrome.ChromeDriver
Capabilities {acceptInsecureCerts: false, browserName: chrome, browserVersion: 83.0.4103.116, chrome: {chromedriverVersion: 83.0.4103.14 (be04594a2b841..., userDataDir: C:\Users\MENINB~1\AppData\L...}, goog:chromeOptions: {debuggerAddress: localhost:59384}, javascriptEnabled: true, networkConnectionEnabled: false, pageLoadStrategy: normal, platform: WINDOWS, platformName: WINDOWS, proxy: Proxy(), setWindowRect: true, strictFileInteractability: false, timeouts: {implicit: 0, pageLoad: 300000, script: 30000}, unhandledPromptBehavior: dismiss and notify, webauthn:virtualAuthenticators: true}
Session ID: 0373e3d776edff146e7e9d2170bc53a2">
      <![CDATA[org.openqa.selenium.ElementNotInteractableException: element not interactable
  (Session info: chrome=83.0.4103.116)
Build info: version: '3.141.59', revision: 'e82be7d358', time: '2018-11-14T08:25:48'
System info: host: 'DESKTOP-5PGD9M5', ip: '192.168.43.181', os.name: 'Windows 10', os.arch: 'amd64', os.version: '10.0', java.version: '11.0.2'
Driver info: org.openqa.selenium.chrome.ChromeDriver
Capabilities {acceptInsecureCerts: false, browserName: chrome, browserVersion: 83.0.4103.116, chrome: {chromedriverVersion: 83.0.4103.14 (be04594a2b841..., userDataDir: C:\Users\MENINB~1\AppData\L...}, goog:chromeOptions: {debuggerAddress: localhost:59384}, javascriptEnabled: true, networkConnectionEnabled: false, pageLoadStrategy: normal, platform: WINDOWS, platformName: WINDOWS, proxy: Proxy(), setWindowRect: true, strictFileInteractability: false, timeouts: {implicit: 0, pageLoad: 300000, script: 30000}, unhandledPromptBehavior: dismiss and notify, webauthn:virtualAuthenticators: true}
Session ID: 0373e3d776edff146e7e9d2170bc53a2
at org.openqa.selenium.remote.http.W3CHttpResponseCodec.createException(W3CHttpResponseCodec.java:187)
at org.openqa.selenium.remote.http.W3CHttpResponseCodec.decode(W3CHttpResponseCodec.java:122)
at org.openqa.selenium.remote.http.W3CHttpResponseCodec.decode(W3CHttpResponseCodec.java:49)
at org.openqa.selenium.remote.HttpCommandExecutor.execute(HttpCommandExecutor.java:158)
at org.openqa.selenium.remote.service.DriverCommandExecutor.execute(DriverCommandExecutor.java:83)
at org.openqa.selenium.remote.RemoteWebDriver.execute(RemoteWebDriver.java:552)
at org.openqa.selenium.remote.RemoteWebElement.execute(RemoteWebElement.java:285)
at org.openqa.selenium.remote.RemoteWebElement.click(RemoteWebElement.java:84)
at org.openqa.selenium.support.pagefactory.internal.LocatingElementHandler.invoke(LocatingElementHandler.java:51)
at com.sun.proxy.$Proxy12.click(Unknown Source)
at BAE_ROAD_TESTCASES.MessagePage_BaeRoad.MessageOptionMessageDeleteCancelPostFunctionalityTest(MessagePage_BaeRoad.java:326)
at java.base/java.util.ArrayList.forEach(ArrayList.java:1540)
... Removed 35 stack frames]]>
    </failure>
  </testcase> <!-- MessageOptionMessageDeleteCancelPostFunctionalityTest -->
  <testcase classname="BAE_ROAD_TESTCASES.MessagePage_BaeRoad" name="MessageOptionMessageConversationDeleteFunctionalityTest" time="0.0">
    <ignored/>
  </testcase> <!-- MessageOptionMessageConversationDeleteFunctionalityTest -->
  <testcase classname="BAE_ROAD_TESTCASES.MessagePage_BaeRoad" name="MessageOptionInfluencerFollowerTipOptionFunctionalityTest" time="0.0">
    <ignored/>
  </testcase> <!-- MessageOptionInfluencerFollowerTipOptionFunctionalityTest -->
  <testcase classname="BAE_ROAD_TESTCASES.MessagePage_BaeRoad" name="SuccefulLogin" time="0.0">
    <ignored/>
  </testcase> <!-- SuccefulLogin -->
  <testcase classname="BAE_ROAD_TESTCASES.MessagePage_BaeRoad" name="MessageOptionMessageFreePhotoOrVideoUploadPostFunctionalityTest" time="0.0">
    <ignored/>
  </testcase> <!-- MessageOptionMessageFreePhotoOrVideoUploadPostFunctionalityTest -->
  <testcase classname="BAE_ROAD_TESTCASES.MessagePage_BaeRoad" name="MessageOptionInvalidSearchBoxFunctionalityTest" time="0.0">
    <ignored/>
  </testcase> <!-- MessageOptionInvalidSearchBoxFunctionalityTest -->
  <testcase classname="BAE_ROAD_TESTCASES.MessagePage_BaeRoad" name="MessageOptionMessagePaidWritePostFunctionalityTest" time="0.0">
    <ignored/>
  </testcase> <!-- MessageOptionMessagePaidWritePostFunctionalityTest -->
  <testcase classname="BAE_ROAD_TESTCASES.MessagePage_BaeRoad" name="MessageOptionMessageEmptyPhotoOrVideoUploadPostFunctionalityTest" time="0.0">
    <ignored/>
  </testcase> <!-- MessageOptionMessageEmptyPhotoOrVideoUploadPostFunctionalityTest -->
  <testcase classname="BAE_ROAD_TESTCASES.MessagePage_BaeRoad" name="MessageOptionMessageDeleteForEveryOnePostFunctionalityTest" time="0.0">
    <ignored/>
  </testcase> <!-- MessageOptionMessageDeleteForEveryOnePostFunctionalityTest -->
  <testcase classname="BAE_ROAD_TESTCASES.MessagePage_BaeRoad" name="MessageOptionMessagePaidPhotoOrVideoUploadPostFunctionalityTest" time="0.0">
    <ignored/>
  </testcase> <!-- MessageOptionMessagePaidPhotoOrVideoUploadPostFunctionalityTest -->
  <testcase classname="BAE_ROAD_TESTCASES.MessagePage_BaeRoad" name="MessageOptionBroadcastsFunctionalityTest" time="0.0">
    <ignored/>
  </testcase> <!-- MessageOptionBroadcastsFunctionalityTest -->
  <testcase classname="BAE_ROAD_TESTCASES.MessagePage_BaeRoad" name="MessageOptionMessageConversationCancelFunctionalityTest" time="0.0">
    <ignored/>
  </testcase> <!-- MessageOptionMessageConversationCancelFunctionalityTest -->
  <testcase classname="BAE_ROAD_TESTCASES.MessagePage_BaeRoad" name="MessageOptionMessageFreeWritePostFunctionalityTest" time="0.0">
    <ignored/>
  </testcase> <!-- MessageOptionMessageFreeWritePostFunctionalityTest -->
  <testcase classname="BAE_ROAD_TESTCASES.MessagePage_BaeRoad" name="MessageOptionMessageEmptyWritePostFunctionalityTest" time="0.0">
    <ignored/>
  </testcase> <!-- MessageOptionMessageEmptyWritePostFunctionalityTest -->
  <testcase classname="BAE_ROAD_TESTCASES.MessagePage_BaeRoad" name="MessageOptionSearchBoxFunctionalityTest" time="0.0">
    <ignored/>
  </testcase> <!-- MessageOptionSearchBoxFunctionalityTest -->
  <testcase classname="BAE_ROAD_TESTCASES.MessagePage_BaeRoad" name="MessageOptionMessageSendingFunctionalityTest" time="0.0">
    <ignored/>
  </testcase> <!-- MessageOptionMessageSendingFunctionalityTest -->
</testsuite> <!-- MessagePageTest BaeRoad(failed)(failed)(failed) -->
