<?xml version="1.0" encoding="UTF-8"?>
<!-- Generated by org.testng.reporters.JUnitXMLReporter -->
<testsuite ignored="54" hostname="DESKTOP-5PGD9M5" failures="1" tests="2" name="AccountsPageTest BaeRoad(failed)(failed)" time="160.213" errors="0" timestamp="2020-08-03T12:04:32 IST">
  <testcase classname="BAE_ROAD_TESTCASES.AccountsPage_BaeRoad" name="AccountsPageMessgeOptionpaidUploadPost" time="38.7">
    <failure type="org.openqa.selenium.ElementClickInterceptedException" message="element click intercepted: Element &amp;lt;div class=&amp;quot;MuiInputBase-root-52 MuiOutlinedInput-root-40&amp;quot; style=&amp;quot;border-radius: 10px; margin-right: 10px;&amp;quot;&amp;gt;...&amp;lt;/div&amp;gt; is not clickable at point (420, 438). Other element would receive the click: &amp;lt;canvas width=&amp;quot;640&amp;quot; height=&amp;quot;480&amp;quot; style=&amp;quot;width: 640px; height: 480px; transform: translate(0px, -76px);&amp;quot;&amp;gt;&amp;lt;/canvas&amp;gt;
  (Session info: chrome=84.0.4147.105)
Build info: version: &amp;apos;3.141.59&amp;apos;, revision: &amp;apos;e82be7d358&amp;apos;, time: &amp;apos;2018-11-14T08:25:48&amp;apos;
System info: host: &amp;apos;DESKTOP-5PGD9M5&amp;apos;, ip: &amp;apos;192.168.43.181&amp;apos;, os.name: &amp;apos;Windows 10&amp;apos;, os.arch: &amp;apos;amd64&amp;apos;, os.version: &amp;apos;10.0&amp;apos;, java.version: &amp;apos;11.0.2&amp;apos;
Driver info: org.openqa.selenium.chrome.ChromeDriver
Capabilities {acceptInsecureCerts: false, browserName: chrome, browserVersion: 84.0.4147.105, chrome: {chromedriverVersion: 83.0.4103.14 (be04594a2b841..., userDataDir: C:\Users\MENINB~1\AppData\L...}, goog:chromeOptions: {debuggerAddress: localhost:56584}, javascriptEnabled: true, networkConnectionEnabled: false, pageLoadStrategy: normal, platform: WINDOWS, platformName: WINDOWS, proxy: Proxy(), setWindowRect: true, strictFileInteractability: false, timeouts: {implicit: 0, pageLoad: 300000, script: 30000}, unhandledPromptBehavior: dismiss and notify, webauthn:virtualAuthenticators: true}
Session ID: d0f73f294c16ae6bb5e3740ab9727958">
      <![CDATA[org.openqa.selenium.ElementClickInterceptedException: element click intercepted: Element <div class="MuiInputBase-root-52 MuiOutlinedInput-root-40" style="border-radius: 10px; margin-right: 10px;">...</div> is not clickable at point (420, 438). Other element would receive the click: <canvas width="640" height="480" style="width: 640px; height: 480px; transform: translate(0px, -76px);"></canvas>
  (Session info: chrome=84.0.4147.105)
Build info: version: '3.141.59', revision: 'e82be7d358', time: '2018-11-14T08:25:48'
System info: host: 'DESKTOP-5PGD9M5', ip: '192.168.43.181', os.name: 'Windows 10', os.arch: 'amd64', os.version: '10.0', java.version: '11.0.2'
Driver info: org.openqa.selenium.chrome.ChromeDriver
Capabilities {acceptInsecureCerts: false, browserName: chrome, browserVersion: 84.0.4147.105, chrome: {chromedriverVersion: 83.0.4103.14 (be04594a2b841..., userDataDir: C:\Users\MENINB~1\AppData\L...}, goog:chromeOptions: {debuggerAddress: localhost:56584}, javascriptEnabled: true, networkConnectionEnabled: false, pageLoadStrategy: normal, platform: WINDOWS, platformName: WINDOWS, proxy: Proxy(), setWindowRect: true, strictFileInteractability: false, timeouts: {implicit: 0, pageLoad: 300000, script: 30000}, unhandledPromptBehavior: dismiss and notify, webauthn:virtualAuthenticators: true}
Session ID: d0f73f294c16ae6bb5e3740ab9727958
at org.openqa.selenium.remote.http.W3CHttpResponseCodec.createException(W3CHttpResponseCodec.java:187)
at org.openqa.selenium.remote.http.W3CHttpResponseCodec.decode(W3CHttpResponseCodec.java:122)
at org.openqa.selenium.remote.http.W3CHttpResponseCodec.decode(W3CHttpResponseCodec.java:49)
at org.openqa.selenium.remote.HttpCommandExecutor.execute(HttpCommandExecutor.java:158)
at org.openqa.selenium.remote.service.DriverCommandExecutor.execute(DriverCommandExecutor.java:83)
at org.openqa.selenium.remote.RemoteWebDriver.execute(RemoteWebDriver.java:552)
at org.openqa.selenium.remote.RemoteWebElement.execute(RemoteWebElement.java:285)
at org.openqa.selenium.remote.RemoteWebElement.click(RemoteWebElement.java:84)
at org.openqa.selenium.support.pagefactory.internal.LocatingElementHandler.invoke(LocatingElementHandler.java:51)
at com.sun.proxy.$Proxy12.click(Unknown Source)
at BAE_ROAD_TESTCASES.AccountsPage_BaeRoad.AccountsPageMessgeOptionpaidUploadPost(AccountsPage_BaeRoad.java:195)
at java.base/java.util.ArrayList.forEach(ArrayList.java:1540)
... Removed 35 stack frames]]>
    </failure>
  </testcase> <!-- AccountsPageMessgeOptionpaidUploadPost -->
  <testcase classname="BAE_ROAD_TESTCASES.AccountsPage_BaeRoad" name="AccountsPagepaymentOptionAddInvalidCardValidCvvExpDateZipTest" time="36.782"/>
  <testcase classname="BAE_ROAD_TESTCASES.AccountsPage_BaeRoad" name="AccountsPageProfileOptionPrivacyPrivateOptionTest" time="0.0">
    <ignored/>
  </testcase> <!-- AccountsPageProfileOptionPrivacyPrivateOptionTest -->
  <testcase classname="BAE_ROAD_TESTCASES.AccountsPage_BaeRoad" name="AccountsPagePaymentOptionRecentSpendingsValidation" time="0.0">
    <ignored/>
  </testcase> <!-- AccountsPagePaymentOptionRecentSpendingsValidation -->
  <testcase classname="BAE_ROAD_TESTCASES.AccountsPage_BaeRoad" name="AccountsPagepaymentOptionAddedCardDeletionTest" time="0.0">
    <ignored/>
  </testcase> <!-- AccountsPagepaymentOptionAddedCardDeletionTest -->
  <testcase classname="BAE_ROAD_TESTCASES.AccountsPage_BaeRoad" name="AccountsPageChangePasswordOptionValidOldBlankNewValidConfirmPssTest" time="0.0">
    <ignored/>
  </testcase> <!-- AccountsPageChangePasswordOptionValidOldBlankNewValidConfirmPssTest -->
  <testcase classname="BAE_ROAD_TESTCASES.AccountsPage_BaeRoad" name="AccountsPageProfileOptionSaveButtonTest" time="0.0">
    <ignored/>
  </testcase> <!-- AccountsPageProfileOptionSaveButtonTest -->
  <testcase classname="BAE_ROAD_TESTCASES.AccountsPage_BaeRoad" name="AccountsPageLogOutOptionTest" time="0.0">
    <ignored/>
  </testcase> <!-- AccountsPageLogOutOptionTest -->
  <testcase classname="BAE_ROAD_TESTCASES.AccountsPage_BaeRoad" name="AccountsPageProfileOptionValidProfileTest" time="0.0">
    <ignored/>
  </testcase> <!-- AccountsPageProfileOptionValidProfileTest -->
  <testcase classname="BAE_ROAD_TESTCASES.AccountsPage_BaeRoad" name="AccountsPageChangePasswordOptionInvalidChangepssTest" time="0.0">
    <ignored/>
  </testcase> <!-- AccountsPageChangePasswordOptionInvalidChangepssTest -->
  <testcase classname="BAE_ROAD_TESTCASES.AccountsPage_BaeRoad" name="AccountsPageSupportOptionSendButtonTest" time="0.0">
    <ignored/>
  </testcase> <!-- AccountsPageSupportOptionSendButtonTest -->
  <testcase classname="BAE_ROAD_TESTCASES.AccountsPage_BaeRoad" name="AccountsPageMessgeOptionpaidWritePost" time="0.0">
    <ignored/>
  </testcase> <!-- AccountsPageMessgeOptionpaidWritePost -->
  <testcase classname="BAE_ROAD_TESTCASES.AccountsPage_BaeRoad" name="AccountsPagepaymentOptionAddValidCardinValidCvvValidExpDateTest" time="0.0">
    <ignored/>
  </testcase> <!-- AccountsPagepaymentOptionAddValidCardinValidCvvValidExpDateTest -->
  <testcase classname="BAE_ROAD_TESTCASES.AccountsPage_BaeRoad" name="AccountsPageSupportOptionInvalidBlankSubjectBoxSupportTest" time="0.0">
    <ignored/>
  </testcase> <!-- AccountsPageSupportOptionInvalidBlankSubjectBoxSupportTest -->
  <testcase classname="BAE_ROAD_TESTCASES.AccountsPage_BaeRoad" name="AccountsPageProfileOptionTest" time="0.0">
    <ignored/>
  </testcase> <!-- AccountsPageProfileOptionTest -->
  <testcase classname="BAE_ROAD_TESTCASES.AccountsPage_BaeRoad" name="AccountsPageProfileOptionPrivacyPublicOptionTest" time="0.0">
    <ignored/>
  </testcase> <!-- AccountsPageProfileOptionPrivacyPublicOptionTest -->
  <testcase classname="BAE_ROAD_TESTCASES.AccountsPage_BaeRoad" name="AccountsPageChangePasswordOptionInvalidOldBlankNewBlankConfirmPssTest" time="0.0">
    <ignored/>
  </testcase> <!-- AccountsPageChangePasswordOptionInvalidOldBlankNewBlankConfirmPssTest -->
  <testcase classname="BAE_ROAD_TESTCASES.AccountsPage_BaeRoad" name="AccountsPageProfileOptionBlankFieldsProfileTest" time="0.0">
    <ignored/>
  </testcase> <!-- AccountsPageProfileOptionBlankFieldsProfileTest -->
  <testcase classname="BAE_ROAD_TESTCASES.AccountsPage_BaeRoad" name="AccountsPageSupportOptionValidSupportTest" time="0.0">
    <ignored/>
  </testcase> <!-- AccountsPageSupportOptionValidSupportTest -->
  <testcase classname="BAE_ROAD_TESTCASES.AccountsPage_BaeRoad" name="AccountsPageEarningPageChangeSubscriptionAddNewSubscription" time="0.0">
    <ignored/>
  </testcase> <!-- AccountsPageEarningPageChangeSubscriptionAddNewSubscription -->
  <testcase classname="BAE_ROAD_TESTCASES.AccountsPage_BaeRoad" name="AccountsPageEarningPageSubscriptionPlanEditOptionTest" time="0.0">
    <ignored/>
  </testcase> <!-- AccountsPageEarningPageSubscriptionPlanEditOptionTest -->
  <testcase classname="BAE_ROAD_TESTCASES.AccountsPage_BaeRoad" name="AccountsPageMessgeOptionFreeUploadPost" time="0.0">
    <ignored/>
  </testcase> <!-- AccountsPageMessgeOptionFreeUploadPost -->
  <testcase classname="BAE_ROAD_TESTCASES.AccountsPage_BaeRoad" name="AccountsPageEarningOptionRecentEarningsValidation" time="0.0">
    <ignored/>
  </testcase> <!-- AccountsPageEarningOptionRecentEarningsValidation -->
  <testcase classname="BAE_ROAD_TESTCASES.AccountsPage_BaeRoad" name="AccountsPageEarningPageChangeSubscriptionOptionClick" time="0.0">
    <ignored/>
  </testcase> <!-- AccountsPageEarningPageChangeSubscriptionOptionClick -->
  <testcase classname="BAE_ROAD_TESTCASES.AccountsPage_BaeRoad" name="AccountsPageEarningPageearnSummaryWithdrawnOptionTest" time="0.0">
    <ignored/>
  </testcase> <!-- AccountsPageEarningPageearnSummaryWithdrawnOptionTest -->
  <testcase classname="BAE_ROAD_TESTCASES.AccountsPage_BaeRoad" name="AccountsPageEarningPageSubscriptionPlanMonthValidationTest" time="0.0">
    <ignored/>
  </testcase> <!-- AccountsPageEarningPageSubscriptionPlanMonthValidationTest -->
  <testcase classname="BAE_ROAD_TESTCASES.AccountsPage_BaeRoad" name="AccountsPagepaymentOptionAddValidCardInvaliExpValidCvvZipTest" time="0.0">
    <ignored/>
  </testcase> <!-- AccountsPagepaymentOptionAddValidCardInvaliExpValidCvvZipTest -->
  <testcase classname="BAE_ROAD_TESTCASES.AccountsPage_BaeRoad" name="AccountsPageEarningPageSubscriptionPlanEditoptionUpdateButtonTest" time="0.0">
    <ignored/>
  </testcase> <!-- AccountsPageEarningPageSubscriptionPlanEditoptionUpdateButtonTest -->
  <testcase classname="BAE_ROAD_TESTCASES.AccountsPage_BaeRoad" name="AccountsPageEarningPageSubscriptionPlanAmountTest" time="0.0">
    <ignored/>
  </testcase> <!-- AccountsPageEarningPageSubscriptionPlanAmountTest -->
  <testcase classname="BAE_ROAD_TESTCASES.AccountsPage_BaeRoad" name="AccountsPageMessgeOptionPostDeletion" time="0.0">
    <ignored/>
  </testcase> <!-- AccountsPageMessgeOptionPostDeletion -->
  <testcase classname="BAE_ROAD_TESTCASES.AccountsPage_BaeRoad" name="SuccefulLogin" time="0.0">
    <ignored/>
  </testcase> <!-- SuccefulLogin -->
  <testcase classname="BAE_ROAD_TESTCASES.AccountsPage_BaeRoad" name="AccountsPageChangePasswordOptionValidTest" time="0.0">
    <ignored/>
  </testcase> <!-- AccountsPageChangePasswordOptionValidTest -->
  <testcase classname="BAE_ROAD_TESTCASES.AccountsPage_BaeRoad" name="AccountsPageChangePasswordOptionValidOldValidNewBlankConfirmPssTest" time="0.0">
    <ignored/>
  </testcase> <!-- AccountsPageChangePasswordOptionValidOldValidNewBlankConfirmPssTest -->
  <testcase classname="BAE_ROAD_TESTCASES.AccountsPage_BaeRoad" name="AccountsPageChangePasswordOptionInvalidOldValidNewConfirmPssTest" time="0.0">
    <ignored/>
  </testcase> <!-- AccountsPageChangePasswordOptionInvalidOldValidNewConfirmPssTest -->
  <testcase classname="BAE_ROAD_TESTCASES.AccountsPage_BaeRoad" name="AccountsPageChangePasswordOptionChangePasswordButtonTest" time="0.0">
    <ignored/>
  </testcase> <!-- AccountsPageChangePasswordOptionChangePasswordButtonTest -->
  <testcase classname="BAE_ROAD_TESTCASES.AccountsPage_BaeRoad" name="AccountsPageSupportOptionInvalidBlankSupportTest" time="0.0">
    <ignored/>
  </testcase> <!-- AccountsPageSupportOptionInvalidBlankSupportTest -->
  <testcase classname="BAE_ROAD_TESTCASES.AccountsPage_BaeRoad" name="AccountsPageEarningPageChangeSubscriptionFreeOptionClick" time="0.0">
    <ignored/>
  </testcase> <!-- AccountsPageEarningPageChangeSubscriptionFreeOptionClick -->
  <testcase classname="BAE_ROAD_TESTCASES.AccountsPage_BaeRoad" name="AccountsPageEarningPageSubscriptionPlanEditCancelTest" time="0.0">
    <ignored/>
  </testcase> <!-- AccountsPageEarningPageSubscriptionPlanEditCancelTest -->
  <testcase classname="BAE_ROAD_TESTCASES.AccountsPage_BaeRoad" name="AccountsPageSettingsOptionTest" time="0.0">
    <ignored/>
  </testcase> <!-- AccountsPageSettingsOptionTest -->
  <testcase classname="BAE_ROAD_TESTCASES.AccountsPage_BaeRoad" name="AccountsPagepaymentOptionAddInvalidCardTest" time="0.0">
    <ignored/>
  </testcase> <!-- AccountsPagepaymentOptionAddInvalidCardTest -->
  <testcase classname="BAE_ROAD_TESTCASES.AccountsPage_BaeRoad" name="AccountsPagepaymentOptionAddValidCardTest" time="0.0">
    <ignored/>
  </testcase> <!-- AccountsPagepaymentOptionAddValidCardTest -->
  <testcase classname="BAE_ROAD_TESTCASES.AccountsPage_BaeRoad" name="AccountsPageMessgeOptionFreeWritePost" time="0.0">
    <ignored/>
  </testcase> <!-- AccountsPageMessgeOptionFreeWritePost -->
  <testcase classname="BAE_ROAD_TESTCASES.AccountsPage_BaeRoad" name="AccountsPageChangePasswordOptionValidOldInvalidNewValidConfirmPssTest" time="0.0">
    <ignored/>
  </testcase> <!-- AccountsPageChangePasswordOptionValidOldInvalidNewValidConfirmPssTest -->
  <testcase classname="BAE_ROAD_TESTCASES.AccountsPage_BaeRoad" name="AccountsPageEarningPageChangeSubscriptionPaidOptionClick" time="0.0">
    <ignored/>
  </testcase> <!-- AccountsPageEarningPageChangeSubscriptionPaidOptionClick -->
  <testcase classname="BAE_ROAD_TESTCASES.AccountsPage_BaeRoad" name="AccountsPagepaymentOptionAddMulticardTestTest" time="0.0">
    <ignored/>
  </testcase> <!-- AccountsPagepaymentOptionAddMulticardTestTest -->
  <testcase classname="BAE_ROAD_TESTCASES.AccountsPage_BaeRoad" name="AccountsPageChangePasswordOptionValidOldBlankNewBlankConfirmPssTest" time="0.0">
    <ignored/>
  </testcase> <!-- AccountsPageChangePasswordOptionValidOldBlankNewBlankConfirmPssTest -->
  <testcase classname="BAE_ROAD_TESTCASES.AccountsPage_BaeRoad" name="AccountsPageChangePasswordOptionValidOldAndNewInvalidConfirmPssTest" time="0.0">
    <ignored/>
  </testcase> <!-- AccountsPageChangePasswordOptionValidOldAndNewInvalidConfirmPssTest -->
  <testcase classname="BAE_ROAD_TESTCASES.AccountsPage_BaeRoad" name="AccountsPageMessgeOptionPostDeletionCancel" time="0.0">
    <ignored/>
  </testcase> <!-- AccountsPageMessgeOptionPostDeletionCancel -->
  <testcase classname="BAE_ROAD_TESTCASES.AccountsPage_BaeRoad" name="AccountsPageEarningPageearnSummaryCommssionOptionTest" time="0.0">
    <ignored/>
  </testcase> <!-- AccountsPageEarningPageearnSummaryCommssionOptionTest -->
  <testcase classname="BAE_ROAD_TESTCASES.AccountsPage_BaeRoad" name="AccountsPageEarningPageAddSubscriptionButtonTest" time="0.0">
    <ignored/>
  </testcase> <!-- AccountsPageEarningPageAddSubscriptionButtonTest -->
  <testcase classname="BAE_ROAD_TESTCASES.AccountsPage_BaeRoad" name="AccountsPageSupportOptionInvalidBlankMessageBoxSupportTest" time="0.0">
    <ignored/>
  </testcase> <!-- AccountsPageSupportOptionInvalidBlankMessageBoxSupportTest -->
  <testcase classname="BAE_ROAD_TESTCASES.AccountsPage_BaeRoad" name="AccountsPageMessgeOptionSetMessage" time="0.0">
    <ignored/>
  </testcase> <!-- AccountsPageMessgeOptionSetMessage -->
  <testcase classname="BAE_ROAD_TESTCASES.AccountsPage_BaeRoad" name="AccountsPageEarningPageAddSubscriptionAddButtonTest" time="0.0">
    <ignored/>
  </testcase> <!-- AccountsPageEarningPageAddSubscriptionAddButtonTest -->
  <testcase classname="BAE_ROAD_TESTCASES.AccountsPage_BaeRoad" name="AccountsPageMessgeOptionPostEdit" time="0.0">
    <ignored/>
  </testcase> <!-- AccountsPageMessgeOptionPostEdit -->
  <testcase classname="BAE_ROAD_TESTCASES.AccountsPage_BaeRoad" name="AccountsPageChangePasswordOptionBlankOldValidNewValidConfirmPssTest" time="0.0">
    <ignored/>
  </testcase> <!-- AccountsPageChangePasswordOptionBlankOldValidNewValidConfirmPssTest -->
  <testcase classname="BAE_ROAD_TESTCASES.AccountsPage_BaeRoad" name="AccountsPageMessgeOptionTipmandatoryCheckBoxTest" time="0.0">
    <ignored/>
  </testcase> <!-- AccountsPageMessgeOptionTipmandatoryCheckBoxTest -->
</testsuite> <!-- AccountsPageTest BaeRoad(failed)(failed) -->
