<?xml version="1.0" encoding="UTF-8"?>
<!-- Generated by org.testng.reporters.JUnitXMLReporter -->
<testsuite ignored="22" hostname="DESKTOP-5PGD9M5" failures="1" tests="1" name="HomePageTest BaeRoad(failed)(failed)" time="24.119" errors="0" timestamp="2020-07-12T17:44:55 IST">
  <testcase classname="BAE_ROAD_TESTCASES.HomePage_BaeRoad" name="ValidHomePageFollowingUI" time="7.968">
    <failure type="java.lang.AssertionError" message="expected [15] but found [9]">
      <![CDATA[java.lang.AssertionError: expected [15] but found [9]
at BAE_ROAD_TESTCASES.HomePage_BaeRoad.ValidHomePageFollowingUI(HomePage_BaeRoad.java:257)
at java.base/java.util.ArrayList.forEach(ArrayList.java:1540)
... Removed 32 stack frames]]>
    </failure>
  </testcase> <!-- ValidHomePageFollowingUI -->
  <testcase classname="BAE_ROAD_TESTCASES.HomePage_BaeRoad" name="InvalidHomePageSearchBoxFunctionalityTesting" time="0.0">
    <ignored/>
  </testcase> <!-- InvalidHomePageSearchBoxFunctionalityTesting -->
  <testcase classname="BAE_ROAD_TESTCASES.HomePage_BaeRoad" name="CreateNewPostmultiuploadsTest" time="0.0">
    <ignored/>
  </testcase> <!-- CreateNewPostmultiuploadsTest -->
  <testcase classname="BAE_ROAD_TESTCASES.HomePage_BaeRoad" name="HomePageProfileOptionClickTesting" time="0.0">
    <ignored/>
  </testcase> <!-- HomePageProfileOptionClickTesting -->
  <testcase classname="BAE_ROAD_TESTCASES.HomePage_BaeRoad" name="HomePageCreatedPostDeletion" time="0.0">
    <ignored/>
  </testcase> <!-- HomePageCreatedPostDeletion -->
  <testcase classname="BAE_ROAD_TESTCASES.HomePage_BaeRoad" name="CreateNewPostImages" time="0.0">
    <ignored/>
  </testcase> <!-- CreateNewPostImages -->
  <testcase classname="BAE_ROAD_TESTCASES.HomePage_BaeRoad" name="CreateNewPostWriteTextValidation" time="0.0">
    <ignored/>
  </testcase> <!-- CreateNewPostWriteTextValidation -->
  <testcase classname="BAE_ROAD_TESTCASES.HomePage_BaeRoad" name="HomePageMessageOptionClickTesting" time="0.0">
    <ignored/>
  </testcase> <!-- HomePageMessageOptionClickTesting -->
  <testcase classname="BAE_ROAD_TESTCASES.HomePage_BaeRoad" name="HomePageFollowingOrFollowerNavigateBarCancelTest" time="0.0">
    <ignored/>
  </testcase> <!-- HomePageFollowingOrFollowerNavigateBarCancelTest -->
  <testcase classname="BAE_ROAD_TESTCASES.HomePage_BaeRoad" name="CreatePaidpostWrite" time="0.0">
    <ignored/>
  </testcase> <!-- CreatePaidpostWrite -->
  <testcase classname="BAE_ROAD_TESTCASES.HomePage_BaeRoad" name="ValidHomePageFollowersUI" time="0.0">
    <ignored/>
  </testcase> <!-- ValidHomePageFollowersUI -->
  <testcase classname="BAE_ROAD_TESTCASES.HomePage_BaeRoad" name="InvalidHomePageFollowersUI" time="0.0">
    <ignored/>
  </testcase> <!-- InvalidHomePageFollowersUI -->
  <testcase classname="BAE_ROAD_TESTCASES.HomePage_BaeRoad" name="ValidHomePageSearchBoxFunctionalityTesting" time="0.0">
    <ignored/>
  </testcase> <!-- ValidHomePageSearchBoxFunctionalityTesting -->
  <testcase classname="BAE_ROAD_TESTCASES.HomePage_BaeRoad" name="HomePageNewPostLikeTest" time="0.0">
    <ignored/>
  </testcase> <!-- HomePageNewPostLikeTest -->
  <testcase classname="BAE_ROAD_TESTCASES.HomePage_BaeRoad" name="EmptyCreateNewPostWrite" time="0.0">
    <ignored/>
  </testcase> <!-- EmptyCreateNewPostWrite -->
  <testcase classname="BAE_ROAD_TESTCASES.HomePage_BaeRoad" name="SuccefulLogin" time="0.0">
    <ignored/>
  </testcase> <!-- SuccefulLogin -->
  <testcase classname="BAE_ROAD_TESTCASES.HomePage_BaeRoad" name="HomePageNeePostMessageTest" time="0.0">
    <ignored/>
  </testcase> <!-- HomePageNeePostMessageTest -->
  <testcase classname="BAE_ROAD_TESTCASES.HomePage_BaeRoad" name="HomePageNotifictionsOptionClickTesting" time="0.0">
    <ignored/>
  </testcase> <!-- HomePageNotifictionsOptionClickTesting -->
  <testcase classname="BAE_ROAD_TESTCASES.HomePage_BaeRoad" name="InvalidHomePageFollowingUI" time="0.0">
    <ignored/>
  </testcase> <!-- InvalidHomePageFollowingUI -->
  <testcase classname="BAE_ROAD_TESTCASES.HomePage_BaeRoad" name="HomePageSettingsOptionOptionClickTesting" time="0.0">
    <ignored/>
  </testcase> <!-- HomePageSettingsOptionOptionClickTesting -->
  <testcase classname="BAE_ROAD_TESTCASES.HomePage_BaeRoad" name="HomePagePurchaseOptionClickTesting" time="0.0">
    <ignored/>
  </testcase> <!-- HomePagePurchaseOptionClickTesting -->
  <testcase classname="BAE_ROAD_TESTCASES.HomePage_BaeRoad" name="HomePageCreatedPostEditTest" time="0.0">
    <ignored/>
  </testcase> <!-- HomePageCreatedPostEditTest -->
  <testcase classname="BAE_ROAD_TESTCASES.HomePage_BaeRoad" name="CreateNewPostWrite" time="0.0">
    <ignored/>
  </testcase> <!-- CreateNewPostWrite -->
</testsuite> <!-- HomePageTest BaeRoad(failed)(failed) -->
