<?xml version="1.0" encoding="UTF-8"?>
<!-- Generated by org.testng.reporters.JUnitXMLReporter -->
<testsuite ignored="49" hostname="DESKTOP-5PGD9M5" failures="7" tests="7" name="AccountsPageTest BaeRoad(failed)" time="278.099" errors="0" timestamp="2020-08-05T12:24:07 IST">
  <testcase classname="BAE_ROAD_TESTCASES.AccountsPage_BaeRoad" name="AccountsPageMessgeOptionFreeUploadPost" time="16.477">
    <failure type="org.openqa.selenium.NoSuchElementException" message="no such element: Unable to locate element: {&amp;quot;method&amp;quot;:&amp;quot;xpath&amp;quot;,&amp;quot;selector&amp;quot;:&amp;quot;//div[contains(@class,&amp;apos;add_post_button_wrap&amp;apos;)]/child::button&amp;quot;}
  (Session info: chrome=84.0.4147.105)
For documentation on this error, please visit: https://www.seleniumhq.org/exceptions/no_such_element.html
Build info: version: &amp;apos;3.141.59&amp;apos;, revision: &amp;apos;e82be7d358&amp;apos;, time: &amp;apos;2018-11-14T08:25:48&amp;apos;
System info: host: &amp;apos;DESKTOP-5PGD9M5&amp;apos;, ip: &amp;apos;192.168.43.181&amp;apos;, os.name: &amp;apos;Windows 10&amp;apos;, os.arch: &amp;apos;amd64&amp;apos;, os.version: &amp;apos;10.0&amp;apos;, java.version: &amp;apos;11.0.2&amp;apos;
Driver info: org.openqa.selenium.chrome.ChromeDriver
Capabilities {acceptInsecureCerts: false, browserName: chrome, browserVersion: 84.0.4147.105, chrome: {chromedriverVersion: 83.0.4103.14 (be04594a2b841..., userDataDir: C:\Users\MENINB~1\AppData\L...}, goog:chromeOptions: {debuggerAddress: localhost:52955}, javascriptEnabled: true, networkConnectionEnabled: false, pageLoadStrategy: normal, platform: WINDOWS, platformName: WINDOWS, proxy: Proxy(), setWindowRect: true, strictFileInteractability: false, timeouts: {implicit: 0, pageLoad: 300000, script: 30000}, unhandledPromptBehavior: dismiss and notify, webauthn:virtualAuthenticators: true}
Session ID: 676bc194d1f2f6ea477678eec43db942
*** Element info: {Using=xpath, value=//div[contains(@class,&amp;apos;add_post_button_wrap&amp;apos;)]/child::button}">
      <![CDATA[org.openqa.selenium.NoSuchElementException: no such element: Unable to locate element: {"method":"xpath","selector":"//div[contains(@class,'add_post_button_wrap')]/child::button"}
  (Session info: chrome=84.0.4147.105)
For documentation on this error, please visit: https://www.seleniumhq.org/exceptions/no_such_element.html
Build info: version: '3.141.59', revision: 'e82be7d358', time: '2018-11-14T08:25:48'
System info: host: 'DESKTOP-5PGD9M5', ip: '192.168.43.181', os.name: 'Windows 10', os.arch: 'amd64', os.version: '10.0', java.version: '11.0.2'
Driver info: org.openqa.selenium.chrome.ChromeDriver
Capabilities {acceptInsecureCerts: false, browserName: chrome, browserVersion: 84.0.4147.105, chrome: {chromedriverVersion: 83.0.4103.14 (be04594a2b841..., userDataDir: C:\Users\MENINB~1\AppData\L...}, goog:chromeOptions: {debuggerAddress: localhost:52955}, javascriptEnabled: true, networkConnectionEnabled: false, pageLoadStrategy: normal, platform: WINDOWS, platformName: WINDOWS, proxy: Proxy(), setWindowRect: true, strictFileInteractability: false, timeouts: {implicit: 0, pageLoad: 300000, script: 30000}, unhandledPromptBehavior: dismiss and notify, webauthn:virtualAuthenticators: true}
Session ID: 676bc194d1f2f6ea477678eec43db942
*** Element info: {Using=xpath, value=//div[contains(@class,'add_post_button_wrap')]/child::button}
at org.openqa.selenium.remote.http.W3CHttpResponseCodec.createException(W3CHttpResponseCodec.java:187)
at org.openqa.selenium.remote.http.W3CHttpResponseCodec.decode(W3CHttpResponseCodec.java:122)
at org.openqa.selenium.remote.http.W3CHttpResponseCodec.decode(W3CHttpResponseCodec.java:49)
at org.openqa.selenium.remote.HttpCommandExecutor.execute(HttpCommandExecutor.java:158)
at org.openqa.selenium.remote.service.DriverCommandExecutor.execute(DriverCommandExecutor.java:83)
at org.openqa.selenium.remote.RemoteWebDriver.execute(RemoteWebDriver.java:552)
at org.openqa.selenium.remote.RemoteWebDriver.findElement(RemoteWebDriver.java:323)
at org.openqa.selenium.remote.RemoteWebDriver.findElementByXPath(RemoteWebDriver.java:428)
at org.openqa.selenium.By$ByXPath.findElement(By.java:353)
at org.openqa.selenium.remote.RemoteWebDriver.findElement(RemoteWebDriver.java:315)
at org.openqa.selenium.support.pagefactory.DefaultElementLocator.findElement(DefaultElementLocator.java:69)
at org.openqa.selenium.support.pagefactory.internal.LocatingElementHandler.invoke(LocatingElementHandler.java:38)
at com.sun.proxy.$Proxy12.click(Unknown Source)
at BAE_ROAD_TESTCASES.AccountsPage_BaeRoad.AccountsPageMessgeOptionFreeUploadPost(AccountsPage_BaeRoad.java:140)
at java.base/java.util.ArrayList.forEach(ArrayList.java:1540)
... Removed 31 stack frames]]>
    </failure>
  </testcase> <!-- AccountsPageMessgeOptionFreeUploadPost -->
  <testcase classname="BAE_ROAD_TESTCASES.AccountsPage_BaeRoad" name="AccountsPageMessgeOptionPostEdit" time="15.509">
    <failure type="org.openqa.selenium.NoSuchElementException" message="no such element: Unable to locate element: {&amp;quot;method&amp;quot;:&amp;quot;xpath&amp;quot;,&amp;quot;selector&amp;quot;:&amp;quot;//div[contains(@class,&amp;apos;add_post_button_wrap&amp;apos;)]/child::button&amp;quot;}
  (Session info: chrome=84.0.4147.105)
For documentation on this error, please visit: https://www.seleniumhq.org/exceptions/no_such_element.html
Build info: version: &amp;apos;3.141.59&amp;apos;, revision: &amp;apos;e82be7d358&amp;apos;, time: &amp;apos;2018-11-14T08:25:48&amp;apos;
System info: host: &amp;apos;DESKTOP-5PGD9M5&amp;apos;, ip: &amp;apos;192.168.43.181&amp;apos;, os.name: &amp;apos;Windows 10&amp;apos;, os.arch: &amp;apos;amd64&amp;apos;, os.version: &amp;apos;10.0&amp;apos;, java.version: &amp;apos;11.0.2&amp;apos;
Driver info: org.openqa.selenium.chrome.ChromeDriver
Capabilities {acceptInsecureCerts: false, browserName: chrome, browserVersion: 84.0.4147.105, chrome: {chromedriverVersion: 83.0.4103.14 (be04594a2b841..., userDataDir: C:\Users\MENINB~1\AppData\L...}, goog:chromeOptions: {debuggerAddress: localhost:53089}, javascriptEnabled: true, networkConnectionEnabled: false, pageLoadStrategy: normal, platform: WINDOWS, platformName: WINDOWS, proxy: Proxy(), setWindowRect: true, strictFileInteractability: false, timeouts: {implicit: 0, pageLoad: 300000, script: 30000}, unhandledPromptBehavior: dismiss and notify, webauthn:virtualAuthenticators: true}
Session ID: 677c0dac7146f15a7e99cf54f3555f7b
*** Element info: {Using=xpath, value=//div[contains(@class,&amp;apos;add_post_button_wrap&amp;apos;)]/child::button}">
      <![CDATA[org.openqa.selenium.NoSuchElementException: no such element: Unable to locate element: {"method":"xpath","selector":"//div[contains(@class,'add_post_button_wrap')]/child::button"}
  (Session info: chrome=84.0.4147.105)
For documentation on this error, please visit: https://www.seleniumhq.org/exceptions/no_such_element.html
Build info: version: '3.141.59', revision: 'e82be7d358', time: '2018-11-14T08:25:48'
System info: host: 'DESKTOP-5PGD9M5', ip: '192.168.43.181', os.name: 'Windows 10', os.arch: 'amd64', os.version: '10.0', java.version: '11.0.2'
Driver info: org.openqa.selenium.chrome.ChromeDriver
Capabilities {acceptInsecureCerts: false, browserName: chrome, browserVersion: 84.0.4147.105, chrome: {chromedriverVersion: 83.0.4103.14 (be04594a2b841..., userDataDir: C:\Users\MENINB~1\AppData\L...}, goog:chromeOptions: {debuggerAddress: localhost:53089}, javascriptEnabled: true, networkConnectionEnabled: false, pageLoadStrategy: normal, platform: WINDOWS, platformName: WINDOWS, proxy: Proxy(), setWindowRect: true, strictFileInteractability: false, timeouts: {implicit: 0, pageLoad: 300000, script: 30000}, unhandledPromptBehavior: dismiss and notify, webauthn:virtualAuthenticators: true}
Session ID: 677c0dac7146f15a7e99cf54f3555f7b
*** Element info: {Using=xpath, value=//div[contains(@class,'add_post_button_wrap')]/child::button}
at org.openqa.selenium.remote.http.W3CHttpResponseCodec.createException(W3CHttpResponseCodec.java:187)
at org.openqa.selenium.remote.http.W3CHttpResponseCodec.decode(W3CHttpResponseCodec.java:122)
at org.openqa.selenium.remote.http.W3CHttpResponseCodec.decode(W3CHttpResponseCodec.java:49)
at org.openqa.selenium.remote.HttpCommandExecutor.execute(HttpCommandExecutor.java:158)
at org.openqa.selenium.remote.service.DriverCommandExecutor.execute(DriverCommandExecutor.java:83)
at org.openqa.selenium.remote.RemoteWebDriver.execute(RemoteWebDriver.java:552)
at org.openqa.selenium.remote.RemoteWebDriver.findElement(RemoteWebDriver.java:323)
at org.openqa.selenium.remote.RemoteWebDriver.findElementByXPath(RemoteWebDriver.java:428)
at org.openqa.selenium.By$ByXPath.findElement(By.java:353)
at org.openqa.selenium.remote.RemoteWebDriver.findElement(RemoteWebDriver.java:315)
at org.openqa.selenium.support.pagefactory.DefaultElementLocator.findElement(DefaultElementLocator.java:69)
at org.openqa.selenium.support.pagefactory.internal.LocatingElementHandler.invoke(LocatingElementHandler.java:38)
at com.sun.proxy.$Proxy12.click(Unknown Source)
at BAE_ROAD_TESTCASES.AccountsPage_BaeRoad.AccountsPageMessgeOptionPostEdit(AccountsPage_BaeRoad.java:232)
at java.base/java.util.ArrayList.forEach(ArrayList.java:1540)
... Removed 31 stack frames]]>
    </failure>
  </testcase> <!-- AccountsPageMessgeOptionPostEdit -->
  <testcase classname="BAE_ROAD_TESTCASES.AccountsPage_BaeRoad" name="AccountsPagepaymentOptionAddValidCardTest" time="26.585">
    <failure type="org.openqa.selenium.NoSuchElementException" message="no such element: Unable to locate element: {&amp;quot;method&amp;quot;:&amp;quot;xpath&amp;quot;,&amp;quot;selector&amp;quot;:&amp;quot;//div[@class=&amp;apos;CardField CardField--ltr&amp;apos;]/child::div[2]/span/span/div/div[2]/span/input&amp;quot;}
  (Session info: chrome=84.0.4147.105)
For documentation on this error, please visit: https://www.seleniumhq.org/exceptions/no_such_element.html
Build info: version: &amp;apos;3.141.59&amp;apos;, revision: &amp;apos;e82be7d358&amp;apos;, time: &amp;apos;2018-11-14T08:25:48&amp;apos;
System info: host: &amp;apos;DESKTOP-5PGD9M5&amp;apos;, ip: &amp;apos;192.168.43.181&amp;apos;, os.name: &amp;apos;Windows 10&amp;apos;, os.arch: &amp;apos;amd64&amp;apos;, os.version: &amp;apos;10.0&amp;apos;, java.version: &amp;apos;11.0.2&amp;apos;
Driver info: org.openqa.selenium.chrome.ChromeDriver
Capabilities {acceptInsecureCerts: false, browserName: chrome, browserVersion: 84.0.4147.105, chrome: {chromedriverVersion: 83.0.4103.14 (be04594a2b841..., userDataDir: C:\Users\MENINB~1\AppData\L...}, goog:chromeOptions: {debuggerAddress: localhost:53202}, javascriptEnabled: true, networkConnectionEnabled: false, pageLoadStrategy: normal, platform: WINDOWS, platformName: WINDOWS, proxy: Proxy(), setWindowRect: true, strictFileInteractability: false, timeouts: {implicit: 0, pageLoad: 300000, script: 30000}, unhandledPromptBehavior: dismiss and notify, webauthn:virtualAuthenticators: true}
Session ID: b6bffcfcf66dfc3d725504fefb2a8777
*** Element info: {Using=xpath, value=//div[@class=&amp;apos;CardField CardField--ltr&amp;apos;]/child::div[2]/span/span/div/div[2]/span/input}">
      <![CDATA[org.openqa.selenium.NoSuchElementException: no such element: Unable to locate element: {"method":"xpath","selector":"//div[@class='CardField CardField--ltr']/child::div[2]/span/span/div/div[2]/span/input"}
  (Session info: chrome=84.0.4147.105)
For documentation on this error, please visit: https://www.seleniumhq.org/exceptions/no_such_element.html
Build info: version: '3.141.59', revision: 'e82be7d358', time: '2018-11-14T08:25:48'
System info: host: 'DESKTOP-5PGD9M5', ip: '192.168.43.181', os.name: 'Windows 10', os.arch: 'amd64', os.version: '10.0', java.version: '11.0.2'
Driver info: org.openqa.selenium.chrome.ChromeDriver
Capabilities {acceptInsecureCerts: false, browserName: chrome, browserVersion: 84.0.4147.105, chrome: {chromedriverVersion: 83.0.4103.14 (be04594a2b841..., userDataDir: C:\Users\MENINB~1\AppData\L...}, goog:chromeOptions: {debuggerAddress: localhost:53202}, javascriptEnabled: true, networkConnectionEnabled: false, pageLoadStrategy: normal, platform: WINDOWS, platformName: WINDOWS, proxy: Proxy(), setWindowRect: true, strictFileInteractability: false, timeouts: {implicit: 0, pageLoad: 300000, script: 30000}, unhandledPromptBehavior: dismiss and notify, webauthn:virtualAuthenticators: true}
Session ID: b6bffcfcf66dfc3d725504fefb2a8777
*** Element info: {Using=xpath, value=//div[@class='CardField CardField--ltr']/child::div[2]/span/span/div/div[2]/span/input}
at org.openqa.selenium.remote.http.W3CHttpResponseCodec.createException(W3CHttpResponseCodec.java:187)
at org.openqa.selenium.remote.http.W3CHttpResponseCodec.decode(W3CHttpResponseCodec.java:122)
at org.openqa.selenium.remote.http.W3CHttpResponseCodec.decode(W3CHttpResponseCodec.java:49)
at org.openqa.selenium.remote.HttpCommandExecutor.execute(HttpCommandExecutor.java:158)
at org.openqa.selenium.remote.service.DriverCommandExecutor.execute(DriverCommandExecutor.java:83)
at org.openqa.selenium.remote.RemoteWebDriver.execute(RemoteWebDriver.java:552)
at org.openqa.selenium.remote.RemoteWebDriver.findElement(RemoteWebDriver.java:323)
at org.openqa.selenium.remote.RemoteWebDriver.findElementByXPath(RemoteWebDriver.java:428)
at org.openqa.selenium.By$ByXPath.findElement(By.java:353)
at org.openqa.selenium.remote.RemoteWebDriver.findElement(RemoteWebDriver.java:315)
at org.openqa.selenium.support.pagefactory.DefaultElementLocator.findElement(DefaultElementLocator.java:69)
at org.openqa.selenium.support.pagefactory.internal.LocatingElementHandler.invoke(LocatingElementHandler.java:38)
at com.sun.proxy.$Proxy12.sendKeys(Unknown Source)
at BAE_ROAD_TESTCASES.AccountsPage_BaeRoad.AccountsPagepaymentOptionAddValidCardTest(AccountsPage_BaeRoad.java:1004)
at java.base/java.util.ArrayList.forEach(ArrayList.java:1540)
... Removed 31 stack frames]]>
    </failure>
  </testcase> <!-- AccountsPagepaymentOptionAddValidCardTest -->
  <testcase classname="BAE_ROAD_TESTCASES.AccountsPage_BaeRoad" name="AccountsPagepaymentOptionAddInvalidCardValidCvvExpDateZipTest" time="22.885">
    <failure type="org.openqa.selenium.NoSuchElementException" message="no such element: Unable to locate element: {&amp;quot;method&amp;quot;:&amp;quot;xpath&amp;quot;,&amp;quot;selector&amp;quot;:&amp;quot;//div[@class=&amp;apos;CardField CardField--ltr&amp;apos;]/child::div[2]/span/span/div/div[2]/span/input&amp;quot;}
  (Session info: chrome=84.0.4147.105)
For documentation on this error, please visit: https://www.seleniumhq.org/exceptions/no_such_element.html
Build info: version: &amp;apos;3.141.59&amp;apos;, revision: &amp;apos;e82be7d358&amp;apos;, time: &amp;apos;2018-11-14T08:25:48&amp;apos;
System info: host: &amp;apos;DESKTOP-5PGD9M5&amp;apos;, ip: &amp;apos;192.168.43.181&amp;apos;, os.name: &amp;apos;Windows 10&amp;apos;, os.arch: &amp;apos;amd64&amp;apos;, os.version: &amp;apos;10.0&amp;apos;, java.version: &amp;apos;11.0.2&amp;apos;
Driver info: org.openqa.selenium.chrome.ChromeDriver
Capabilities {acceptInsecureCerts: false, browserName: chrome, browserVersion: 84.0.4147.105, chrome: {chromedriverVersion: 83.0.4103.14 (be04594a2b841..., userDataDir: C:\Users\MENINB~1\AppData\L...}, goog:chromeOptions: {debuggerAddress: localhost:53369}, javascriptEnabled: true, networkConnectionEnabled: false, pageLoadStrategy: normal, platform: WINDOWS, platformName: WINDOWS, proxy: Proxy(), setWindowRect: true, strictFileInteractability: false, timeouts: {implicit: 0, pageLoad: 300000, script: 30000}, unhandledPromptBehavior: dismiss and notify, webauthn:virtualAuthenticators: true}
Session ID: 6c5e5c22b35935e031b0d68138747b23
*** Element info: {Using=xpath, value=//div[@class=&amp;apos;CardField CardField--ltr&amp;apos;]/child::div[2]/span/span/div/div[2]/span/input}">
      <![CDATA[org.openqa.selenium.NoSuchElementException: no such element: Unable to locate element: {"method":"xpath","selector":"//div[@class='CardField CardField--ltr']/child::div[2]/span/span/div/div[2]/span/input"}
  (Session info: chrome=84.0.4147.105)
For documentation on this error, please visit: https://www.seleniumhq.org/exceptions/no_such_element.html
Build info: version: '3.141.59', revision: 'e82be7d358', time: '2018-11-14T08:25:48'
System info: host: 'DESKTOP-5PGD9M5', ip: '192.168.43.181', os.name: 'Windows 10', os.arch: 'amd64', os.version: '10.0', java.version: '11.0.2'
Driver info: org.openqa.selenium.chrome.ChromeDriver
Capabilities {acceptInsecureCerts: false, browserName: chrome, browserVersion: 84.0.4147.105, chrome: {chromedriverVersion: 83.0.4103.14 (be04594a2b841..., userDataDir: C:\Users\MENINB~1\AppData\L...}, goog:chromeOptions: {debuggerAddress: localhost:53369}, javascriptEnabled: true, networkConnectionEnabled: false, pageLoadStrategy: normal, platform: WINDOWS, platformName: WINDOWS, proxy: Proxy(), setWindowRect: true, strictFileInteractability: false, timeouts: {implicit: 0, pageLoad: 300000, script: 30000}, unhandledPromptBehavior: dismiss and notify, webauthn:virtualAuthenticators: true}
Session ID: 6c5e5c22b35935e031b0d68138747b23
*** Element info: {Using=xpath, value=//div[@class='CardField CardField--ltr']/child::div[2]/span/span/div/div[2]/span/input}
at org.openqa.selenium.remote.http.W3CHttpResponseCodec.createException(W3CHttpResponseCodec.java:187)
at org.openqa.selenium.remote.http.W3CHttpResponseCodec.decode(W3CHttpResponseCodec.java:122)
at org.openqa.selenium.remote.http.W3CHttpResponseCodec.decode(W3CHttpResponseCodec.java:49)
at org.openqa.selenium.remote.HttpCommandExecutor.execute(HttpCommandExecutor.java:158)
at org.openqa.selenium.remote.service.DriverCommandExecutor.execute(DriverCommandExecutor.java:83)
at org.openqa.selenium.remote.RemoteWebDriver.execute(RemoteWebDriver.java:552)
at org.openqa.selenium.remote.RemoteWebDriver.findElement(RemoteWebDriver.java:323)
at org.openqa.selenium.remote.RemoteWebDriver.findElementByXPath(RemoteWebDriver.java:428)
at org.openqa.selenium.By$ByXPath.findElement(By.java:353)
at org.openqa.selenium.remote.RemoteWebDriver.findElement(RemoteWebDriver.java:315)
at org.openqa.selenium.support.pagefactory.DefaultElementLocator.findElement(DefaultElementLocator.java:69)
at org.openqa.selenium.support.pagefactory.internal.LocatingElementHandler.invoke(LocatingElementHandler.java:38)
at com.sun.proxy.$Proxy12.sendKeys(Unknown Source)
at BAE_ROAD_TESTCASES.AccountsPage_BaeRoad.AccountsPagepaymentOptionAddInvalidCardValidCvvExpDateZipTest(AccountsPage_BaeRoad.java:1071)
at java.base/java.util.ArrayList.forEach(ArrayList.java:1540)
... Removed 31 stack frames]]>
    </failure>
  </testcase> <!-- AccountsPagepaymentOptionAddInvalidCardValidCvvExpDateZipTest -->
  <testcase classname="BAE_ROAD_TESTCASES.AccountsPage_BaeRoad" name="AccountsPagepaymentOptionAddValidCardinValidCvvValidExpDateTest" time="21.769">
    <failure type="org.openqa.selenium.NoSuchElementException" message="no such element: Unable to locate element: {&amp;quot;method&amp;quot;:&amp;quot;xpath&amp;quot;,&amp;quot;selector&amp;quot;:&amp;quot;//div[@class=&amp;apos;CardField CardField--ltr&amp;apos;]/child::div[2]/span/span/div/div[2]/span/input&amp;quot;}
  (Session info: chrome=84.0.4147.105)
For documentation on this error, please visit: https://www.seleniumhq.org/exceptions/no_such_element.html
Build info: version: &amp;apos;3.141.59&amp;apos;, revision: &amp;apos;e82be7d358&amp;apos;, time: &amp;apos;2018-11-14T08:25:48&amp;apos;
System info: host: &amp;apos;DESKTOP-5PGD9M5&amp;apos;, ip: &amp;apos;192.168.43.181&amp;apos;, os.name: &amp;apos;Windows 10&amp;apos;, os.arch: &amp;apos;amd64&amp;apos;, os.version: &amp;apos;10.0&amp;apos;, java.version: &amp;apos;11.0.2&amp;apos;
Driver info: org.openqa.selenium.chrome.ChromeDriver
Capabilities {acceptInsecureCerts: false, browserName: chrome, browserVersion: 84.0.4147.105, chrome: {chromedriverVersion: 83.0.4103.14 (be04594a2b841..., userDataDir: C:\Users\MENINB~1\AppData\L...}, goog:chromeOptions: {debuggerAddress: localhost:53516}, javascriptEnabled: true, networkConnectionEnabled: false, pageLoadStrategy: normal, platform: WINDOWS, platformName: WINDOWS, proxy: Proxy(), setWindowRect: true, strictFileInteractability: false, timeouts: {implicit: 0, pageLoad: 300000, script: 30000}, unhandledPromptBehavior: dismiss and notify, webauthn:virtualAuthenticators: true}
Session ID: fcd6d642bd9a16145fe7b62a468f6b6c
*** Element info: {Using=xpath, value=//div[@class=&amp;apos;CardField CardField--ltr&amp;apos;]/child::div[2]/span/span/div/div[2]/span/input}">
      <![CDATA[org.openqa.selenium.NoSuchElementException: no such element: Unable to locate element: {"method":"xpath","selector":"//div[@class='CardField CardField--ltr']/child::div[2]/span/span/div/div[2]/span/input"}
  (Session info: chrome=84.0.4147.105)
For documentation on this error, please visit: https://www.seleniumhq.org/exceptions/no_such_element.html
Build info: version: '3.141.59', revision: 'e82be7d358', time: '2018-11-14T08:25:48'
System info: host: 'DESKTOP-5PGD9M5', ip: '192.168.43.181', os.name: 'Windows 10', os.arch: 'amd64', os.version: '10.0', java.version: '11.0.2'
Driver info: org.openqa.selenium.chrome.ChromeDriver
Capabilities {acceptInsecureCerts: false, browserName: chrome, browserVersion: 84.0.4147.105, chrome: {chromedriverVersion: 83.0.4103.14 (be04594a2b841..., userDataDir: C:\Users\MENINB~1\AppData\L...}, goog:chromeOptions: {debuggerAddress: localhost:53516}, javascriptEnabled: true, networkConnectionEnabled: false, pageLoadStrategy: normal, platform: WINDOWS, platformName: WINDOWS, proxy: Proxy(), setWindowRect: true, strictFileInteractability: false, timeouts: {implicit: 0, pageLoad: 300000, script: 30000}, unhandledPromptBehavior: dismiss and notify, webauthn:virtualAuthenticators: true}
Session ID: fcd6d642bd9a16145fe7b62a468f6b6c
*** Element info: {Using=xpath, value=//div[@class='CardField CardField--ltr']/child::div[2]/span/span/div/div[2]/span/input}
at org.openqa.selenium.remote.http.W3CHttpResponseCodec.createException(W3CHttpResponseCodec.java:187)
at org.openqa.selenium.remote.http.W3CHttpResponseCodec.decode(W3CHttpResponseCodec.java:122)
at org.openqa.selenium.remote.http.W3CHttpResponseCodec.decode(W3CHttpResponseCodec.java:49)
at org.openqa.selenium.remote.HttpCommandExecutor.execute(HttpCommandExecutor.java:158)
at org.openqa.selenium.remote.service.DriverCommandExecutor.execute(DriverCommandExecutor.java:83)
at org.openqa.selenium.remote.RemoteWebDriver.execute(RemoteWebDriver.java:552)
at org.openqa.selenium.remote.RemoteWebDriver.findElement(RemoteWebDriver.java:323)
at org.openqa.selenium.remote.RemoteWebDriver.findElementByXPath(RemoteWebDriver.java:428)
at org.openqa.selenium.By$ByXPath.findElement(By.java:353)
at org.openqa.selenium.remote.RemoteWebDriver.findElement(RemoteWebDriver.java:315)
at org.openqa.selenium.support.pagefactory.DefaultElementLocator.findElement(DefaultElementLocator.java:69)
at org.openqa.selenium.support.pagefactory.internal.LocatingElementHandler.invoke(LocatingElementHandler.java:38)
at com.sun.proxy.$Proxy12.sendKeys(Unknown Source)
at BAE_ROAD_TESTCASES.AccountsPage_BaeRoad.AccountsPagepaymentOptionAddValidCardinValidCvvValidExpDateTest(AccountsPage_BaeRoad.java:1102)
at java.base/java.util.ArrayList.forEach(ArrayList.java:1540)
... Removed 31 stack frames]]>
    </failure>
  </testcase> <!-- AccountsPagepaymentOptionAddValidCardinValidCvvValidExpDateTest -->
  <testcase classname="BAE_ROAD_TESTCASES.AccountsPage_BaeRoad" name="AccountsPagepaymentOptionAddValidCardInvaliExpValidCvvZipTest" time="22.315">
    <failure type="org.openqa.selenium.NoSuchElementException" message="no such element: Unable to locate element: {&amp;quot;method&amp;quot;:&amp;quot;xpath&amp;quot;,&amp;quot;selector&amp;quot;:&amp;quot;//div[@class=&amp;apos;CardField CardField--ltr&amp;apos;]/child::div[2]/span/span/div/div[2]/span/input&amp;quot;}
  (Session info: chrome=84.0.4147.105)
For documentation on this error, please visit: https://www.seleniumhq.org/exceptions/no_such_element.html
Build info: version: &amp;apos;3.141.59&amp;apos;, revision: &amp;apos;e82be7d358&amp;apos;, time: &amp;apos;2018-11-14T08:25:48&amp;apos;
System info: host: &amp;apos;DESKTOP-5PGD9M5&amp;apos;, ip: &amp;apos;192.168.43.181&amp;apos;, os.name: &amp;apos;Windows 10&amp;apos;, os.arch: &amp;apos;amd64&amp;apos;, os.version: &amp;apos;10.0&amp;apos;, java.version: &amp;apos;11.0.2&amp;apos;
Driver info: org.openqa.selenium.chrome.ChromeDriver
Capabilities {acceptInsecureCerts: false, browserName: chrome, browserVersion: 84.0.4147.105, chrome: {chromedriverVersion: 83.0.4103.14 (be04594a2b841..., userDataDir: C:\Users\MENINB~1\AppData\L...}, goog:chromeOptions: {debuggerAddress: localhost:53673}, javascriptEnabled: true, networkConnectionEnabled: false, pageLoadStrategy: normal, platform: WINDOWS, platformName: WINDOWS, proxy: Proxy(), setWindowRect: true, strictFileInteractability: false, timeouts: {implicit: 0, pageLoad: 300000, script: 30000}, unhandledPromptBehavior: dismiss and notify, webauthn:virtualAuthenticators: true}
Session ID: 5fee31e26db851300010690ed9225223
*** Element info: {Using=xpath, value=//div[@class=&amp;apos;CardField CardField--ltr&amp;apos;]/child::div[2]/span/span/div/div[2]/span/input}">
      <![CDATA[org.openqa.selenium.NoSuchElementException: no such element: Unable to locate element: {"method":"xpath","selector":"//div[@class='CardField CardField--ltr']/child::div[2]/span/span/div/div[2]/span/input"}
  (Session info: chrome=84.0.4147.105)
For documentation on this error, please visit: https://www.seleniumhq.org/exceptions/no_such_element.html
Build info: version: '3.141.59', revision: 'e82be7d358', time: '2018-11-14T08:25:48'
System info: host: 'DESKTOP-5PGD9M5', ip: '192.168.43.181', os.name: 'Windows 10', os.arch: 'amd64', os.version: '10.0', java.version: '11.0.2'
Driver info: org.openqa.selenium.chrome.ChromeDriver
Capabilities {acceptInsecureCerts: false, browserName: chrome, browserVersion: 84.0.4147.105, chrome: {chromedriverVersion: 83.0.4103.14 (be04594a2b841..., userDataDir: C:\Users\MENINB~1\AppData\L...}, goog:chromeOptions: {debuggerAddress: localhost:53673}, javascriptEnabled: true, networkConnectionEnabled: false, pageLoadStrategy: normal, platform: WINDOWS, platformName: WINDOWS, proxy: Proxy(), setWindowRect: true, strictFileInteractability: false, timeouts: {implicit: 0, pageLoad: 300000, script: 30000}, unhandledPromptBehavior: dismiss and notify, webauthn:virtualAuthenticators: true}
Session ID: 5fee31e26db851300010690ed9225223
*** Element info: {Using=xpath, value=//div[@class='CardField CardField--ltr']/child::div[2]/span/span/div/div[2]/span/input}
at org.openqa.selenium.remote.http.W3CHttpResponseCodec.createException(W3CHttpResponseCodec.java:187)
at org.openqa.selenium.remote.http.W3CHttpResponseCodec.decode(W3CHttpResponseCodec.java:122)
at org.openqa.selenium.remote.http.W3CHttpResponseCodec.decode(W3CHttpResponseCodec.java:49)
at org.openqa.selenium.remote.HttpCommandExecutor.execute(HttpCommandExecutor.java:158)
at org.openqa.selenium.remote.service.DriverCommandExecutor.execute(DriverCommandExecutor.java:83)
at org.openqa.selenium.remote.RemoteWebDriver.execute(RemoteWebDriver.java:552)
at org.openqa.selenium.remote.RemoteWebDriver.findElement(RemoteWebDriver.java:323)
at org.openqa.selenium.remote.RemoteWebDriver.findElementByXPath(RemoteWebDriver.java:428)
at org.openqa.selenium.By$ByXPath.findElement(By.java:353)
at org.openqa.selenium.remote.RemoteWebDriver.findElement(RemoteWebDriver.java:315)
at org.openqa.selenium.support.pagefactory.DefaultElementLocator.findElement(DefaultElementLocator.java:69)
at org.openqa.selenium.support.pagefactory.internal.LocatingElementHandler.invoke(LocatingElementHandler.java:38)
at com.sun.proxy.$Proxy12.sendKeys(Unknown Source)
at BAE_ROAD_TESTCASES.AccountsPage_BaeRoad.AccountsPagepaymentOptionAddValidCardInvaliExpValidCvvZipTest(AccountsPage_BaeRoad.java:1134)
at java.base/java.util.ArrayList.forEach(ArrayList.java:1540)
... Removed 31 stack frames]]>
    </failure>
  </testcase> <!-- AccountsPagepaymentOptionAddValidCardInvaliExpValidCvvZipTest -->
  <testcase classname="BAE_ROAD_TESTCASES.AccountsPage_BaeRoad" name="AccountsPagepaymentOptionAddMulticardTestTest" time="26.381">
    <failure type="org.openqa.selenium.NoSuchElementException" message="no such element: Unable to locate element: {&amp;quot;method&amp;quot;:&amp;quot;xpath&amp;quot;,&amp;quot;selector&amp;quot;:&amp;quot;//div[@class=&amp;apos;CardField CardField--ltr&amp;apos;]/child::div[2]/span/span/div/div[2]/span/input&amp;quot;}
  (Session info: chrome=84.0.4147.105)
For documentation on this error, please visit: https://www.seleniumhq.org/exceptions/no_such_element.html
Build info: version: &amp;apos;3.141.59&amp;apos;, revision: &amp;apos;e82be7d358&amp;apos;, time: &amp;apos;2018-11-14T08:25:48&amp;apos;
System info: host: &amp;apos;DESKTOP-5PGD9M5&amp;apos;, ip: &amp;apos;192.168.43.181&amp;apos;, os.name: &amp;apos;Windows 10&amp;apos;, os.arch: &amp;apos;amd64&amp;apos;, os.version: &amp;apos;10.0&amp;apos;, java.version: &amp;apos;11.0.2&amp;apos;
Driver info: org.openqa.selenium.chrome.ChromeDriver
Capabilities {acceptInsecureCerts: false, browserName: chrome, browserVersion: 84.0.4147.105, chrome: {chromedriverVersion: 83.0.4103.14 (be04594a2b841..., userDataDir: C:\Users\MENINB~1\AppData\L...}, goog:chromeOptions: {debuggerAddress: localhost:53818}, javascriptEnabled: true, networkConnectionEnabled: false, pageLoadStrategy: normal, platform: WINDOWS, platformName: WINDOWS, proxy: Proxy(), setWindowRect: true, strictFileInteractability: false, timeouts: {implicit: 0, pageLoad: 300000, script: 30000}, unhandledPromptBehavior: dismiss and notify, webauthn:virtualAuthenticators: true}
Session ID: 91ef7ad356f624b4cc3de87cc1ff424c
*** Element info: {Using=xpath, value=//div[@class=&amp;apos;CardField CardField--ltr&amp;apos;]/child::div[2]/span/span/div/div[2]/span/input}">
      <![CDATA[org.openqa.selenium.NoSuchElementException: no such element: Unable to locate element: {"method":"xpath","selector":"//div[@class='CardField CardField--ltr']/child::div[2]/span/span/div/div[2]/span/input"}
  (Session info: chrome=84.0.4147.105)
For documentation on this error, please visit: https://www.seleniumhq.org/exceptions/no_such_element.html
Build info: version: '3.141.59', revision: 'e82be7d358', time: '2018-11-14T08:25:48'
System info: host: 'DESKTOP-5PGD9M5', ip: '192.168.43.181', os.name: 'Windows 10', os.arch: 'amd64', os.version: '10.0', java.version: '11.0.2'
Driver info: org.openqa.selenium.chrome.ChromeDriver
Capabilities {acceptInsecureCerts: false, browserName: chrome, browserVersion: 84.0.4147.105, chrome: {chromedriverVersion: 83.0.4103.14 (be04594a2b841..., userDataDir: C:\Users\MENINB~1\AppData\L...}, goog:chromeOptions: {debuggerAddress: localhost:53818}, javascriptEnabled: true, networkConnectionEnabled: false, pageLoadStrategy: normal, platform: WINDOWS, platformName: WINDOWS, proxy: Proxy(), setWindowRect: true, strictFileInteractability: false, timeouts: {implicit: 0, pageLoad: 300000, script: 30000}, unhandledPromptBehavior: dismiss and notify, webauthn:virtualAuthenticators: true}
Session ID: 91ef7ad356f624b4cc3de87cc1ff424c
*** Element info: {Using=xpath, value=//div[@class='CardField CardField--ltr']/child::div[2]/span/span/div/div[2]/span/input}
at org.openqa.selenium.remote.http.W3CHttpResponseCodec.createException(W3CHttpResponseCodec.java:187)
at org.openqa.selenium.remote.http.W3CHttpResponseCodec.decode(W3CHttpResponseCodec.java:122)
at org.openqa.selenium.remote.http.W3CHttpResponseCodec.decode(W3CHttpResponseCodec.java:49)
at org.openqa.selenium.remote.HttpCommandExecutor.execute(HttpCommandExecutor.java:158)
at org.openqa.selenium.remote.service.DriverCommandExecutor.execute(DriverCommandExecutor.java:83)
at org.openqa.selenium.remote.RemoteWebDriver.execute(RemoteWebDriver.java:552)
at org.openqa.selenium.remote.RemoteWebDriver.findElement(RemoteWebDriver.java:323)
at org.openqa.selenium.remote.RemoteWebDriver.findElementByXPath(RemoteWebDriver.java:428)
at org.openqa.selenium.By$ByXPath.findElement(By.java:353)
at org.openqa.selenium.remote.RemoteWebDriver.findElement(RemoteWebDriver.java:315)
at org.openqa.selenium.support.pagefactory.DefaultElementLocator.findElement(DefaultElementLocator.java:69)
at org.openqa.selenium.support.pagefactory.internal.LocatingElementHandler.invoke(LocatingElementHandler.java:38)
at com.sun.proxy.$Proxy12.sendKeys(Unknown Source)
at BAE_ROAD_TESTCASES.AccountsPage_BaeRoad.AccountsPagepaymentOptionAddMulticardTestTest(AccountsPage_BaeRoad.java:1185)
at java.base/java.util.ArrayList.forEach(ArrayList.java:1540)
... Removed 31 stack frames]]>
    </failure>
  </testcase> <!-- AccountsPagepaymentOptionAddMulticardTestTest -->
  <testcase classname="BAE_ROAD_TESTCASES.AccountsPage_BaeRoad" name="AccountsPageProfileOptionPrivacyPrivateOptionTest" time="0.0">
    <ignored/>
  </testcase> <!-- AccountsPageProfileOptionPrivacyPrivateOptionTest -->
  <testcase classname="BAE_ROAD_TESTCASES.AccountsPage_BaeRoad" name="AccountsPagePaymentOptionRecentSpendingsValidation" time="0.0">
    <ignored/>
  </testcase> <!-- AccountsPagePaymentOptionRecentSpendingsValidation -->
  <testcase classname="BAE_ROAD_TESTCASES.AccountsPage_BaeRoad" name="AccountsPagepaymentOptionAddedCardDeletionTest" time="0.0">
    <ignored/>
  </testcase> <!-- AccountsPagepaymentOptionAddedCardDeletionTest -->
  <testcase classname="BAE_ROAD_TESTCASES.AccountsPage_BaeRoad" name="AccountsPageChangePasswordOptionValidOldBlankNewValidConfirmPssTest" time="0.0">
    <ignored/>
  </testcase> <!-- AccountsPageChangePasswordOptionValidOldBlankNewValidConfirmPssTest -->
  <testcase classname="BAE_ROAD_TESTCASES.AccountsPage_BaeRoad" name="AccountsPageMessgeOptionpaidUploadPost" time="0.0">
    <ignored/>
  </testcase> <!-- AccountsPageMessgeOptionpaidUploadPost -->
  <testcase classname="BAE_ROAD_TESTCASES.AccountsPage_BaeRoad" name="AccountsPageProfileOptionSaveButtonTest" time="0.0">
    <ignored/>
  </testcase> <!-- AccountsPageProfileOptionSaveButtonTest -->
  <testcase classname="BAE_ROAD_TESTCASES.AccountsPage_BaeRoad" name="AccountsPageLogOutOptionTest" time="0.0">
    <ignored/>
  </testcase> <!-- AccountsPageLogOutOptionTest -->
  <testcase classname="BAE_ROAD_TESTCASES.AccountsPage_BaeRoad" name="AccountsPageProfileOptionValidProfileTest" time="0.0">
    <ignored/>
  </testcase> <!-- AccountsPageProfileOptionValidProfileTest -->
  <testcase classname="BAE_ROAD_TESTCASES.AccountsPage_BaeRoad" name="AccountsPageChangePasswordOptionInvalidChangepssTest" time="0.0">
    <ignored/>
  </testcase> <!-- AccountsPageChangePasswordOptionInvalidChangepssTest -->
  <testcase classname="BAE_ROAD_TESTCASES.AccountsPage_BaeRoad" name="AccountsPageSupportOptionSendButtonTest" time="0.0">
    <ignored/>
  </testcase> <!-- AccountsPageSupportOptionSendButtonTest -->
  <testcase classname="BAE_ROAD_TESTCASES.AccountsPage_BaeRoad" name="AccountsPageMessgeOptionpaidWritePost" time="0.0">
    <ignored/>
  </testcase> <!-- AccountsPageMessgeOptionpaidWritePost -->
  <testcase classname="BAE_ROAD_TESTCASES.AccountsPage_BaeRoad" name="AccountsPageSupportOptionInvalidBlankSubjectBoxSupportTest" time="0.0">
    <ignored/>
  </testcase> <!-- AccountsPageSupportOptionInvalidBlankSubjectBoxSupportTest -->
  <testcase classname="BAE_ROAD_TESTCASES.AccountsPage_BaeRoad" name="AccountsPageProfileOptionPrivacyPublicOptionTest" time="0.0">
    <ignored/>
  </testcase> <!-- AccountsPageProfileOptionPrivacyPublicOptionTest -->
  <testcase classname="BAE_ROAD_TESTCASES.AccountsPage_BaeRoad" name="AccountsPageProfileOptionTest" time="0.0">
    <ignored/>
  </testcase> <!-- AccountsPageProfileOptionTest -->
  <testcase classname="BAE_ROAD_TESTCASES.AccountsPage_BaeRoad" name="AccountsPageProfileOptionBlankFieldsProfileTest" time="0.0">
    <ignored/>
  </testcase> <!-- AccountsPageProfileOptionBlankFieldsProfileTest -->
  <testcase classname="BAE_ROAD_TESTCASES.AccountsPage_BaeRoad" name="AccountsPageChangePasswordOptionInvalidOldBlankNewBlankConfirmPssTest" time="0.0">
    <ignored/>
  </testcase> <!-- AccountsPageChangePasswordOptionInvalidOldBlankNewBlankConfirmPssTest -->
  <testcase classname="BAE_ROAD_TESTCASES.AccountsPage_BaeRoad" name="AccountsPageSupportOptionValidSupportTest" time="0.0">
    <ignored/>
  </testcase> <!-- AccountsPageSupportOptionValidSupportTest -->
  <testcase classname="BAE_ROAD_TESTCASES.AccountsPage_BaeRoad" name="AccountsPageEarningPageChangeSubscriptionAddNewSubscription" time="0.0">
    <ignored/>
  </testcase> <!-- AccountsPageEarningPageChangeSubscriptionAddNewSubscription -->
  <testcase classname="BAE_ROAD_TESTCASES.AccountsPage_BaeRoad" name="AccountsPageEarningPageSubscriptionPlanEditOptionTest" time="0.0">
    <ignored/>
  </testcase> <!-- AccountsPageEarningPageSubscriptionPlanEditOptionTest -->
  <testcase classname="BAE_ROAD_TESTCASES.AccountsPage_BaeRoad" name="AccountsPageEarningOptionRecentEarningsValidation" time="0.0">
    <ignored/>
  </testcase> <!-- AccountsPageEarningOptionRecentEarningsValidation -->
  <testcase classname="BAE_ROAD_TESTCASES.AccountsPage_BaeRoad" name="AccountsPageEarningPageChangeSubscriptionOptionClick" time="0.0">
    <ignored/>
  </testcase> <!-- AccountsPageEarningPageChangeSubscriptionOptionClick -->
  <testcase classname="BAE_ROAD_TESTCASES.AccountsPage_BaeRoad" name="AccountsPageEarningPageearnSummaryWithdrawnOptionTest" time="0.0">
    <ignored/>
  </testcase> <!-- AccountsPageEarningPageearnSummaryWithdrawnOptionTest -->
  <testcase classname="BAE_ROAD_TESTCASES.AccountsPage_BaeRoad" name="AccountsPageEarningPageSubscriptionPlanMonthValidationTest" time="0.0">
    <ignored/>
  </testcase> <!-- AccountsPageEarningPageSubscriptionPlanMonthValidationTest -->
  <testcase classname="BAE_ROAD_TESTCASES.AccountsPage_BaeRoad" name="AccountsPageEarningPageSubscriptionPlanEditoptionUpdateButtonTest" time="0.0">
    <ignored/>
  </testcase> <!-- AccountsPageEarningPageSubscriptionPlanEditoptionUpdateButtonTest -->
  <testcase classname="BAE_ROAD_TESTCASES.AccountsPage_BaeRoad" name="AccountsPageEarningPageSubscriptionPlanAmountTest" time="0.0">
    <ignored/>
  </testcase> <!-- AccountsPageEarningPageSubscriptionPlanAmountTest -->
  <testcase classname="BAE_ROAD_TESTCASES.AccountsPage_BaeRoad" name="AccountsPageMessgeOptionPostDeletion" time="0.0">
    <ignored/>
  </testcase> <!-- AccountsPageMessgeOptionPostDeletion -->
  <testcase classname="BAE_ROAD_TESTCASES.AccountsPage_BaeRoad" name="SuccefulLogin" time="0.0">
    <ignored/>
  </testcase> <!-- SuccefulLogin -->
  <testcase classname="BAE_ROAD_TESTCASES.AccountsPage_BaeRoad" name="AccountsPageChangePasswordOptionValidTest" time="0.0">
    <ignored/>
  </testcase> <!-- AccountsPageChangePasswordOptionValidTest -->
  <testcase classname="BAE_ROAD_TESTCASES.AccountsPage_BaeRoad" name="AccountsPageChangePasswordOptionValidOldValidNewBlankConfirmPssTest" time="0.0">
    <ignored/>
  </testcase> <!-- AccountsPageChangePasswordOptionValidOldValidNewBlankConfirmPssTest -->
  <testcase classname="BAE_ROAD_TESTCASES.AccountsPage_BaeRoad" name="AccountsPageChangePasswordOptionInvalidOldValidNewConfirmPssTest" time="0.0">
    <ignored/>
  </testcase> <!-- AccountsPageChangePasswordOptionInvalidOldValidNewConfirmPssTest -->
  <testcase classname="BAE_ROAD_TESTCASES.AccountsPage_BaeRoad" name="AccountsPageChangePasswordOptionChangePasswordButtonTest" time="0.0">
    <ignored/>
  </testcase> <!-- AccountsPageChangePasswordOptionChangePasswordButtonTest -->
  <testcase classname="BAE_ROAD_TESTCASES.AccountsPage_BaeRoad" name="AccountsPageSupportOptionInvalidBlankSupportTest" time="0.0">
    <ignored/>
  </testcase> <!-- AccountsPageSupportOptionInvalidBlankSupportTest -->
  <testcase classname="BAE_ROAD_TESTCASES.AccountsPage_BaeRoad" name="AccountsPageEarningPageChangeSubscriptionFreeOptionClick" time="0.0">
    <ignored/>
  </testcase> <!-- AccountsPageEarningPageChangeSubscriptionFreeOptionClick -->
  <testcase classname="BAE_ROAD_TESTCASES.AccountsPage_BaeRoad" name="AccountsPageEarningPageSubscriptionPlanEditCancelTest" time="0.0">
    <ignored/>
  </testcase> <!-- AccountsPageEarningPageSubscriptionPlanEditCancelTest -->
  <testcase classname="BAE_ROAD_TESTCASES.AccountsPage_BaeRoad" name="AccountsPageSettingsOptionTest" time="0.0">
    <ignored/>
  </testcase> <!-- AccountsPageSettingsOptionTest -->
  <testcase classname="BAE_ROAD_TESTCASES.AccountsPage_BaeRoad" name="AccountsPagepaymentOptionAddInvalidCardTest" time="0.0">
    <ignored/>
  </testcase> <!-- AccountsPagepaymentOptionAddInvalidCardTest -->
  <testcase classname="BAE_ROAD_TESTCASES.AccountsPage_BaeRoad" name="AccountsPageMessgeOptionFreeWritePost" time="0.0">
    <ignored/>
  </testcase> <!-- AccountsPageMessgeOptionFreeWritePost -->
  <testcase classname="BAE_ROAD_TESTCASES.AccountsPage_BaeRoad" name="AccountsPageChangePasswordOptionValidOldInvalidNewValidConfirmPssTest" time="0.0">
    <ignored/>
  </testcase> <!-- AccountsPageChangePasswordOptionValidOldInvalidNewValidConfirmPssTest -->
  <testcase classname="BAE_ROAD_TESTCASES.AccountsPage_BaeRoad" name="AccountsPageEarningPageChangeSubscriptionPaidOptionClick" time="0.0">
    <ignored/>
  </testcase> <!-- AccountsPageEarningPageChangeSubscriptionPaidOptionClick -->
  <testcase classname="BAE_ROAD_TESTCASES.AccountsPage_BaeRoad" name="AccountsPageChangePasswordOptionValidOldBlankNewBlankConfirmPssTest" time="0.0">
    <ignored/>
  </testcase> <!-- AccountsPageChangePasswordOptionValidOldBlankNewBlankConfirmPssTest -->
  <testcase classname="BAE_ROAD_TESTCASES.AccountsPage_BaeRoad" name="AccountsPageChangePasswordOptionValidOldAndNewInvalidConfirmPssTest" time="0.0">
    <ignored/>
  </testcase> <!-- AccountsPageChangePasswordOptionValidOldAndNewInvalidConfirmPssTest -->
  <testcase classname="BAE_ROAD_TESTCASES.AccountsPage_BaeRoad" name="AccountsPageMessgeOptionPostDeletionCancel" time="0.0">
    <ignored/>
  </testcase> <!-- AccountsPageMessgeOptionPostDeletionCancel -->
  <testcase classname="BAE_ROAD_TESTCASES.AccountsPage_BaeRoad" name="AccountsPageEarningPageearnSummaryCommssionOptionTest" time="0.0">
    <ignored/>
  </testcase> <!-- AccountsPageEarningPageearnSummaryCommssionOptionTest -->
  <testcase classname="BAE_ROAD_TESTCASES.AccountsPage_BaeRoad" name="AccountsPageEarningPageAddSubscriptionButtonTest" time="0.0">
    <ignored/>
  </testcase> <!-- AccountsPageEarningPageAddSubscriptionButtonTest -->
  <testcase classname="BAE_ROAD_TESTCASES.AccountsPage_BaeRoad" name="AccountsPageSupportOptionInvalidBlankMessageBoxSupportTest" time="0.0">
    <ignored/>
  </testcase> <!-- AccountsPageSupportOptionInvalidBlankMessageBoxSupportTest -->
  <testcase classname="BAE_ROAD_TESTCASES.AccountsPage_BaeRoad" name="AccountsPageMessgeOptionSetMessage" time="0.0">
    <ignored/>
  </testcase> <!-- AccountsPageMessgeOptionSetMessage -->
  <testcase classname="BAE_ROAD_TESTCASES.AccountsPage_BaeRoad" name="AccountsPageEarningPageAddSubscriptionAddButtonTest" time="0.0">
    <ignored/>
  </testcase> <!-- AccountsPageEarningPageAddSubscriptionAddButtonTest -->
  <testcase classname="BAE_ROAD_TESTCASES.AccountsPage_BaeRoad" name="AccountsPageChangePasswordOptionBlankOldValidNewValidConfirmPssTest" time="0.0">
    <ignored/>
  </testcase> <!-- AccountsPageChangePasswordOptionBlankOldValidNewValidConfirmPssTest -->
  <testcase classname="BAE_ROAD_TESTCASES.AccountsPage_BaeRoad" name="AccountsPageMessgeOptionTipmandatoryCheckBoxTest" time="0.0">
    <ignored/>
  </testcase> <!-- AccountsPageMessgeOptionTipmandatoryCheckBoxTest -->
</testsuite> <!-- AccountsPageTest BaeRoad(failed) -->
