<?xml version="1.0" encoding="UTF-8"?>
<!-- Generated by org.testng.reporters.JUnitXMLReporter -->
<testsuite ignored="21" hostname="DESKTOP-5PGD9M5" failures="2" tests="2" name="HomePageTest BaeRoad(failed)" time="213.117" errors="0" timestamp="2020-08-05T12:17:46 IST">
  <testcase classname="BAE_ROAD_TESTCASES.HomePage_BaeRoad" name="CreateNewPostImages" time="85.847">
    <failure type="java.lang.AssertionError" message="expected [Post Cannot be Empty] but found [Post Created]">
      <![CDATA[java.lang.AssertionError: expected [Post Cannot be Empty] but found [Post Created]
at BAE_ROAD_TESTCASES.HomePage_BaeRoad.CreateNewPostImages(HomePage_BaeRoad.java:131)
at java.base/java.util.ArrayList.forEach(ArrayList.java:1540)
... Removed 32 stack frames]]>
    </failure>
  </testcase> <!-- CreateNewPostImages -->
  <testcase classname="BAE_ROAD_TESTCASES.HomePage_BaeRoad" name="HomePageCreatedPostDeletion" time="21.411">
    <failure type="org.openqa.selenium.NoSuchElementException" message="no such element: Unable to locate element: {&amp;quot;method&amp;quot;:&amp;quot;xpath&amp;quot;,&amp;quot;selector&amp;quot;:&amp;quot;//span[contains(text(),&amp;apos;Confirm&amp;apos;)]&amp;quot;}
  (Session info: chrome=84.0.4147.105)
For documentation on this error, please visit: https://www.seleniumhq.org/exceptions/no_such_element.html
Build info: version: &amp;apos;3.141.59&amp;apos;, revision: &amp;apos;e82be7d358&amp;apos;, time: &amp;apos;2018-11-14T08:25:48&amp;apos;
System info: host: &amp;apos;DESKTOP-5PGD9M5&amp;apos;, ip: &amp;apos;192.168.43.181&amp;apos;, os.name: &amp;apos;Windows 10&amp;apos;, os.arch: &amp;apos;amd64&amp;apos;, os.version: &amp;apos;10.0&amp;apos;, java.version: &amp;apos;11.0.2&amp;apos;
Driver info: org.openqa.selenium.chrome.ChromeDriver
Capabilities {acceptInsecureCerts: false, browserName: chrome, browserVersion: 84.0.4147.105, chrome: {chromedriverVersion: 83.0.4103.14 (be04594a2b841..., userDataDir: C:\Users\MENINB~1\AppData\L...}, goog:chromeOptions: {debuggerAddress: localhost:52420}, javascriptEnabled: true, networkConnectionEnabled: false, pageLoadStrategy: normal, platform: WINDOWS, platformName: WINDOWS, proxy: Proxy(), setWindowRect: true, strictFileInteractability: false, timeouts: {implicit: 0, pageLoad: 300000, script: 30000}, unhandledPromptBehavior: dismiss and notify, webauthn:virtualAuthenticators: true}
Session ID: ddbcf2cd56b88cb062cdb67745848e76
*** Element info: {Using=xpath, value=//span[contains(text(),&amp;apos;Confirm&amp;apos;)]}">
      <![CDATA[org.openqa.selenium.NoSuchElementException: no such element: Unable to locate element: {"method":"xpath","selector":"//span[contains(text(),'Confirm')]"}
  (Session info: chrome=84.0.4147.105)
For documentation on this error, please visit: https://www.seleniumhq.org/exceptions/no_such_element.html
Build info: version: '3.141.59', revision: 'e82be7d358', time: '2018-11-14T08:25:48'
System info: host: 'DESKTOP-5PGD9M5', ip: '192.168.43.181', os.name: 'Windows 10', os.arch: 'amd64', os.version: '10.0', java.version: '11.0.2'
Driver info: org.openqa.selenium.chrome.ChromeDriver
Capabilities {acceptInsecureCerts: false, browserName: chrome, browserVersion: 84.0.4147.105, chrome: {chromedriverVersion: 83.0.4103.14 (be04594a2b841..., userDataDir: C:\Users\MENINB~1\AppData\L...}, goog:chromeOptions: {debuggerAddress: localhost:52420}, javascriptEnabled: true, networkConnectionEnabled: false, pageLoadStrategy: normal, platform: WINDOWS, platformName: WINDOWS, proxy: Proxy(), setWindowRect: true, strictFileInteractability: false, timeouts: {implicit: 0, pageLoad: 300000, script: 30000}, unhandledPromptBehavior: dismiss and notify, webauthn:virtualAuthenticators: true}
Session ID: ddbcf2cd56b88cb062cdb67745848e76
*** Element info: {Using=xpath, value=//span[contains(text(),'Confirm')]}
at org.openqa.selenium.remote.http.W3CHttpResponseCodec.createException(W3CHttpResponseCodec.java:187)
at org.openqa.selenium.remote.http.W3CHttpResponseCodec.decode(W3CHttpResponseCodec.java:122)
at org.openqa.selenium.remote.http.W3CHttpResponseCodec.decode(W3CHttpResponseCodec.java:49)
at org.openqa.selenium.remote.HttpCommandExecutor.execute(HttpCommandExecutor.java:158)
at org.openqa.selenium.remote.service.DriverCommandExecutor.execute(DriverCommandExecutor.java:83)
at org.openqa.selenium.remote.RemoteWebDriver.execute(RemoteWebDriver.java:552)
at org.openqa.selenium.remote.RemoteWebDriver.findElement(RemoteWebDriver.java:323)
at org.openqa.selenium.remote.RemoteWebDriver.findElementByXPath(RemoteWebDriver.java:428)
at org.openqa.selenium.By$ByXPath.findElement(By.java:353)
at org.openqa.selenium.remote.RemoteWebDriver.findElement(RemoteWebDriver.java:315)
at org.openqa.selenium.support.pagefactory.DefaultElementLocator.findElement(DefaultElementLocator.java:69)
at org.openqa.selenium.support.pagefactory.internal.LocatingElementHandler.invoke(LocatingElementHandler.java:38)
at com.sun.proxy.$Proxy12.click(Unknown Source)
at BAE_ROAD_TESTCASES.HomePage_BaeRoad.HomePageCreatedPostDeletion(HomePage_BaeRoad.java:380)
at java.base/java.util.ArrayList.forEach(ArrayList.java:1540)
... Removed 31 stack frames]]>
    </failure>
  </testcase> <!-- HomePageCreatedPostDeletion -->
  <testcase classname="BAE_ROAD_TESTCASES.HomePage_BaeRoad" name="InvalidHomePageSearchBoxFunctionalityTesting" time="0.0">
    <ignored/>
  </testcase> <!-- InvalidHomePageSearchBoxFunctionalityTesting -->
  <testcase classname="BAE_ROAD_TESTCASES.HomePage_BaeRoad" name="CreateNewPostmultiuploadsTest" time="0.0">
    <ignored/>
  </testcase> <!-- CreateNewPostmultiuploadsTest -->
  <testcase classname="BAE_ROAD_TESTCASES.HomePage_BaeRoad" name="HomePageProfileOptionClickTesting" time="0.0">
    <ignored/>
  </testcase> <!-- HomePageProfileOptionClickTesting -->
  <testcase classname="BAE_ROAD_TESTCASES.HomePage_BaeRoad" name="CreateNewPostWriteTextValidation" time="0.0">
    <ignored/>
  </testcase> <!-- CreateNewPostWriteTextValidation -->
  <testcase classname="BAE_ROAD_TESTCASES.HomePage_BaeRoad" name="ValidHomePageFollowingUI" time="0.0">
    <ignored/>
  </testcase> <!-- ValidHomePageFollowingUI -->
  <testcase classname="BAE_ROAD_TESTCASES.HomePage_BaeRoad" name="HomePageMessageOptionClickTesting" time="0.0">
    <ignored/>
  </testcase> <!-- HomePageMessageOptionClickTesting -->
  <testcase classname="BAE_ROAD_TESTCASES.HomePage_BaeRoad" name="HomePageFollowingOrFollowerNavigateBarCancelTest" time="0.0">
    <ignored/>
  </testcase> <!-- HomePageFollowingOrFollowerNavigateBarCancelTest -->
  <testcase classname="BAE_ROAD_TESTCASES.HomePage_BaeRoad" name="CreatePaidpostWrite" time="0.0">
    <ignored/>
  </testcase> <!-- CreatePaidpostWrite -->
  <testcase classname="BAE_ROAD_TESTCASES.HomePage_BaeRoad" name="ValidHomePageFollowersUI" time="0.0">
    <ignored/>
  </testcase> <!-- ValidHomePageFollowersUI -->
  <testcase classname="BAE_ROAD_TESTCASES.HomePage_BaeRoad" name="InvalidHomePageFollowersUI" time="0.0">
    <ignored/>
  </testcase> <!-- InvalidHomePageFollowersUI -->
  <testcase classname="BAE_ROAD_TESTCASES.HomePage_BaeRoad" name="ValidHomePageSearchBoxFunctionalityTesting" time="0.0">
    <ignored/>
  </testcase> <!-- ValidHomePageSearchBoxFunctionalityTesting -->
  <testcase classname="BAE_ROAD_TESTCASES.HomePage_BaeRoad" name="HomePageNewPostLikeTest" time="0.0">
    <ignored/>
  </testcase> <!-- HomePageNewPostLikeTest -->
  <testcase classname="BAE_ROAD_TESTCASES.HomePage_BaeRoad" name="EmptyCreateNewPostWrite" time="0.0">
    <ignored/>
  </testcase> <!-- EmptyCreateNewPostWrite -->
  <testcase classname="BAE_ROAD_TESTCASES.HomePage_BaeRoad" name="HomePageNewPostMessageTest" time="0.0">
    <ignored/>
  </testcase> <!-- HomePageNewPostMessageTest -->
  <testcase classname="BAE_ROAD_TESTCASES.HomePage_BaeRoad" name="SuccefulLogin" time="0.0">
    <ignored/>
  </testcase> <!-- SuccefulLogin -->
  <testcase classname="BAE_ROAD_TESTCASES.HomePage_BaeRoad" name="HomePageNotifictionsOptionClickTesting" time="0.0">
    <ignored/>
  </testcase> <!-- HomePageNotifictionsOptionClickTesting -->
  <testcase classname="BAE_ROAD_TESTCASES.HomePage_BaeRoad" name="InvalidHomePageFollowingUI" time="0.0">
    <ignored/>
  </testcase> <!-- InvalidHomePageFollowingUI -->
  <testcase classname="BAE_ROAD_TESTCASES.HomePage_BaeRoad" name="HomePageSettingsOptionOptionClickTesting" time="0.0">
    <ignored/>
  </testcase> <!-- HomePageSettingsOptionOptionClickTesting -->
  <testcase classname="BAE_ROAD_TESTCASES.HomePage_BaeRoad" name="HomePagePurchaseOptionClickTesting" time="0.0">
    <ignored/>
  </testcase> <!-- HomePagePurchaseOptionClickTesting -->
  <testcase classname="BAE_ROAD_TESTCASES.HomePage_BaeRoad" name="HomePageCreatedPostEditTest" time="0.0">
    <ignored/>
  </testcase> <!-- HomePageCreatedPostEditTest -->
  <testcase classname="BAE_ROAD_TESTCASES.HomePage_BaeRoad" name="CreateNewPostWrite" time="0.0">
    <ignored/>
  </testcase> <!-- CreateNewPostWrite -->
</testsuite> <!-- HomePageTest BaeRoad(failed) -->
