<?xml version="1.0" encoding="UTF-8"?>
<!-- Generated by org.testng.reporters.JUnitXMLReporter -->
<testsuite ignored="5" hostname="DESKTOP-5PGD9M5" failures="1" tests="1" name="PurchasesPageTest BaeRoad(failed)" time="20.1" errors="0" timestamp="2020-08-05T12:24:28 IST">
  <testcase classname="BAE_ROAD_TESTCASES.PurchasePage_BaeRoad" name="PurcahsePagePostProfilefeedValidation" time="4.937">
    <failure type="java.lang.AssertionError" message="expected [Paid] but found [feed]">
      <![CDATA[java.lang.AssertionError: expected [Paid] but found [feed]
at BAE_ROAD_TESTCASES.PurchasePage_BaeRoad.PurcahsePagePostProfilefeedValidation(PurchasePage_BaeRoad.java:54)
at java.base/java.util.ArrayList.forEach(ArrayList.java:1540)
... Removed 32 stack frames]]>
    </failure>
  </testcase> <!-- PurcahsePagePostProfilefeedValidation -->
  <testcase classname="BAE_ROAD_TESTCASES.PurchasePage_BaeRoad" name="PurcahsePagePostProfileNameTest" time="0.0">
    <ignored/>
  </testcase> <!-- PurcahsePagePostProfileNameTest -->
  <testcase classname="BAE_ROAD_TESTCASES.PurchasePage_BaeRoad" name="PurcahsePagePostProfileMoneyValidation" time="0.0">
    <ignored/>
  </testcase> <!-- PurcahsePagePostProfileMoneyValidation -->
  <testcase classname="BAE_ROAD_TESTCASES.PurchasePage_BaeRoad" name="AccountsPageEarningOptionRecentEarningsValidation" time="0.0">
    <ignored/>
  </testcase> <!-- AccountsPageEarningOptionRecentEarningsValidation -->
  <testcase classname="BAE_ROAD_TESTCASES.PurchasePage_BaeRoad" name="SuccefulLogin" time="0.0">
    <ignored/>
  </testcase> <!-- SuccefulLogin -->
  <testcase classname="BAE_ROAD_TESTCASES.PurchasePage_BaeRoad" name="PurcahsePagePostProfilePostTextValidation" time="0.0">
    <ignored/>
  </testcase> <!-- PurcahsePagePostProfilePostTextValidation -->
</testsuite> <!-- PurchasesPageTest BaeRoad(failed) -->
